{"E:\\mpp\\spendy-app\\spendy-server\\src\\server.ts": {"path":"E:\\mpp\\spendy-app\\spendy-server\\src\\server.ts","statementMap":{"0":{"start":{"line":1,"column":0},"end":{"line":1,"column":23}},"1":{"start":{"line":2,"column":0},"end":{"line":2,"column":30}},"2":{"start":{"line":3,"column":0},"end":{"line":3,"column":58}},"3":{"start":{"line":4,"column":0},"end":{"line":4,"column":20}},"4":{"start":{"line":5,"column":0},"end":{"line":5,"column":20}},"5":{"start":{"line":6,"column":0},"end":{"line":6,"column":24}},"6":{"start":{"line":7,"column":0},"end":{"line":7,"column":36}},"7":{"start":{"line":8,"column":0},"end":{"line":8,"column":48}},"8":{"start":{"line":9,"column":0},"end":{"line":9,"column":51}},"9":{"start":{"line":10,"column":0},"end":{"line":10,"column":47}},"10":{"start":{"line":11,"column":0},"end":{"line":11,"column":45}},"11":{"start":{"line":12,"column":0},"end":{"line":12,"column":45}},"12":{"start":{"line":13,"column":0},"end":{"line":13,"column":47}},"13":{"start":{"line":14,"column":0},"end":{"line":14,"column":55}},"14":{"start":{"line":15,"column":0},"end":{"line":15,"column":92}},"15":{"start":{"line":16,"column":0},"end":{"line":16,"column":50}},"16":{"start":{"line":18,"column":0},"end":{"line":18,"column":46}},"17":{"start":{"line":19,"column":0},"end":{"line":19,"column":79}},"18":{"start":{"line":20,"column":0},"end":{"line":20,"column":51}},"19":{"start":{"line":22,"column":12},"end":{"line":22,"column":21}},"20":{"start":{"line":23,"column":18},"end":{"line":23,"column":38}},"21":{"start":{"line":25,"column":25},"end":{"line":28,"column":1}},"22":{"start":{"line":26,"column":17},"end":{"line":26,"column":30}},"23":{"start":{"line":27,"column":2},"end":{"line":27,"column":67}},"24":{"start":{"line":30,"column":31},"end":{"line":63,"column":1}},"25":{"start":{"line":31,"column":80},"end":{"line":35,"column":4}},"26":{"start":{"line":37,"column":15},"end":{"line":37,"column":105}},"27":{"start":{"line":37,"column":58},"end":{"line":37,"column":102}},"28":{"start":{"line":39,"column":2},"end":{"line":60,"column":3}},"29":{"start":{"line":40,"column":4},"end":{"line":59,"column":5}},"30":{"start":{"line":41,"column":6},"end":{"line":43,"column":7}},"31":{"start":{"line":42,"column":8},"end":{"line":42,"column":17}},"32":{"start":{"line":45,"column":20},"end":{"line":45,"column":81}},"33":{"start":{"line":46,"column":18},"end":{"line":46,"column":76}},"34":{"start":{"line":48,"column":6},"end":{"line":50,"column":7}},"35":{"start":{"line":49,"column":8},"end":{"line":49,"column":17}},"36":{"start":{"line":52,"column":6},"end":{"line":52,"column":20}},"37":{"start":{"line":54,"column":6},"end":{"line":58,"column":7}},"38":{"start":{"line":55,"column":8},"end":{"line":55,"column":46}},"39":{"start":{"line":57,"column":8},"end":{"line":57,"column":42}},"40":{"start":{"line":62,"column":2},"end":{"line":62,"column":18}},"41":{"start":{"line":65,"column":31},"end":{"line":99,"column":1}},"42":{"start":{"line":69,"column":2},"end":{"line":74,"column":3}},"43":{"start":{"line":70,"column":4},"end":{"line":73,"column":6}},"44":{"start":{"line":76,"column":2},"end":{"line":76,"column":59}},"45":{"start":{"line":78,"column":15},"end":{"line":89,"column":null}},"46":{"start":{"line":92,"column":2},"end":{"line":92,"column":64}},"47":{"start":{"line":93,"column":2},"end":{"line":93,"column":62}},"48":{"start":{"line":95,"column":2},"end":{"line":98,"column":4}},"49":{"start":{"line":101,"column":28},"end":{"line":112,"column":1}},"50":{"start":{"line":102,"column":18},"end":{"line":102,"column":76}},"51":{"start":{"line":104,"column":2},"end":{"line":111,"column":3}},"52":{"start":{"line":105,"column":4},"end":{"line":108,"column":5}},"53":{"start":{"line":106,"column":6},"end":{"line":106,"column":27}},"54":{"start":{"line":107,"column":6},"end":{"line":107,"column":15}},"55":{"start":{"line":110,"column":4},"end":{"line":110,"column":29}},"56":{"start":{"line":114,"column":29},"end":{"line":132,"column":1}},"57":{"start":{"line":115,"column":18},"end":{"line":122,"column":4}},"58":{"start":{"line":124,"column":2},"end":{"line":131,"column":3}},"59":{"start":{"line":125,"column":4},"end":{"line":128,"column":5}},"60":{"start":{"line":126,"column":6},"end":{"line":126,"column":27}},"61":{"start":{"line":127,"column":6},"end":{"line":127,"column":15}},"62":{"start":{"line":130,"column":4},"end":{"line":130,"column":29}},"63":{"start":{"line":134,"column":0},"end":{"line":134,"column":54}},"64":{"start":{"line":136,"column":0},"end":{"line":136,"column":28}},"65":{"start":{"line":138,"column":30},"end":{"line":138,"column":95}},"66":{"start":{"line":140,"column":0},"end":{"line":140,"column":70}},"67":{"start":{"line":141,"column":0},"end":{"line":141,"column":79}},"68":{"start":{"line":142,"column":0},"end":{"line":142,"column":29}},"69":{"start":{"line":145,"column":0},"end":{"line":145,"column":21}},"70":{"start":{"line":148,"column":0},"end":{"line":148,"column":32}},"71":{"start":{"line":150,"column":0},"end":{"line":152,"column":3}},"72":{"start":{"line":151,"column":2},"end":{"line":151,"column":41}},"73":{"start":{"line":154,"column":0},"end":{"line":154,"column":25}},"74":{"start":{"line":155,"column":0},"end":{"line":155,"column":28}},"75":{"start":{"line":156,"column":0},"end":{"line":156,"column":26}},"76":{"start":{"line":157,"column":0},"end":{"line":157,"column":25}},"77":{"start":{"line":158,"column":0},"end":{"line":158,"column":35}},"78":{"start":{"line":160,"column":0},"end":{"line":162,"column":3}},"79":{"start":{"line":161,"column":2},"end":{"line":161,"column":56}},"80":{"start":{"line":164,"column":0},"end":{"line":298,"column":1}},"81":{"start":{"line":165,"column":16},"end":{"line":292,"column":3}},"82":{"start":{"line":166,"column":17},"end":{"line":166,"column":49}},"83":{"start":{"line":168,"column":20},"end":{"line":168,"column":92}},"84":{"start":{"line":169,"column":21},"end":{"line":169,"column":95}},"85":{"start":{"line":170,"column":24},"end":{"line":170,"column":95}},"86":{"start":{"line":175,"column":4},"end":{"line":179,"column":5}},"87":{"start":{"line":176,"column":6},"end":{"line":176,"column":89}},"88":{"start":{"line":178,"column":6},"end":{"line":178,"column":27}},"89":{"start":{"line":181,"column":4},"end":{"line":181,"column":32}},"90":{"start":{"line":183,"column":27},"end":{"line":183,"column":46}},"91":{"start":{"line":184,"column":21},"end":{"line":203,"column":6}},"92":{"start":{"line":188,"column":8},"end":{"line":191,"column":9}},"93":{"start":{"line":189,"column":10},"end":{"line":189,"column":21}},"94":{"start":{"line":190,"column":10},"end":{"line":190,"column":17}},"95":{"start":{"line":194,"column":25},"end":{"line":194,"column":50}},"96":{"start":{"line":195,"column":8},"end":{"line":198,"column":9}},"97":{"start":{"line":196,"column":10},"end":{"line":196,"column":21}},"98":{"start":{"line":197,"column":10},"end":{"line":197,"column":17}},"99":{"start":{"line":200,"column":8},"end":{"line":200,"column":76}},"100":{"start":{"line":201,"column":8},"end":{"line":201,"column":38}},"101":{"start":{"line":205,"column":4},"end":{"line":287,"column":7}},"102":{"start":{"line":206,"column":6},"end":{"line":206,"column":83}},"103":{"start":{"line":207,"column":6},"end":{"line":207,"column":28}},"104":{"start":{"line":209,"column":6},"end":{"line":274,"column":9}},"105":{"start":{"line":210,"column":8},"end":{"line":273,"column":9}},"106":{"start":{"line":211,"column":29},"end":{"line":211,"column":44}},"107":{"start":{"line":212,"column":10},"end":{"line":212,"column":82}},"108":{"start":{"line":214,"column":32},"end":{"line":214,"column":null}},"109":{"start":{"line":221,"column":10},"end":{"line":221,"column":71}},"110":{"start":{"line":223,"column":10},"end":{"line":226,"column":11}},"111":{"start":{"line":224,"column":12},"end":{"line":224,"column":84}},"112":{"start":{"line":225,"column":12},"end":{"line":225,"column":19}},"113":{"start":{"line":228,"column":10},"end":{"line":235,"column":11}},"114":{"start":{"line":229,"column":12},"end":{"line":233,"column":15}},"115":{"start":{"line":234,"column":12},"end":{"line":234,"column":19}},"116":{"start":{"line":237,"column":10},"end":{"line":266,"column":11}},"117":{"start":{"line":238,"column":12},"end":{"line":238,"column":74}},"118":{"start":{"line":239,"column":33},"end":{"line":244,"column":14}},"119":{"start":{"line":246,"column":12},"end":{"line":249,"column":13}},"120":{"start":{"line":247,"column":14},"end":{"line":247,"column":76}},"121":{"start":{"line":248,"column":14},"end":{"line":248,"column":21}},"122":{"start":{"line":251,"column":12},"end":{"line":251,"column":82}},"123":{"start":{"line":254,"column":31},"end":{"line":254,"column":54}},"124":{"start":{"line":255,"column":12},"end":{"line":255,"column":85}},"125":{"start":{"line":256,"column":12},"end":{"line":256,"column":45}},"126":{"start":{"line":258,"column":12},"end":{"line":264,"column":15}},"127":{"start":{"line":268,"column":10},"end":{"line":272,"column":13}},"128":{"start":{"line":276,"column":6},"end":{"line":281,"column":9}},"129":{"start":{"line":277,"column":8},"end":{"line":280,"column":11}},"130":{"start":{"line":283,"column":6},"end":{"line":286,"column":9}},"131":{"start":{"line":284,"column":8},"end":{"line":284,"column":88}},"132":{"start":{"line":285,"column":8},"end":{"line":285,"column":33}},"133":{"start":{"line":289,"column":4},"end":{"line":291,"column":7}},"134":{"start":{"line":290,"column":6},"end":{"line":290,"column":82}},"135":{"start":{"line":294,"column":2},"end":{"line":297,"column":5}},"136":{"start":{"line":295,"column":4},"end":{"line":295,"column":52}},"137":{"start":{"line":296,"column":4},"end":{"line":296,"column":20}},"138":{"start":{"line":300,"column":0},"end":{"line":300,"column":19}}},"fnMap":{"0":{"name":"(anonymous_1)","decl":{"start":{"line":25,"column":25},"end":{"line":25,"column":26}},"loc":{"start":{"line":25,"column":81},"end":{"line":28,"column":1}}},"1":{"name":"(anonymous_2)","decl":{"start":{"line":30,"column":31},"end":{"line":30,"column":95}},"loc":{"start":{"line":30,"column":97},"end":{"line":63,"column":1}}},"2":{"name":"(anonymous_3)","decl":{"start":{"line":37,"column":44},"end":{"line":37,"column":45}},"loc":{"start":{"line":37,"column":58},"end":{"line":37,"column":102}}},"3":{"name":"(anonymous_4)","decl":{"start":{"line":65,"column":31},"end":{"line":65,"column":36}},"loc":{"start":{"line":68,"column":44},"end":{"line":99,"column":1}}},"4":{"name":"(anonymous_5)","decl":{"start":{"line":101,"column":28},"end":{"line":101,"column":29}},"loc":{"start":{"line":101,"column":58},"end":{"line":112,"column":1}}},"5":{"name":"(anonymous_6)","decl":{"start":{"line":114,"column":29},"end":{"line":114,"column":30}},"loc":{"start":{"line":114,"column":52},"end":{"line":132,"column":1}}},"6":{"name":"(anonymous_7)","decl":{"start":{"line":150,"column":19},"end":{"line":150,"column":20}},"loc":{"start":{"line":150,"column":33},"end":{"line":152,"column":1}}},"7":{"name":"(anonymous_8)","decl":{"start":{"line":160,"column":8},"end":{"line":160,"column":9}},"loc":{"start":{"line":160,"column":22},"end":{"line":162,"column":1}}},"8":{"name":"(anonymous_9)","decl":{"start":{"line":165,"column":16},"end":{"line":165,"column":21}},"loc":{"start":{"line":165,"column":42},"end":{"line":292,"column":3}}},"9":{"name":"(anonymous_10)","decl":{"start":{"line":186,"column":20},"end":{"line":186,"column":21}},"loc":{"start":{"line":186,"column":41},"end":{"line":202,"column":7}}},"10":{"name":"(anonymous_11)","decl":{"start":{"line":205,"column":30},"end":{"line":205,"column":31}},"loc":{"start":{"line":205,"column":41},"end":{"line":287,"column":5}}},"11":{"name":"(anonymous_12)","decl":{"start":{"line":209,"column":27},"end":{"line":209,"column":32}},"loc":{"start":{"line":209,"column":42},"end":{"line":274,"column":7}}},"12":{"name":"(anonymous_13)","decl":{"start":{"line":276,"column":25},"end":{"line":276,"column":26}},"loc":{"start":{"line":276,"column":35},"end":{"line":281,"column":7}}},"13":{"name":"(anonymous_14)","decl":{"start":{"line":283,"column":25},"end":{"line":283,"column":28}},"loc":{"start":{"line":283,"column":30},"end":{"line":286,"column":7}}},"14":{"name":"(anonymous_15)","decl":{"start":{"line":289,"column":40},"end":{"line":289,"column":43}},"loc":{"start":{"line":289,"column":45},"end":{"line":291,"column":5}}},"15":{"name":"(anonymous_16)","decl":{"start":{"line":294,"column":21},"end":{"line":294,"column":22}},"loc":{"start":{"line":294,"column":31},"end":{"line":297,"column":3}}}},"branchMap":{"0":{"loc":{"start":{"line":27,"column":9},"end":{"line":27,"column":66}},"type":"cond-expr","locations":[{"start":{"line":27,"column":49},"end":{"line":27,"column":55}},{"start":{"line":27,"column":58},"end":{"line":27,"column":66}}]},"1":{"loc":{"start":{"line":27,"column":9},"end":{"line":27,"column":46}},"type":"binary-expr","locations":[{"start":{"line":27,"column":9},"end":{"line":27,"column":32}},{"start":{"line":27,"column":36},"end":{"line":27,"column":46}}]},"2":{"loc":{"start":{"line":37,"column":58},"end":{"line":37,"column":102}},"type":"cond-expr","locations":[{"start":{"line":37,"column":76},"end":{"line":37,"column":86}},{"start":{"line":37,"column":89},"end":{"line":37,"column":102}}]},"3":{"loc":{"start":{"line":40,"column":26},"end":{"line":40,"column":42}},"type":"binary-expr","locations":[{"start":{"line":40,"column":26},"end":{"line":40,"column":36}},{"start":{"line":40,"column":40},"end":{"line":40,"column":42}}]},"4":{"loc":{"start":{"line":41,"column":6},"end":{"line":43,"column":7}},"type":"if","locations":[{"start":{"line":41,"column":6},"end":{"line":43,"column":7}},{"start":{},"end":{}}]},"5":{"loc":{"start":{"line":45,"column":20},"end":{"line":45,"column":81}},"type":"cond-expr","locations":[{"start":{"line":45,"column":48},"end":{"line":45,"column":63}},{"start":{"line":45,"column":66},"end":{"line":45,"column":81}}]},"6":{"loc":{"start":{"line":46,"column":18},"end":{"line":46,"column":76}},"type":"cond-expr","locations":[{"start":{"line":46,"column":46},"end":{"line":46,"column":59}},{"start":{"line":46,"column":62},"end":{"line":46,"column":76}}]},"7":{"loc":{"start":{"line":48,"column":6},"end":{"line":50,"column":7}},"type":"if","locations":[{"start":{"line":48,"column":6},"end":{"line":50,"column":7}},{"start":{},"end":{}}]},"8":{"loc":{"start":{"line":54,"column":6},"end":{"line":58,"column":7}},"type":"if","locations":[{"start":{"line":54,"column":6},"end":{"line":58,"column":7}},{"start":{"line":56,"column":13},"end":{"line":58,"column":7}}]},"9":{"loc":{"start":{"line":69,"column":2},"end":{"line":74,"column":3}},"type":"if","locations":[{"start":{"line":69,"column":2},"end":{"line":74,"column":3}},{"start":{},"end":{}}]},"10":{"loc":{"start":{"line":69,"column":6},"end":{"line":69,"column":55}},"type":"binary-expr","locations":[{"start":{"line":69,"column":6},"end":{"line":69,"column":28}},{"start":{"line":69,"column":32},"end":{"line":69,"column":55}}]},"11":{"loc":{"start":{"line":105,"column":4},"end":{"line":108,"column":5}},"type":"if","locations":[{"start":{"line":105,"column":4},"end":{"line":108,"column":5}},{"start":{},"end":{}}]},"12":{"loc":{"start":{"line":117,"column":8},"end":{"line":117,"column":45}},"type":"binary-expr","locations":[{"start":{"line":117,"column":8},"end":{"line":117,"column":31}},{"start":{"line":117,"column":35},"end":{"line":117,"column":45}}]},"13":{"loc":{"start":{"line":125,"column":4},"end":{"line":128,"column":5}},"type":"if","locations":[{"start":{"line":125,"column":4},"end":{"line":128,"column":5}},{"start":{},"end":{}}]},"14":{"loc":{"start":{"line":164,"column":0},"end":{"line":298,"column":1}},"type":"if","locations":[{"start":{"line":164,"column":0},"end":{"line":298,"column":1}},{"start":{},"end":{}}]},"15":{"loc":{"start":{"line":166,"column":24},"end":{"line":166,"column":48}},"type":"binary-expr","locations":[{"start":{"line":166,"column":24},"end":{"line":166,"column":40}},{"start":{"line":166,"column":44},"end":{"line":166,"column":48}}]},"16":{"loc":{"start":{"line":168,"column":48},"end":{"line":168,"column":91}},"type":"binary-expr","locations":[{"start":{"line":168,"column":48},"end":{"line":168,"column":72}},{"start":{"line":168,"column":76},"end":{"line":168,"column":91}}]},"17":{"loc":{"start":{"line":169,"column":49},"end":{"line":169,"column":94}},"type":"binary-expr","locations":[{"start":{"line":169,"column":49},"end":{"line":169,"column":74}},{"start":{"line":169,"column":78},"end":{"line":169,"column":94}}]},"18":{"loc":{"start":{"line":175,"column":4},"end":{"line":179,"column":5}},"type":"if","locations":[{"start":{"line":175,"column":4},"end":{"line":179,"column":5}},{"start":{"line":177,"column":11},"end":{"line":179,"column":5}}]},"19":{"loc":{"start":{"line":188,"column":8},"end":{"line":191,"column":9}},"type":"if","locations":[{"start":{"line":188,"column":8},"end":{"line":191,"column":9}},{"start":{},"end":{}}]},"20":{"loc":{"start":{"line":195,"column":8},"end":{"line":198,"column":9}},"type":"if","locations":[{"start":{"line":195,"column":8},"end":{"line":198,"column":9}},{"start":{},"end":{}}]},"21":{"loc":{"start":{"line":223,"column":10},"end":{"line":226,"column":11}},"type":"if","locations":[{"start":{"line":223,"column":10},"end":{"line":226,"column":11}},{"start":{},"end":{}}]},"22":{"loc":{"start":{"line":228,"column":10},"end":{"line":235,"column":11}},"type":"if","locations":[{"start":{"line":228,"column":10},"end":{"line":235,"column":11}},{"start":{},"end":{}}]},"23":{"loc":{"start":{"line":228,"column":14},"end":{"line":228,"column":89}},"type":"binary-expr","locations":[{"start":{"line":228,"column":14},"end":{"line":228,"column":37}},{"start":{"line":228,"column":41},"end":{"line":228,"column":66}},{"start":{"line":228,"column":70},"end":{"line":228,"column":89}}]},"24":{"loc":{"start":{"line":246,"column":12},"end":{"line":249,"column":13}},"type":"if","locations":[{"start":{"line":246,"column":12},"end":{"line":249,"column":13}},{"start":{},"end":{}}]},"25":{"loc":{"start":{"line":259,"column":21},"end":{"line":259,"column":81}},"type":"cond-expr","locations":[{"start":{"line":259,"column":48},"end":{"line":259,"column":63}},{"start":{"line":259,"column":66},"end":{"line":259,"column":81}}]},"26":{"loc":{"start":{"line":260,"column":21},"end":{"line":260,"column":69}},"type":"cond-expr","locations":[{"start":{"line":260,"column":48},"end":{"line":260,"column":61}},{"start":{"line":260,"column":64},"end":{"line":260,"column":69}}]},"27":{"loc":{"start":{"line":269,"column":19},"end":{"line":269,"column":88}},"type":"cond-expr","locations":[{"start":{"line":269,"column":49},"end":{"line":269,"column":67}},{"start":{"line":269,"column":70},"end":{"line":269,"column":88}}]},"28":{"loc":{"start":{"line":270,"column":19},"end":{"line":270,"column":73}},"type":"cond-expr","locations":[{"start":{"line":270,"column":49},"end":{"line":270,"column":65}},{"start":{"line":270,"column":68},"end":{"line":270,"column":73}}]},"29":{"loc":{"start":{"line":278,"column":17},"end":{"line":278,"column":71}},"type":"cond-expr","locations":[{"start":{"line":278,"column":42},"end":{"line":278,"column":55}},{"start":{"line":278,"column":58},"end":{"line":278,"column":71}}]},"30":{"loc":{"start":{"line":279,"column":17},"end":{"line":279,"column":61}},"type":"cond-expr","locations":[{"start":{"line":279,"column":42},"end":{"line":279,"column":53}},{"start":{"line":279,"column":56},"end":{"line":279,"column":61}}]}},"s":{"0":3,"1":3,"2":3,"3":3,"4":3,"5":3,"6":3,"7":3,"8":3,"9":3,"10":3,"11":3,"12":3,"13":3,"14":3,"15":3,"16":3,"17":3,"18":3,"19":3,"20":3,"21":3,"22":3,"23":3,"24":3,"25":0,"26":0,"27":0,"28":0,"29":0,"30":0,"31":0,"32":0,"33":0,"34":0,"35":0,"36":0,"37":0,"38":0,"39":0,"40":0,"41":3,"42":0,"43":0,"44":0,"45":0,"46":0,"47":0,"48":0,"49":3,"50":0,"51":0,"52":0,"53":0,"54":0,"55":0,"56":3,"57":0,"58":0,"59":0,"60":0,"61":0,"62":0,"63":3,"64":3,"65":3,"66":3,"67":3,"68":3,"69":3,"70":3,"71":3,"72":1,"73":3,"74":3,"75":3,"76":3,"77":3,"78":3,"79":0,"80":3,"81":0,"82":0,"83":0,"84":0,"85":0,"86":0,"87":0,"88":0,"89":0,"90":0,"91":0,"92":0,"93":0,"94":0,"95":0,"96":0,"97":0,"98":0,"99":0,"100":0,"101":0,"102":0,"103":0,"104":0,"105":0,"106":0,"107":0,"108":0,"109":0,"110":0,"111":0,"112":0,"113":0,"114":0,"115":0,"116":0,"117":0,"118":0,"119":0,"120":0,"121":0,"122":0,"123":0,"124":0,"125":0,"126":0,"127":0,"128":0,"129":0,"130":0,"131":0,"132":0,"133":0,"134":0,"135":0,"136":0,"137":0,"138":3},"f":{"0":3,"1":0,"2":0,"3":0,"4":0,"5":0,"6":1,"7":0,"8":0,"9":0,"10":0,"11":0,"12":0,"13":0,"14":0,"15":0},"b":{"0":[0,3],"1":[3,0],"2":[0,0],"3":[0,0],"4":[0,0],"5":[0,0],"6":[0,0],"7":[0,0],"8":[0,0],"9":[0,0],"10":[0,0],"11":[0,0],"12":[0,0],"13":[0,0],"14":[0,3],"15":[0,0],"16":[0,0],"17":[0,0],"18":[0,0],"19":[0,0],"20":[0,0],"21":[0,0],"22":[0,0],"23":[0,0,0],"24":[0,0],"25":[0,0],"26":[0,0],"27":[0,0],"28":[0,0],"29":[0,0],"30":[0,0]}}
,"E:\\mpp\\spendy-app\\spendy-server\\src\\types.ts": {"path":"E:\\mpp\\spendy-app\\spendy-server\\src\\types.ts","statementMap":{"0":{"start":{"line":1,"column":13},"end":{"line":10,"column":11}},"1":{"start":{"line":12,"column":13},"end":{"line":12,"column":92}}},"fnMap":{},"branchMap":{},"s":{"0":3,"1":3},"f":{},"b":{}}
,"E:\\mpp\\spendy-app\\spendy-server\\src\\config\\mongo.ts": {"path":"E:\\mpp\\spendy-app\\spendy-server\\src\\config\\mongo.ts","statementMap":{"0":{"start":{"line":1,"column":0},"end":{"line":1,"column":32}},"1":{"start":{"line":3,"column":17},"end":{"line":3,"column":81}},"2":{"start":{"line":5,"column":28},"end":{"line":17,"column":1}},"3":{"start":{"line":6,"column":2},"end":{"line":8,"column":3}},"4":{"start":{"line":7,"column":4},"end":{"line":7,"column":11}},"5":{"start":{"line":10,"column":2},"end":{"line":16,"column":3}},"6":{"start":{"line":11,"column":4},"end":{"line":11,"column":37}},"7":{"start":{"line":12,"column":4},"end":{"line":12,"column":40}},"8":{"start":{"line":14,"column":4},"end":{"line":14,"column":58}},"9":{"start":{"line":15,"column":4},"end":{"line":15,"column":16}},"10":{"start":{"line":5,"column":13},"end":{"line":5,"column":28}},"11":{"start":{"line":19,"column":31},"end":{"line":27,"column":1}},"12":{"start":{"line":20,"column":2},"end":{"line":26,"column":3}},"13":{"start":{"line":21,"column":4},"end":{"line":21,"column":32}},"14":{"start":{"line":22,"column":4},"end":{"line":22,"column":45}},"15":{"start":{"line":24,"column":4},"end":{"line":24,"column":63}},"16":{"start":{"line":25,"column":4},"end":{"line":25,"column":16}},"17":{"start":{"line":19,"column":13},"end":{"line":19,"column":31}}},"fnMap":{"0":{"name":"(anonymous_1)","decl":{"start":{"line":5,"column":28},"end":{"line":5,"column":33}},"loc":{"start":{"line":5,"column":54},"end":{"line":17,"column":1}}},"1":{"name":"(anonymous_2)","decl":{"start":{"line":19,"column":31},"end":{"line":19,"column":36}},"loc":{"start":{"line":19,"column":57},"end":{"line":27,"column":1}}}},"branchMap":{"0":{"loc":{"start":{"line":3,"column":17},"end":{"line":3,"column":81}},"type":"binary-expr","locations":[{"start":{"line":3,"column":17},"end":{"line":3,"column":38}},{"start":{"line":3,"column":42},"end":{"line":3,"column":81}}]},"1":{"loc":{"start":{"line":6,"column":2},"end":{"line":8,"column":3}},"type":"if","locations":[{"start":{"line":6,"column":2},"end":{"line":8,"column":3}},{"start":{},"end":{}}]}},"s":{"0":4,"1":4,"2":4,"3":1,"4":0,"5":1,"6":1,"7":1,"8":0,"9":0,"10":4,"11":4,"12":1,"13":1,"14":1,"15":0,"16":0,"17":4},"f":{"0":1,"1":1},"b":{"0":[4,1],"1":[0,1]}}
,"E:\\mpp\\spendy-app\\spendy-server\\src\\config\\security.ts": {"path":"E:\\mpp\\spendy-app\\spendy-server\\src\\config\\security.ts","statementMap":{"0":{"start":{"line":2,"column":0},"end":{"line":2,"column":41}},"1":{"start":{"line":3,"column":0},"end":{"line":3,"column":28}},"2":{"start":{"line":4,"column":0},"end":{"line":4,"column":43}},"3":{"start":{"line":6,"column":25},"end":{"line":9,"column":1}},"4":{"start":{"line":7,"column":17},"end":{"line":7,"column":30}},"5":{"start":{"line":8,"column":2},"end":{"line":8,"column":67}},"6":{"start":{"line":11,"column":13},"end":{"line":17,"column":2}},"7":{"start":{"line":19,"column":37},"end":{"line":28,"column":4}},"8":{"start":{"line":20,"column":2},"end":{"line":28,"column":4}},"9":{"start":{"line":19,"column":13},"end":{"line":19,"column":37}},"10":{"start":{"line":30,"column":28},"end":{"line":33,"column":1}},"11":{"start":{"line":31,"column":17},"end":{"line":31,"column":30}},"12":{"start":{"line":32,"column":2},"end":{"line":32,"column":68}},"13":{"start":{"line":35,"column":24},"end":{"line":43,"column":1}},"14":{"start":{"line":36,"column":23},"end":{"line":36,"column":53}},"15":{"start":{"line":38,"column":2},"end":{"line":40,"column":3}},"16":{"start":{"line":39,"column":4},"end":{"line":39,"column":46}},"17":{"start":{"line":42,"column":2},"end":{"line":42,"column":57}},"18":{"start":{"line":45,"column":46},"end":{"line":76,"column":1}},"19":{"start":{"line":49,"column":19},"end":{"line":49,"column":107}},"20":{"start":{"line":50,"column":14},"end":{"line":50,"column":88}},"21":{"start":{"line":51,"column":21},"end":{"line":51,"column":80}},"22":{"start":{"line":52,"column":23},"end":{"line":52,"column":50}},"23":{"start":{"line":54,"column":2},"end":{"line":75,"column":4}},"24":{"start":{"line":55,"column":16},"end":{"line":55,"column":26}},"25":{"start":{"line":56,"column":15},"end":{"line":56,"column":35}},"26":{"start":{"line":57,"column":24},"end":{"line":57,"column":38}},"27":{"start":{"line":58,"column":25},"end":{"line":58,"column":51}},"28":{"start":{"line":59,"column":31},"end":{"line":59,"column":90}},"29":{"start":{"line":59,"column":66},"end":{"line":59,"column":89}},"30":{"start":{"line":62,"column":4},"end":{"line":70,"column":5}},"31":{"start":{"line":64,"column":6},"end":{"line":66,"column":7}},"32":{"start":{"line":65,"column":8},"end":{"line":65,"column":102}},"33":{"start":{"line":68,"column":6},"end":{"line":68,"column":86}},"34":{"start":{"line":69,"column":6},"end":{"line":69,"column":13}},"35":{"start":{"line":72,"column":4},"end":{"line":72,"column":33}},"36":{"start":{"line":73,"column":4},"end":{"line":73,"column":45}},"37":{"start":{"line":74,"column":4},"end":{"line":74,"column":11}},"38":{"start":{"line":45,"column":13},"end":{"line":45,"column":46}},"39":{"start":{"line":78,"column":32},"end":{"line":78,"column":88}},"40":{"start":{"line":80,"column":24},"end":{"line":80,"column":82}},"41":{"start":{"line":80,"column":51},"end":{"line":80,"column":82}},"42":{"start":{"line":82,"column":33},"end":{"line":90,"column":1}},"43":{"start":{"line":83,"column":28},"end":{"line":83,"column":89}},"44":{"start":{"line":84,"column":24},"end":{"line":87,"column":20}},"45":{"start":{"line":86,"column":21},"end":{"line":86,"column":44}},"46":{"start":{"line":89,"column":2},"end":{"line":89,"column":97}},"47":{"start":{"line":82,"column":13},"end":{"line":82,"column":33}},"48":{"start":{"line":92,"column":33},"end":{"line":119,"column":1}},"49":{"start":{"line":93,"column":25},"end":{"line":93,"column":44}},"50":{"start":{"line":95,"column":2},"end":{"line":118,"column":4}},"51":{"start":{"line":98,"column":6},"end":{"line":101,"column":7}},"52":{"start":{"line":99,"column":8},"end":{"line":99,"column":29}},"53":{"start":{"line":100,"column":8},"end":{"line":100,"column":15}},"54":{"start":{"line":103,"column":23},"end":{"line":103,"column":54}},"55":{"start":{"line":104,"column":6},"end":{"line":107,"column":7}},"56":{"start":{"line":105,"column":8},"end":{"line":105,"column":29}},"57":{"start":{"line":106,"column":8},"end":{"line":106,"column":15}},"58":{"start":{"line":109,"column":6},"end":{"line":109,"column":64}},"59":{"start":{"line":92,"column":13},"end":{"line":92,"column":33}},"60":{"start":{"line":121,"column":39},"end":{"line":169,"column":1}},"61":{"start":{"line":122,"column":27},"end":{"line":122,"column":45}},"62":{"start":{"line":124,"column":2},"end":{"line":133,"column":4}},"63":{"start":{"line":135,"column":2},"end":{"line":135,"column":28}},"64":{"start":{"line":136,"column":2},"end":{"line":152,"column":5}},"65":{"start":{"line":137,"column":26},"end":{"line":137,"column":61}},"66":{"start":{"line":138,"column":27},"end":{"line":138,"column":87}},"67":{"start":{"line":139,"column":20},"end":{"line":139,"column":60}},"68":{"start":{"line":142,"column":4},"end":{"line":149,"column":5}},"69":{"start":{"line":143,"column":19},"end":{"line":143,"column":35}},"70":{"start":{"line":145,"column":6},"end":{"line":148,"column":7}},"71":{"start":{"line":146,"column":8},"end":{"line":146,"column":63}},"72":{"start":{"line":147,"column":8},"end":{"line":147,"column":15}},"73":{"start":{"line":151,"column":4},"end":{"line":151,"column":11}},"74":{"start":{"line":154,"column":2},"end":{"line":154,"column":44}},"75":{"start":{"line":156,"column":22},"end":{"line":156,"column":41}},"76":{"start":{"line":157,"column":2},"end":{"line":157,"column":29}},"77":{"start":{"line":161,"column":2},"end":{"line":167,"column":null}},"78":{"start":{"line":162,"column":4},"end":{"line":164,"column":5}},"79":{"start":{"line":163,"column":6},"end":{"line":163,"column":null}},"80":{"start":{"line":166,"column":4},"end":{"line":166,"column":null}},"81":{"start":{"line":168,"column":2},"end":{"line":168,"column":58}},"82":{"start":{"line":121,"column":13},"end":{"line":121,"column":39}},"83":{"start":{"line":171,"column":36},"end":{"line":180,"column":2}},"84":{"start":{"line":171,"column":58},"end":{"line":180,"column":2}},"85":{"start":{"line":171,"column":13},"end":{"line":171,"column":36}}},"fnMap":{"0":{"name":"(anonymous_1)","decl":{"start":{"line":6,"column":25},"end":{"line":6,"column":26}},"loc":{"start":{"line":6,"column":81},"end":{"line":9,"column":1}}},"1":{"name":"(anonymous_2)","decl":{"start":{"line":19,"column":37},"end":{"line":19,"column":38}},"loc":{"start":{"line":20,"column":2},"end":{"line":28,"column":4}}},"2":{"name":"(anonymous_3)","decl":{"start":{"line":30,"column":28},"end":{"line":30,"column":29}},"loc":{"start":{"line":30,"column":84},"end":{"line":33,"column":1}}},"3":{"name":"(anonymous_4)","decl":{"start":{"line":35,"column":24},"end":{"line":35,"column":25}},"loc":{"start":{"line":35,"column":49},"end":{"line":43,"column":1}}},"4":{"name":"(anonymous_5)","decl":{"start":{"line":45,"column":46},"end":{"line":45,"column":47}},"loc":{"start":{"line":48,"column":5},"end":{"line":76,"column":1}}},"5":{"name":"(anonymous_6)","decl":{"start":{"line":54,"column":9},"end":{"line":54,"column":10}},"loc":{"start":{"line":54,"column":67},"end":{"line":75,"column":3}}},"6":{"name":"(anonymous_7)","decl":{"start":{"line":59,"column":51},"end":{"line":59,"column":52}},"loc":{"start":{"line":59,"column":66},"end":{"line":59,"column":89}}},"7":{"name":"(anonymous_8)","decl":{"start":{"line":80,"column":24},"end":{"line":80,"column":25}},"loc":{"start":{"line":80,"column":51},"end":{"line":80,"column":82}}},"8":{"name":"(anonymous_9)","decl":{"start":{"line":82,"column":33},"end":{"line":82,"column":46}},"loc":{"start":{"line":82,"column":48},"end":{"line":90,"column":1}}},"9":{"name":"(anonymous_10)","decl":{"start":{"line":86,"column":9},"end":{"line":86,"column":10}},"loc":{"start":{"line":86,"column":21},"end":{"line":86,"column":44}}},"10":{"name":"(anonymous_11)","decl":{"start":{"line":92,"column":33},"end":{"line":92,"column":49}},"loc":{"start":{"line":92,"column":51},"end":{"line":119,"column":1}}},"11":{"name":"(anonymous_12)","decl":{"start":{"line":96,"column":12},"end":{"line":96,"column":13}},"loc":{"start":{"line":96,"column":33},"end":{"line":110,"column":5}}},"12":{"name":"(anonymous_13)","decl":{"start":{"line":121,"column":39},"end":{"line":121,"column":40}},"loc":{"start":{"line":121,"column":66},"end":{"line":169,"column":1}}},"13":{"name":"(anonymous_14)","decl":{"start":{"line":136,"column":10},"end":{"line":136,"column":11}},"loc":{"start":{"line":136,"column":29},"end":{"line":152,"column":3}}},"14":{"name":"(anonymous_15)","decl":{"start":{"line":161,"column":10},"end":{"line":161,"column":11}},"loc":{"start":{"line":161,"column":29},"end":{"line":167,"column":3}}},"15":{"name":"(anonymous_16)","decl":{"start":{"line":171,"column":36},"end":{"line":171,"column":54}},"loc":{"start":{"line":171,"column":58},"end":{"line":180,"column":2}}}},"branchMap":{"0":{"loc":{"start":{"line":8,"column":9},"end":{"line":8,"column":66}},"type":"cond-expr","locations":[{"start":{"line":8,"column":49},"end":{"line":8,"column":55}},{"start":{"line":8,"column":58},"end":{"line":8,"column":66}}]},"1":{"loc":{"start":{"line":8,"column":9},"end":{"line":8,"column":46}},"type":"binary-expr","locations":[{"start":{"line":8,"column":9},"end":{"line":8,"column":32}},{"start":{"line":8,"column":36},"end":{"line":8,"column":46}}]},"2":{"loc":{"start":{"line":21,"column":14},"end":{"line":21,"column":108}},"type":"binary-expr","locations":[{"start":{"line":21,"column":14},"end":{"line":21,"column":33}},{"start":{"line":21,"column":37},"end":{"line":21,"column":108}}]},"3":{"loc":{"start":{"line":22,"column":9},"end":{"line":22,"column":80}},"type":"binary-expr","locations":[{"start":{"line":22,"column":9},"end":{"line":22,"column":23}},{"start":{"line":22,"column":27},"end":{"line":22,"column":80}}]},"4":{"loc":{"start":{"line":32,"column":9},"end":{"line":32,"column":67}},"type":"cond-expr","locations":[{"start":{"line":32,"column":50},"end":{"line":32,"column":56}},{"start":{"line":32,"column":59},"end":{"line":32,"column":67}}]},"5":{"loc":{"start":{"line":32,"column":9},"end":{"line":32,"column":47}},"type":"binary-expr","locations":[{"start":{"line":32,"column":9},"end":{"line":32,"column":32}},{"start":{"line":32,"column":36},"end":{"line":32,"column":47}}]},"6":{"loc":{"start":{"line":38,"column":2},"end":{"line":40,"column":3}},"type":"if","locations":[{"start":{"line":38,"column":2},"end":{"line":40,"column":3}},{"start":{},"end":{}}]},"7":{"loc":{"start":{"line":38,"column":6},"end":{"line":38,"column":61}},"type":"binary-expr","locations":[{"start":{"line":38,"column":6},"end":{"line":38,"column":38}},{"start":{"line":38,"column":42},"end":{"line":38,"column":61}}]},"8":{"loc":{"start":{"line":42,"column":9},"end":{"line":42,"column":56}},"type":"binary-expr","locations":[{"start":{"line":42,"column":9},"end":{"line":42,"column":15}},{"start":{"line":42,"column":19},"end":{"line":42,"column":43}},{"start":{"line":42,"column":47},"end":{"line":42,"column":56}}]},"9":{"loc":{"start":{"line":49,"column":19},"end":{"line":49,"column":107}},"type":"binary-expr","locations":[{"start":{"line":49,"column":19},"end":{"line":49,"column":38}},{"start":{"line":49,"column":42},"end":{"line":49,"column":107}}]},"10":{"loc":{"start":{"line":50,"column":14},"end":{"line":50,"column":88}},"type":"binary-expr","locations":[{"start":{"line":50,"column":14},"end":{"line":50,"column":28}},{"start":{"line":50,"column":32},"end":{"line":50,"column":88}}]},"11":{"loc":{"start":{"line":58,"column":25},"end":{"line":58,"column":51}},"type":"binary-expr","locations":[{"start":{"line":58,"column":25},"end":{"line":58,"column":45}},{"start":{"line":58,"column":49},"end":{"line":58,"column":51}}]},"12":{"loc":{"start":{"line":62,"column":4},"end":{"line":70,"column":5}},"type":"if","locations":[{"start":{"line":62,"column":4},"end":{"line":70,"column":5}},{"start":{},"end":{}}]},"13":{"loc":{"start":{"line":64,"column":6},"end":{"line":66,"column":7}},"type":"if","locations":[{"start":{"line":64,"column":6},"end":{"line":66,"column":7}},{"start":{},"end":{}}]},"14":{"loc":{"start":{"line":83,"column":28},"end":{"line":83,"column":89}},"type":"binary-expr","locations":[{"start":{"line":83,"column":28},"end":{"line":83,"column":52}},{"start":{"line":83,"column":56},"end":{"line":83,"column":83}},{"start":{"line":83,"column":87},"end":{"line":83,"column":89}}]},"15":{"loc":{"start":{"line":89,"column":9},"end":{"line":89,"column":96}},"type":"cond-expr","locations":[{"start":{"line":89,"column":36},"end":{"line":89,"column":49}},{"start":{"line":89,"column":52},"end":{"line":89,"column":96}}]},"16":{"loc":{"start":{"line":98,"column":6},"end":{"line":101,"column":7}},"type":"if","locations":[{"start":{"line":98,"column":6},"end":{"line":101,"column":7}},{"start":{},"end":{}}]},"17":{"loc":{"start":{"line":104,"column":6},"end":{"line":107,"column":7}},"type":"if","locations":[{"start":{"line":104,"column":6},"end":{"line":107,"column":7}},{"start":{},"end":{}}]},"18":{"loc":{"start":{"line":138,"column":34},"end":{"line":138,"column":72}},"type":"binary-expr","locations":[{"start":{"line":138,"column":34},"end":{"line":138,"column":66}},{"start":{"line":138,"column":70},"end":{"line":138,"column":72}}]},"19":{"loc":{"start":{"line":139,"column":20},"end":{"line":139,"column":60}},"type":"binary-expr","locations":[{"start":{"line":139,"column":20},"end":{"line":139,"column":30}},{"start":{"line":139,"column":34},"end":{"line":139,"column":60}}]},"20":{"loc":{"start":{"line":142,"column":4},"end":{"line":149,"column":5}},"type":"if","locations":[{"start":{"line":142,"column":4},"end":{"line":149,"column":5}},{"start":{},"end":{}}]},"21":{"loc":{"start":{"line":142,"column":8},"end":{"line":142,"column":34}},"type":"binary-expr","locations":[{"start":{"line":142,"column":8},"end":{"line":142,"column":22}},{"start":{"line":142,"column":26},"end":{"line":142,"column":34}}]},"22":{"loc":{"start":{"line":145,"column":6},"end":{"line":148,"column":7}},"type":"if","locations":[{"start":{"line":145,"column":6},"end":{"line":148,"column":7}},{"start":{},"end":{}}]},"23":{"loc":{"start":{"line":162,"column":4},"end":{"line":164,"column":5}},"type":"if","locations":[{"start":{"line":162,"column":4},"end":{"line":164,"column":5}},{"start":{},"end":{}}]}},"s":{"0":3,"1":3,"2":3,"3":3,"4":31,"5":31,"6":3,"7":3,"8":7,"9":3,"10":3,"11":6,"12":6,"13":3,"14":26,"15":26,"16":0,"17":26,"18":3,"19":6,"20":6,"21":6,"22":6,"23":6,"24":26,"25":26,"26":26,"27":26,"28":26,"29":130,"30":26,"31":1,"32":0,"33":1,"34":1,"35":25,"36":25,"37":25,"38":3,"39":3,"40":3,"41":12,"42":3,"43":6,"44":6,"45":12,"46":6,"47":3,"48":3,"49":6,"50":6,"51":25,"52":25,"53":25,"54":0,"55":0,"56":0,"57":0,"58":0,"59":3,"60":3,"61":6,"62":6,"63":6,"64":6,"65":27,"66":27,"67":27,"68":27,"69":1,"70":1,"71":1,"72":1,"73":26,"74":6,"75":6,"76":6,"77":6,"78":25,"79":0,"80":25,"81":6,"82":3,"83":3,"84":7,"85":3},"f":{"0":31,"1":7,"2":6,"3":26,"4":6,"5":26,"6":130,"7":12,"8":6,"9":12,"10":6,"11":25,"12":6,"13":27,"14":25,"15":7},"b":{"0":[4,27],"1":[31,4],"2":[7,6],"3":[7,6],"4":[1,5],"5":[6,1],"6":[0,26],"7":[26,0],"8":[26,0,0],"9":[6,6],"10":[6,6],"11":[26,5],"12":[1,25],"13":[0,1],"14":[6,0,0],"15":[6,0],"16":[25,0],"17":[0,0],"18":[27,26],"19":[27,26],"20":[1,26],"21":[27,1],"22":[1,0],"23":[0,25]}}
,"E:\\mpp\\spendy-app\\spendy-server\\src\\controllers\\adminController.ts": {"path":"E:\\mpp\\spendy-app\\spendy-server\\src\\controllers\\adminController.ts","statementMap":{"0":{"start":{"line":2,"column":0},"end":{"line":2,"column":91}},"1":{"start":{"line":4,"column":34},"end":{"line":28,"column":1}},"2":{"start":{"line":5,"column":2},"end":{"line":27,"column":3}},"3":{"start":{"line":6,"column":18},"end":{"line":17,"column":6}},"4":{"start":{"line":19,"column":28},"end":{"line":19,"column":64}},"5":{"start":{"line":21,"column":4},"end":{"line":23,"column":7}},"6":{"start":{"line":25,"column":4},"end":{"line":25,"column":54}},"7":{"start":{"line":26,"column":4},"end":{"line":26,"column":64}},"8":{"start":{"line":4,"column":13},"end":{"line":4,"column":34}},"9":{"start":{"line":30,"column":33},"end":{"line":49,"column":1}},"10":{"start":{"line":31,"column":2},"end":{"line":48,"column":3}},"11":{"start":{"line":32,"column":19},"end":{"line":32,"column":53}},"12":{"start":{"line":33,"column":4},"end":{"line":36,"column":5}},"13":{"start":{"line":34,"column":6},"end":{"line":34,"column":60}},"14":{"start":{"line":35,"column":6},"end":{"line":35,"column":13}},"15":{"start":{"line":38,"column":21},"end":{"line":38,"column":57}},"16":{"start":{"line":39,"column":4},"end":{"line":42,"column":5}},"17":{"start":{"line":40,"column":6},"end":{"line":40,"column":71}},"18":{"start":{"line":41,"column":6},"end":{"line":41,"column":13}},"19":{"start":{"line":44,"column":4},"end":{"line":44,"column":45}},"20":{"start":{"line":46,"column":4},"end":{"line":46,"column":53}},"21":{"start":{"line":47,"column":4},"end":{"line":47,"column":64}},"22":{"start":{"line":30,"column":13},"end":{"line":30,"column":33}},"23":{"start":{"line":51,"column":25},"end":{"line":62,"column":1}},"24":{"start":{"line":52,"column":2},"end":{"line":54,"column":3}},"25":{"start":{"line":53,"column":4},"end":{"line":53,"column":20}},"26":{"start":{"line":56,"column":17},"end":{"line":56,"column":116}},"27":{"start":{"line":57,"column":2},"end":{"line":59,"column":3}},"28":{"start":{"line":58,"column":4},"end":{"line":58,"column":20}},"29":{"start":{"line":61,"column":2},"end":{"line":61,"column":31}},"30":{"start":{"line":64,"column":29},"end":{"line":71,"column":1}},"31":{"start":{"line":65,"column":2},"end":{"line":67,"column":3}},"32":{"start":{"line":66,"column":4},"end":{"line":66,"column":21}},"33":{"start":{"line":69,"column":17},"end":{"line":69,"column":116}},"34":{"start":{"line":70,"column":2},"end":{"line":70,"column":55}},"35":{"start":{"line":73,"column":31},"end":{"line":84,"column":1}},"36":{"start":{"line":74,"column":2},"end":{"line":76,"column":3}},"37":{"start":{"line":75,"column":4},"end":{"line":75,"column":21}},"38":{"start":{"line":78,"column":21},"end":{"line":78,"column":47}},"39":{"start":{"line":79,"column":2},"end":{"line":81,"column":3}},"40":{"start":{"line":80,"column":4},"end":{"line":80,"column":22}},"41":{"start":{"line":83,"column":2},"end":{"line":83,"column":19}},"42":{"start":{"line":86,"column":24},"end":{"line":93,"column":1}},"43":{"start":{"line":87,"column":2},"end":{"line":89,"column":3}},"44":{"start":{"line":88,"column":4},"end":{"line":88,"column":16}},"45":{"start":{"line":91,"column":18},"end":{"line":91,"column":30}},"46":{"start":{"line":92,"column":2},"end":{"line":92,"column":34}}},"fnMap":{"0":{"name":"(anonymous_0)","decl":{"start":{"line":4,"column":34},"end":{"line":4,"column":39}},"loc":{"start":{"line":4,"column":87},"end":{"line":28,"column":1}}},"1":{"name":"(anonymous_1)","decl":{"start":{"line":30,"column":33},"end":{"line":30,"column":38}},"loc":{"start":{"line":30,"column":86},"end":{"line":49,"column":1}}},"2":{"name":"(anonymous_2)","decl":{"start":{"line":51,"column":25},"end":{"line":51,"column":26}},"loc":{"start":{"line":51,"column":83},"end":{"line":62,"column":1}}},"3":{"name":"(anonymous_3)","decl":{"start":{"line":64,"column":29},"end":{"line":64,"column":30}},"loc":{"start":{"line":64,"column":68},"end":{"line":71,"column":1}}},"4":{"name":"(anonymous_4)","decl":{"start":{"line":73,"column":31},"end":{"line":73,"column":32}},"loc":{"start":{"line":73,"column":93},"end":{"line":84,"column":1}}},"5":{"name":"(anonymous_5)","decl":{"start":{"line":86,"column":24},"end":{"line":86,"column":25}},"loc":{"start":{"line":86,"column":58},"end":{"line":93,"column":1}}}},"branchMap":{"0":{"loc":{"start":{"line":10,"column":10},"end":{"line":10,"column":111}},"type":"cond-expr","locations":[{"start":{"line":10,"column":53},"end":{"line":10,"column":106}},{"start":{"line":10,"column":109},"end":{"line":10,"column":111}}]},"1":{"loc":{"start":{"line":11,"column":10},"end":{"line":13,"column":12}},"type":"cond-expr","locations":[{"start":{"line":12,"column":10},"end":{"line":12,"column":71}},{"start":{"line":13,"column":10},"end":{"line":13,"column":12}}]},"2":{"loc":{"start":{"line":14,"column":10},"end":{"line":16,"column":12}},"type":"cond-expr","locations":[{"start":{"line":15,"column":10},"end":{"line":15,"column":71}},{"start":{"line":16,"column":10},"end":{"line":16,"column":12}}]},"3":{"loc":{"start":{"line":33,"column":4},"end":{"line":36,"column":5}},"type":"if","locations":[{"start":{"line":33,"column":4},"end":{"line":36,"column":5}},{"start":{},"end":{}}]},"4":{"loc":{"start":{"line":39,"column":4},"end":{"line":42,"column":5}},"type":"if","locations":[{"start":{"line":39,"column":4},"end":{"line":42,"column":5}},{"start":{},"end":{}}]},"5":{"loc":{"start":{"line":52,"column":2},"end":{"line":54,"column":3}},"type":"if","locations":[{"start":{"line":52,"column":2},"end":{"line":54,"column":3}},{"start":{},"end":{}}]},"6":{"loc":{"start":{"line":56,"column":17},"end":{"line":56,"column":116}},"type":"cond-expr","locations":[{"start":{"line":56,"column":45},"end":{"line":56,"column":58}},{"start":{"line":56,"column":61},"end":{"line":56,"column":116}}]},"7":{"loc":{"start":{"line":56,"column":61},"end":{"line":56,"column":116}},"type":"cond-expr","locations":[{"start":{"line":56,"column":84},"end":{"line":56,"column":100}},{"start":{"line":56,"column":103},"end":{"line":56,"column":116}}]},"8":{"loc":{"start":{"line":57,"column":2},"end":{"line":59,"column":3}},"type":"if","locations":[{"start":{"line":57,"column":2},"end":{"line":59,"column":3}},{"start":{},"end":{}}]},"9":{"loc":{"start":{"line":57,"column":6},"end":{"line":57,"column":45}},"type":"binary-expr","locations":[{"start":{"line":57,"column":6},"end":{"line":57,"column":31}},{"start":{"line":57,"column":35},"end":{"line":57,"column":45}}]},"10":{"loc":{"start":{"line":65,"column":2},"end":{"line":67,"column":3}},"type":"if","locations":[{"start":{"line":65,"column":2},"end":{"line":67,"column":3}},{"start":{},"end":{}}]},"11":{"loc":{"start":{"line":65,"column":6},"end":{"line":65,"column":59}},"type":"binary-expr","locations":[{"start":{"line":65,"column":6},"end":{"line":65,"column":25}},{"start":{"line":65,"column":29},"end":{"line":65,"column":43}},{"start":{"line":65,"column":47},"end":{"line":65,"column":59}}]},"12":{"loc":{"start":{"line":69,"column":17},"end":{"line":69,"column":116}},"type":"cond-expr","locations":[{"start":{"line":69,"column":45},"end":{"line":69,"column":58}},{"start":{"line":69,"column":61},"end":{"line":69,"column":116}}]},"13":{"loc":{"start":{"line":69,"column":61},"end":{"line":69,"column":116}},"type":"cond-expr","locations":[{"start":{"line":69,"column":84},"end":{"line":69,"column":100}},{"start":{"line":69,"column":103},"end":{"line":69,"column":116}}]},"14":{"loc":{"start":{"line":70,"column":9},"end":{"line":70,"column":54}},"type":"cond-expr","locations":[{"start":{"line":70,"column":36},"end":{"line":70,"column":42}},{"start":{"line":70,"column":45},"end":{"line":70,"column":54}}]},"15":{"loc":{"start":{"line":74,"column":2},"end":{"line":76,"column":3}},"type":"if","locations":[{"start":{"line":74,"column":2},"end":{"line":76,"column":3}},{"start":{},"end":{}}]},"16":{"loc":{"start":{"line":79,"column":2},"end":{"line":81,"column":3}},"type":"if","locations":[{"start":{"line":79,"column":2},"end":{"line":81,"column":3}},{"start":{},"end":{}}]},"17":{"loc":{"start":{"line":79,"column":6},"end":{"line":79,"column":82}},"type":"binary-expr","locations":[{"start":{"line":79,"column":6},"end":{"line":79,"column":29}},{"start":{"line":79,"column":33},"end":{"line":79,"column":58}},{"start":{"line":79,"column":62},"end":{"line":79,"column":82}}]},"18":{"loc":{"start":{"line":87,"column":2},"end":{"line":89,"column":3}},"type":"if","locations":[{"start":{"line":87,"column":2},"end":{"line":89,"column":3}},{"start":{},"end":{}}]},"19":{"loc":{"start":{"line":92,"column":9},"end":{"line":92,"column":33}},"type":"cond-expr","locations":[{"start":{"line":92,"column":19},"end":{"line":92,"column":26}},{"start":{"line":92,"column":29},"end":{"line":92,"column":33}}]}},"s":{"0":3,"1":3,"2":0,"3":0,"4":0,"5":0,"6":0,"7":0,"8":3,"9":3,"10":0,"11":0,"12":0,"13":0,"14":0,"15":0,"16":0,"17":0,"18":0,"19":0,"20":0,"21":0,"22":3,"23":3,"24":0,"25":0,"26":0,"27":0,"28":0,"29":0,"30":3,"31":0,"32":0,"33":0,"34":0,"35":3,"36":0,"37":0,"38":0,"39":0,"40":0,"41":0,"42":3,"43":0,"44":0,"45":0,"46":0},"f":{"0":0,"1":0,"2":0,"3":0,"4":0,"5":0},"b":{"0":[0,0],"1":[0,0],"2":[0,0],"3":[0,0],"4":[0,0],"5":[0,0],"6":[0,0],"7":[0,0],"8":[0,0],"9":[0,0],"10":[0,0],"11":[0,0,0],"12":[0,0],"13":[0,0],"14":[0,0],"15":[0,0],"16":[0,0],"17":[0,0,0],"18":[0,0],"19":[0,0]}}
,"E:\\mpp\\spendy-app\\spendy-server\\src\\controllers\\expenseController.ts": {"path":"E:\\mpp\\spendy-app\\spendy-server\\src\\controllers\\expenseController.ts","statementMap":{"0":{"start":{"line":2,"column":0},"end":{"line":2,"column":60}},"1":{"start":{"line":3,"column":0},"end":{"line":3,"column":null}},"2":{"start":{"line":9,"column":27},"end":{"line":24,"column":1}},"3":{"start":{"line":10,"column":2},"end":{"line":23,"column":3}},"4":{"start":{"line":12,"column":24},"end":{"line":12,"column":36}},"5":{"start":{"line":13,"column":4},"end":{"line":16,"column":5}},"6":{"start":{"line":14,"column":6},"end":{"line":14,"column":68}},"7":{"start":{"line":15,"column":6},"end":{"line":15,"column":13}},"8":{"start":{"line":18,"column":28},"end":{"line":18,"column":62}},"9":{"start":{"line":19,"column":19},"end":{"line":19,"column":77}},"10":{"start":{"line":20,"column":4},"end":{"line":20,"column":33}},"11":{"start":{"line":22,"column":4},"end":{"line":22,"column":38}},"12":{"start":{"line":9,"column":13},"end":{"line":9,"column":27}},"13":{"start":{"line":26,"column":30},"end":{"line":48,"column":1}},"14":{"start":{"line":28,"column":22},"end":{"line":28,"column":34}},"15":{"start":{"line":29,"column":2},"end":{"line":32,"column":3}},"16":{"start":{"line":30,"column":4},"end":{"line":30,"column":66}},"17":{"start":{"line":31,"column":4},"end":{"line":31,"column":11}},"18":{"start":{"line":34,"column":13},"end":{"line":34,"column":38}},"19":{"start":{"line":35,"column":2},"end":{"line":38,"column":3}},"20":{"start":{"line":36,"column":4},"end":{"line":36,"column":61}},"21":{"start":{"line":37,"column":4},"end":{"line":37,"column":11}},"22":{"start":{"line":40,"column":18},"end":{"line":40,"column":70}},"23":{"start":{"line":42,"column":2},"end":{"line":45,"column":3}},"24":{"start":{"line":43,"column":4},"end":{"line":43,"column":60}},"25":{"start":{"line":44,"column":4},"end":{"line":44,"column":11}},"26":{"start":{"line":47,"column":2},"end":{"line":47,"column":32}},"27":{"start":{"line":26,"column":13},"end":{"line":26,"column":30}},"28":{"start":{"line":50,"column":29},"end":{"line":65,"column":1}},"29":{"start":{"line":51,"column":2},"end":{"line":64,"column":3}},"30":{"start":{"line":53,"column":24},"end":{"line":53,"column":36}},"31":{"start":{"line":54,"column":4},"end":{"line":57,"column":5}},"32":{"start":{"line":55,"column":6},"end":{"line":55,"column":68}},"33":{"start":{"line":56,"column":6},"end":{"line":56,"column":13}},"34":{"start":{"line":59,"column":20},"end":{"line":59,"column":52}},"35":{"start":{"line":60,"column":27},"end":{"line":60,"column":83}},"36":{"start":{"line":61,"column":4},"end":{"line":61,"column":41}},"37":{"start":{"line":63,"column":4},"end":{"line":63,"column":38}},"38":{"start":{"line":50,"column":13},"end":{"line":50,"column":29}},"39":{"start":{"line":67,"column":29},"end":{"line":94,"column":1}},"40":{"start":{"line":68,"column":2},"end":{"line":93,"column":3}},"41":{"start":{"line":70,"column":24},"end":{"line":70,"column":36}},"42":{"start":{"line":71,"column":4},"end":{"line":74,"column":5}},"43":{"start":{"line":72,"column":6},"end":{"line":72,"column":68}},"44":{"start":{"line":73,"column":6},"end":{"line":73,"column":13}},"45":{"start":{"line":76,"column":15},"end":{"line":76,"column":40}},"46":{"start":{"line":77,"column":4},"end":{"line":80,"column":5}},"47":{"start":{"line":78,"column":6},"end":{"line":78,"column":63}},"48":{"start":{"line":79,"column":6},"end":{"line":79,"column":13}},"49":{"start":{"line":82,"column":20},"end":{"line":82,"column":52}},"50":{"start":{"line":83,"column":27},"end":{"line":83,"column":87}},"51":{"start":{"line":85,"column":4},"end":{"line":88,"column":5}},"52":{"start":{"line":86,"column":6},"end":{"line":86,"column":62}},"53":{"start":{"line":87,"column":6},"end":{"line":87,"column":13}},"54":{"start":{"line":90,"column":4},"end":{"line":90,"column":41}},"55":{"start":{"line":92,"column":4},"end":{"line":92,"column":38}},"56":{"start":{"line":67,"column":13},"end":{"line":67,"column":29}},"57":{"start":{"line":96,"column":29},"end":{"line":118,"column":1}},"58":{"start":{"line":98,"column":22},"end":{"line":98,"column":34}},"59":{"start":{"line":99,"column":2},"end":{"line":102,"column":3}},"60":{"start":{"line":100,"column":4},"end":{"line":100,"column":66}},"61":{"start":{"line":101,"column":4},"end":{"line":101,"column":11}},"62":{"start":{"line":104,"column":13},"end":{"line":104,"column":38}},"63":{"start":{"line":105,"column":2},"end":{"line":108,"column":3}},"64":{"start":{"line":106,"column":4},"end":{"line":106,"column":61}},"65":{"start":{"line":107,"column":4},"end":{"line":107,"column":11}},"66":{"start":{"line":110,"column":18},"end":{"line":110,"column":69}},"67":{"start":{"line":112,"column":2},"end":{"line":115,"column":3}},"68":{"start":{"line":113,"column":4},"end":{"line":113,"column":60}},"69":{"start":{"line":114,"column":4},"end":{"line":114,"column":11}},"70":{"start":{"line":117,"column":2},"end":{"line":117,"column":25}},"71":{"start":{"line":96,"column":13},"end":{"line":96,"column":29}},"72":{"start":{"line":120,"column":29},"end":{"line":130,"column":1}},"73":{"start":{"line":122,"column":22},"end":{"line":122,"column":34}},"74":{"start":{"line":123,"column":2},"end":{"line":126,"column":3}},"75":{"start":{"line":124,"column":4},"end":{"line":124,"column":66}},"76":{"start":{"line":125,"column":4},"end":{"line":125,"column":11}},"77":{"start":{"line":128,"column":21},"end":{"line":128,"column":68}},"78":{"start":{"line":129,"column":2},"end":{"line":129,"column":35}},"79":{"start":{"line":120,"column":13},"end":{"line":120,"column":29}},"80":{"start":{"line":132,"column":30},"end":{"line":139,"column":1}},"81":{"start":{"line":133,"column":2},"end":{"line":136,"column":3}},"82":{"start":{"line":134,"column":4},"end":{"line":134,"column":89}},"83":{"start":{"line":135,"column":4},"end":{"line":135,"column":11}},"84":{"start":{"line":138,"column":2},"end":{"line":138,"column":62}},"85":{"start":{"line":141,"column":19},"end":{"line":148,"column":1}},"86":{"start":{"line":142,"column":2},"end":{"line":144,"column":3}},"87":{"start":{"line":143,"column":4},"end":{"line":143,"column":16}},"88":{"start":{"line":146,"column":18},"end":{"line":146,"column":27}},"89":{"start":{"line":147,"column":2},"end":{"line":147,"column":34}}},"fnMap":{"0":{"name":"(anonymous_0)","decl":{"start":{"line":9,"column":27},"end":{"line":9,"column":32}},"loc":{"start":{"line":9,"column":80},"end":{"line":24,"column":1}}},"1":{"name":"(anonymous_1)","decl":{"start":{"line":26,"column":30},"end":{"line":26,"column":35}},"loc":{"start":{"line":26,"column":83},"end":{"line":48,"column":1}}},"2":{"name":"(anonymous_2)","decl":{"start":{"line":50,"column":29},"end":{"line":50,"column":34}},"loc":{"start":{"line":50,"column":82},"end":{"line":65,"column":1}}},"3":{"name":"(anonymous_3)","decl":{"start":{"line":67,"column":29},"end":{"line":67,"column":34}},"loc":{"start":{"line":67,"column":82},"end":{"line":94,"column":1}}},"4":{"name":"(anonymous_4)","decl":{"start":{"line":96,"column":29},"end":{"line":96,"column":34}},"loc":{"start":{"line":96,"column":82},"end":{"line":118,"column":1}}},"5":{"name":"(anonymous_5)","decl":{"start":{"line":120,"column":29},"end":{"line":120,"column":34}},"loc":{"start":{"line":120,"column":82},"end":{"line":130,"column":1}}},"6":{"name":"(anonymous_6)","decl":{"start":{"line":132,"column":30},"end":{"line":132,"column":31}},"loc":{"start":{"line":132,"column":70},"end":{"line":139,"column":1}}},"7":{"name":"(anonymous_7)","decl":{"start":{"line":141,"column":19},"end":{"line":141,"column":20}},"loc":{"start":{"line":141,"column":72},"end":{"line":148,"column":1}}}},"branchMap":{"0":{"loc":{"start":{"line":13,"column":4},"end":{"line":16,"column":5}},"type":"if","locations":[{"start":{"line":13,"column":4},"end":{"line":16,"column":5}},{"start":{},"end":{}}]},"1":{"loc":{"start":{"line":29,"column":2},"end":{"line":32,"column":3}},"type":"if","locations":[{"start":{"line":29,"column":2},"end":{"line":32,"column":3}},{"start":{},"end":{}}]},"2":{"loc":{"start":{"line":35,"column":2},"end":{"line":38,"column":3}},"type":"if","locations":[{"start":{"line":35,"column":2},"end":{"line":38,"column":3}},{"start":{},"end":{}}]},"3":{"loc":{"start":{"line":42,"column":2},"end":{"line":45,"column":3}},"type":"if","locations":[{"start":{"line":42,"column":2},"end":{"line":45,"column":3}},{"start":{},"end":{}}]},"4":{"loc":{"start":{"line":54,"column":4},"end":{"line":57,"column":5}},"type":"if","locations":[{"start":{"line":54,"column":4},"end":{"line":57,"column":5}},{"start":{},"end":{}}]},"5":{"loc":{"start":{"line":71,"column":4},"end":{"line":74,"column":5}},"type":"if","locations":[{"start":{"line":71,"column":4},"end":{"line":74,"column":5}},{"start":{},"end":{}}]},"6":{"loc":{"start":{"line":77,"column":4},"end":{"line":80,"column":5}},"type":"if","locations":[{"start":{"line":77,"column":4},"end":{"line":80,"column":5}},{"start":{},"end":{}}]},"7":{"loc":{"start":{"line":85,"column":4},"end":{"line":88,"column":5}},"type":"if","locations":[{"start":{"line":85,"column":4},"end":{"line":88,"column":5}},{"start":{},"end":{}}]},"8":{"loc":{"start":{"line":99,"column":2},"end":{"line":102,"column":3}},"type":"if","locations":[{"start":{"line":99,"column":2},"end":{"line":102,"column":3}},{"start":{},"end":{}}]},"9":{"loc":{"start":{"line":105,"column":2},"end":{"line":108,"column":3}},"type":"if","locations":[{"start":{"line":105,"column":2},"end":{"line":108,"column":3}},{"start":{},"end":{}}]},"10":{"loc":{"start":{"line":112,"column":2},"end":{"line":115,"column":3}},"type":"if","locations":[{"start":{"line":112,"column":2},"end":{"line":115,"column":3}},{"start":{},"end":{}}]},"11":{"loc":{"start":{"line":123,"column":2},"end":{"line":126,"column":3}},"type":"if","locations":[{"start":{"line":123,"column":2},"end":{"line":126,"column":3}},{"start":{},"end":{}}]},"12":{"loc":{"start":{"line":133,"column":2},"end":{"line":136,"column":3}},"type":"if","locations":[{"start":{"line":133,"column":2},"end":{"line":136,"column":3}},{"start":{},"end":{}}]},"13":{"loc":{"start":{"line":142,"column":2},"end":{"line":144,"column":3}},"type":"if","locations":[{"start":{"line":142,"column":2},"end":{"line":144,"column":3}},{"start":{},"end":{}}]},"14":{"loc":{"start":{"line":147,"column":9},"end":{"line":147,"column":33}},"type":"cond-expr","locations":[{"start":{"line":147,"column":19},"end":{"line":147,"column":26}},{"start":{"line":147,"column":29},"end":{"line":147,"column":33}}]}},"s":{"0":3,"1":3,"2":3,"3":0,"4":0,"5":0,"6":0,"7":0,"8":0,"9":0,"10":0,"11":0,"12":3,"13":3,"14":0,"15":0,"16":0,"17":0,"18":0,"19":0,"20":0,"21":0,"22":0,"23":0,"24":0,"25":0,"26":0,"27":3,"28":3,"29":0,"30":0,"31":0,"32":0,"33":0,"34":0,"35":0,"36":0,"37":0,"38":3,"39":3,"40":0,"41":0,"42":0,"43":0,"44":0,"45":0,"46":0,"47":0,"48":0,"49":0,"50":0,"51":0,"52":0,"53":0,"54":0,"55":0,"56":3,"57":3,"58":0,"59":0,"60":0,"61":0,"62":0,"63":0,"64":0,"65":0,"66":0,"67":0,"68":0,"69":0,"70":0,"71":3,"72":3,"73":0,"74":0,"75":0,"76":0,"77":0,"78":0,"79":3,"80":3,"81":0,"82":0,"83":0,"84":0,"85":3,"86":0,"87":0,"88":0,"89":0},"f":{"0":0,"1":0,"2":0,"3":0,"4":0,"5":0,"6":0,"7":0},"b":{"0":[0,0],"1":[0,0],"2":[0,0],"3":[0,0],"4":[0,0],"5":[0,0],"6":[0,0],"7":[0,0],"8":[0,0],"9":[0,0],"10":[0,0],"11":[0,0],"12":[0,0],"13":[0,0],"14":[0,0]}}
,"E:\\mpp\\spendy-app\\spendy-server\\src\\controllers\\fakerController.ts": {"path":"E:\\mpp\\spendy-app\\spendy-server\\src\\controllers\\fakerController.ts","statementMap":{"0":{"start":{"line":2,"column":0},"end":{"line":2,"column":56}},"1":{"start":{"line":4,"column":26},"end":{"line":7,"column":1}},"2":{"start":{"line":5,"column":17},"end":{"line":5,"column":37}},"3":{"start":{"line":6,"column":2},"end":{"line":6,"column":31}},"4":{"start":{"line":4,"column":13},"end":{"line":4,"column":26}},"5":{"start":{"line":9,"column":25},"end":{"line":12,"column":1}},"6":{"start":{"line":10,"column":17},"end":{"line":10,"column":36}},"7":{"start":{"line":11,"column":2},"end":{"line":11,"column":31}},"8":{"start":{"line":9,"column":13},"end":{"line":9,"column":25}}},"fnMap":{"0":{"name":"(anonymous_0)","decl":{"start":{"line":4,"column":26},"end":{"line":4,"column":27}},"loc":{"start":{"line":4,"column":65},"end":{"line":7,"column":1}}},"1":{"name":"(anonymous_1)","decl":{"start":{"line":9,"column":25},"end":{"line":9,"column":26}},"loc":{"start":{"line":9,"column":64},"end":{"line":12,"column":1}}}},"branchMap":{},"s":{"0":3,"1":3,"2":2,"3":2,"4":3,"5":3,"6":2,"7":2,"8":3},"f":{"0":2,"1":2},"b":{}}
,"E:\\mpp\\spendy-app\\spendy-server\\src\\models\\ChatMessage.ts": {"path":"E:\\mpp\\spendy-app\\spendy-server\\src\\models\\ChatMessage.ts","statementMap":{"0":{"start":{"line":1,"column":0},"end":{"line":1,"column":44}},"1":{"start":{"line":10,"column":26},"end":{"line":29,"column":null}},"2":{"start":{"line":32,"column":22},"end":{"line":32,"column":93}},"3":{"start":{"line":34,"column":13},"end":{"line":34,"column":107}}},"fnMap":{},"branchMap":{"0":{"loc":{"start":{"line":34,"column":27},"end":{"line":34,"column":106}},"type":"binary-expr","locations":[{"start":{"line":34,"column":27},"end":{"line":34,"column":40}},{"start":{"line":34,"column":44},"end":{"line":34,"column":106}}]}},"s":{"0":4,"1":4,"2":4,"3":4},"f":{},"b":{"0":[4,4]}}
,"E:\\mpp\\spendy-app\\spendy-server\\src\\routes\\adminRoutes.ts": {"path":"E:\\mpp\\spendy-app\\spendy-server\\src\\routes\\adminRoutes.ts","statementMap":{"0":{"start":{"line":1,"column":0},"end":{"line":1,"column":33}},"1":{"start":{"line":2,"column":0},"end":{"line":2,"column":87}},"2":{"start":{"line":3,"column":0},"end":{"line":3,"column":52}},"3":{"start":{"line":5,"column":20},"end":{"line":5,"column":28}},"4":{"start":{"line":7,"column":0},"end":{"line":7,"column":80}},"5":{"start":{"line":8,"column":0},"end":{"line":8,"column":96}},"6":{"start":{"line":10,"column":0},"end":{"line":10,"column":27}}},"fnMap":{},"branchMap":{},"s":{"0":3,"1":3,"2":3,"3":3,"4":3,"5":3,"6":3},"f":{},"b":{}}
,"E:\\mpp\\spendy-app\\spendy-server\\src\\routes\\authRoutes.ts": {"path":"E:\\mpp\\spendy-app\\spendy-server\\src\\routes\\authRoutes.ts","statementMap":{"0":{"start":{"line":1,"column":0},"end":{"line":1,"column":52}},"1":{"start":{"line":2,"column":0},"end":{"line":2,"column":56}},"2":{"start":{"line":3,"column":0},"end":{"line":3,"column":30}},"3":{"start":{"line":4,"column":0},"end":{"line":4,"column":36}},"4":{"start":{"line":5,"column":0},"end":{"line":5,"column":28}},"5":{"start":{"line":6,"column":0},"end":{"line":6,"column":34}},"6":{"start":{"line":7,"column":0},"end":{"line":7,"column":66}},"7":{"start":{"line":8,"column":0},"end":{"line":8,"column":58}},"8":{"start":{"line":9,"column":0},"end":{"line":9,"column":null}},"9":{"start":{"line":18,"column":19},"end":{"line":18,"column":27}},"10":{"start":{"line":20,"column":0},"end":{"line":114,"column":3}},"11":{"start":{"line":21,"column":2},"end":{"line":113,"column":3}},"12":{"start":{"line":23,"column":41},"end":{"line":23,"column":71}},"13":{"start":{"line":25,"column":19},"end":{"line":25,"column":36}},"14":{"start":{"line":26,"column":17},"end":{"line":26,"column":69}},"15":{"start":{"line":28,"column":4},"end":{"line":30,"column":5}},"16":{"start":{"line":29,"column":6},"end":{"line":29,"column":80}},"17":{"start":{"line":32,"column":28},"end":{"line":32,"column":73}},"18":{"start":{"line":33,"column":4},"end":{"line":35,"column":5}},"19":{"start":{"line":34,"column":6},"end":{"line":34,"column":80}},"20":{"start":{"line":38,"column":4},"end":{"line":53,"column":5}},"21":{"start":{"line":39,"column":6},"end":{"line":41,"column":7}},"22":{"start":{"line":40,"column":8},"end":{"line":40,"column":72}},"23":{"start":{"line":43,"column":23},"end":{"line":48,"column":8}},"24":{"start":{"line":50,"column":6},"end":{"line":52,"column":7}},"25":{"start":{"line":51,"column":8},"end":{"line":51,"column":71}},"26":{"start":{"line":55,"column":28},"end":{"line":62,"column":6}},"27":{"start":{"line":64,"column":17},"end":{"line":68,"column":6}},"28":{"start":{"line":70,"column":4},"end":{"line":72,"column":5}},"29":{"start":{"line":71,"column":6},"end":{"line":71,"column":89}},"30":{"start":{"line":75,"column":55},"end":{"line":75,"column":57}},"31":{"start":{"line":76,"column":4},"end":{"line":78,"column":7}},"32":{"start":{"line":77,"column":6},"end":{"line":77,"column":51}},"33":{"start":{"line":81,"column":19},"end":{"line":90,"column":null}},"34":{"start":{"line":94,"column":4},"end":{"line":94,"column":60}},"35":{"start":{"line":96,"column":4},"end":{"line":105,"column":7}},"36":{"start":{"line":107,"column":4},"end":{"line":109,"column":5}},"37":{"start":{"line":108,"column":6},"end":{"line":108,"column":85}},"38":{"start":{"line":111,"column":4},"end":{"line":111,"column":41}},"39":{"start":{"line":112,"column":4},"end":{"line":112,"column":71}},"40":{"start":{"line":116,"column":0},"end":{"line":214,"column":3}},"41":{"start":{"line":117,"column":2},"end":{"line":213,"column":3}},"42":{"start":{"line":119,"column":42},"end":{"line":119,"column":75}},"43":{"start":{"line":121,"column":19},"end":{"line":121,"column":36}},"44":{"start":{"line":124,"column":25},"end":{"line":128,"column":6}},"45":{"start":{"line":130,"column":4},"end":{"line":134,"column":5}},"46":{"start":{"line":131,"column":6},"end":{"line":133,"column":64}},"47":{"start":{"line":137,"column":19},"end":{"line":141,"column":6}},"48":{"start":{"line":144,"column":4},"end":{"line":151,"column":5}},"49":{"start":{"line":145,"column":6},"end":{"line":150,"column":9}},"50":{"start":{"line":154,"column":19},"end":{"line":154,"column":50}},"51":{"start":{"line":156,"column":20},"end":{"line":163,"column":6}},"52":{"start":{"line":166,"column":28},"end":{"line":173,"column":6}},"53":{"start":{"line":176,"column":55},"end":{"line":176,"column":57}},"54":{"start":{"line":177,"column":4},"end":{"line":179,"column":7}},"55":{"start":{"line":178,"column":6},"end":{"line":178,"column":51}},"56":{"start":{"line":181,"column":19},"end":{"line":190,"column":null}},"57":{"start":{"line":194,"column":4},"end":{"line":194,"column":60}},"58":{"start":{"line":196,"column":4},"end":{"line":205,"column":7}},"59":{"start":{"line":207,"column":4},"end":{"line":209,"column":5}},"60":{"start":{"line":208,"column":6},"end":{"line":208,"column":85}},"61":{"start":{"line":211,"column":4},"end":{"line":211,"column":48}},"62":{"start":{"line":212,"column":4},"end":{"line":212,"column":71}},"63":{"start":{"line":217,"column":0},"end":{"line":263,"column":3}},"64":{"start":{"line":218,"column":2},"end":{"line":262,"column":3}},"65":{"start":{"line":220,"column":22},"end":{"line":220,"column":61}},"66":{"start":{"line":222,"column":19},"end":{"line":222,"column":36}},"67":{"start":{"line":223,"column":17},"end":{"line":223,"column":67}},"68":{"start":{"line":224,"column":4},"end":{"line":224,"column":105}},"69":{"start":{"line":224,"column":15},"end":{"line":224,"column":105}},"70":{"start":{"line":226,"column":18},"end":{"line":226,"column":56}},"71":{"start":{"line":227,"column":20},"end":{"line":227,"column":57}},"72":{"start":{"line":229,"column":4},"end":{"line":229,"column":125}},"73":{"start":{"line":231,"column":23},"end":{"line":231,"column":74}},"74":{"start":{"line":232,"column":22},"end":{"line":232,"column":67}},"75":{"start":{"line":233,"column":23},"end":{"line":233,"column":77}},"76":{"start":{"line":240,"column":8},"end":{"line":243,"column":6}},"77":{"start":{"line":245,"column":4},"end":{"line":247,"column":5}},"78":{"start":{"line":246,"column":6},"end":{"line":246,"column":50}},"79":{"start":{"line":250,"column":4},"end":{"line":252,"column":5}},"80":{"start":{"line":251,"column":6},"end":{"line":251,"column":37}},"81":{"start":{"line":254,"column":4},"end":{"line":254,"column":42}},"82":{"start":{"line":256,"column":4},"end":{"line":258,"column":5}},"83":{"start":{"line":257,"column":6},"end":{"line":257,"column":81}},"84":{"start":{"line":260,"column":4},"end":{"line":260,"column":49}},"85":{"start":{"line":261,"column":4},"end":{"line":261,"column":71}},"86":{"start":{"line":266,"column":0},"end":{"line":289,"column":3}},"87":{"start":{"line":267,"column":2},"end":{"line":288,"column":3}},"88":{"start":{"line":269,"column":35},"end":{"line":269,"column":73}},"89":{"start":{"line":271,"column":19},"end":{"line":271,"column":36}},"90":{"start":{"line":272,"column":17},"end":{"line":272,"column":86}},"91":{"start":{"line":273,"column":4},"end":{"line":275,"column":5}},"92":{"start":{"line":274,"column":6},"end":{"line":274,"column":76}},"93":{"start":{"line":277,"column":19},"end":{"line":277,"column":53}},"94":{"start":{"line":278,"column":4},"end":{"line":278,"column":139}},"95":{"start":{"line":280,"column":4},"end":{"line":280,"column":73}},"96":{"start":{"line":282,"column":4},"end":{"line":284,"column":5}},"97":{"start":{"line":283,"column":6},"end":{"line":283,"column":81}},"98":{"start":{"line":286,"column":4},"end":{"line":286,"column":48}},"99":{"start":{"line":287,"column":4},"end":{"line":287,"column":71}},"100":{"start":{"line":292,"column":0},"end":{"line":306,"column":3}},"101":{"start":{"line":293,"column":2},"end":{"line":305,"column":3}},"102":{"start":{"line":295,"column":20},"end":{"line":295,"column":40}},"103":{"start":{"line":296,"column":4},"end":{"line":296,"column":86}},"104":{"start":{"line":296,"column":17},"end":{"line":296,"column":86}},"105":{"start":{"line":298,"column":19},"end":{"line":298,"column":85}},"106":{"start":{"line":301,"column":4},"end":{"line":301,"column":130}},"107":{"start":{"line":303,"column":4},"end":{"line":303,"column":43}},"108":{"start":{"line":304,"column":4},"end":{"line":304,"column":71}},"109":{"start":{"line":309,"column":0},"end":{"line":332,"column":3}},"110":{"start":{"line":310,"column":2},"end":{"line":331,"column":3}},"111":{"start":{"line":311,"column":20},"end":{"line":311,"column":40}},"112":{"start":{"line":312,"column":4},"end":{"line":312,"column":86}},"113":{"start":{"line":312,"column":17},"end":{"line":312,"column":86}},"114":{"start":{"line":315,"column":30},"end":{"line":315,"column":64}},"115":{"start":{"line":317,"column":21},"end":{"line":317,"column":92}},"116":{"start":{"line":318,"column":4},"end":{"line":318,"column":78}},"117":{"start":{"line":318,"column":19},"end":{"line":318,"column":78}},"118":{"start":{"line":320,"column":19},"end":{"line":320,"column":36}},"119":{"start":{"line":321,"column":4},"end":{"line":321,"column":110}},"120":{"start":{"line":323,"column":4},"end":{"line":323,"column":61}},"121":{"start":{"line":325,"column":4},"end":{"line":327,"column":5}},"122":{"start":{"line":326,"column":6},"end":{"line":326,"column":81}},"123":{"start":{"line":329,"column":4},"end":{"line":329,"column":44}},"124":{"start":{"line":330,"column":4},"end":{"line":330,"column":71}},"125":{"start":{"line":334,"column":0},"end":{"line":334,"column":26}}},"fnMap":{"0":{"name":"(anonymous_10)","decl":{"start":{"line":20,"column":26},"end":{"line":20,"column":31}},"loc":{"start":{"line":20,"column":64},"end":{"line":114,"column":1}}},"1":{"name":"(anonymous_11)","decl":{"start":{"line":76,"column":28},"end":{"line":76,"column":29}},"loc":{"start":{"line":76,"column":35},"end":{"line":78,"column":5}}},"2":{"name":"(anonymous_12)","decl":{"start":{"line":116,"column":29},"end":{"line":116,"column":34}},"loc":{"start":{"line":116,"column":67},"end":{"line":214,"column":1}}},"3":{"name":"(anonymous_13)","decl":{"start":{"line":177,"column":28},"end":{"line":177,"column":29}},"loc":{"start":{"line":177,"column":35},"end":{"line":179,"column":5}}},"4":{"name":"(anonymous_14)","decl":{"start":{"line":217,"column":36},"end":{"line":217,"column":41}},"loc":{"start":{"line":217,"column":74},"end":{"line":263,"column":1}}},"5":{"name":"(anonymous_15)","decl":{"start":{"line":266,"column":35},"end":{"line":266,"column":40}},"loc":{"start":{"line":266,"column":73},"end":{"line":289,"column":1}}},"6":{"name":"(anonymous_16)","decl":{"start":{"line":292,"column":30},"end":{"line":292,"column":35}},"loc":{"start":{"line":292,"column":68},"end":{"line":306,"column":1}}},"7":{"name":"(anonymous_17)","decl":{"start":{"line":309,"column":31},"end":{"line":309,"column":36}},"loc":{"start":{"line":309,"column":69},"end":{"line":332,"column":1}}}},"branchMap":{"0":{"loc":{"start":{"line":28,"column":4},"end":{"line":30,"column":5}},"type":"if","locations":[{"start":{"line":28,"column":4},"end":{"line":30,"column":5}},{"start":{},"end":{}}]},"1":{"loc":{"start":{"line":33,"column":4},"end":{"line":35,"column":5}},"type":"if","locations":[{"start":{"line":33,"column":4},"end":{"line":35,"column":5}},{"start":{},"end":{}}]},"2":{"loc":{"start":{"line":38,"column":4},"end":{"line":53,"column":5}},"type":"if","locations":[{"start":{"line":38,"column":4},"end":{"line":53,"column":5}},{"start":{},"end":{}}]},"3":{"loc":{"start":{"line":39,"column":6},"end":{"line":41,"column":7}},"type":"if","locations":[{"start":{"line":39,"column":6},"end":{"line":41,"column":7}},{"start":{},"end":{}}]},"4":{"loc":{"start":{"line":44,"column":16},"end":{"line":44,"column":37}},"type":"binary-expr","locations":[{"start":{"line":44,"column":16},"end":{"line":44,"column":31}},{"start":{"line":44,"column":35},"end":{"line":44,"column":37}}]},"5":{"loc":{"start":{"line":50,"column":6},"end":{"line":52,"column":7}},"type":"if","locations":[{"start":{"line":50,"column":6},"end":{"line":52,"column":7}},{"start":{},"end":{}}]},"6":{"loc":{"start":{"line":70,"column":4},"end":{"line":72,"column":5}},"type":"if","locations":[{"start":{"line":70,"column":4},"end":{"line":72,"column":5}},{"start":{},"end":{}}]},"7":{"loc":{"start":{"line":87,"column":17},"end":{"line":87,"column":78}},"type":"cond-expr","locations":[{"start":{"line":87,"column":62},"end":{"line":87,"column":69}},{"start":{"line":87,"column":72},"end":{"line":87,"column":78}}]},"8":{"loc":{"start":{"line":89,"column":6},"end":{"line":89,"column":44}},"type":"binary-expr","locations":[{"start":{"line":89,"column":6},"end":{"line":89,"column":28}},{"start":{"line":89,"column":32},"end":{"line":89,"column":44}}]},"9":{"loc":{"start":{"line":90,"column":19},"end":{"line":90,"column":53}},"type":"binary-expr","locations":[{"start":{"line":90,"column":19},"end":{"line":90,"column":45}},{"start":{"line":90,"column":49},"end":{"line":90,"column":53}}]},"10":{"loc":{"start":{"line":107,"column":4},"end":{"line":109,"column":5}},"type":"if","locations":[{"start":{"line":107,"column":4},"end":{"line":109,"column":5}},{"start":{},"end":{}}]},"11":{"loc":{"start":{"line":130,"column":4},"end":{"line":134,"column":5}},"type":"if","locations":[{"start":{"line":130,"column":4},"end":{"line":134,"column":5}},{"start":{},"end":{}}]},"12":{"loc":{"start":{"line":144,"column":4},"end":{"line":151,"column":5}},"type":"if","locations":[{"start":{"line":144,"column":4},"end":{"line":151,"column":5}},{"start":{},"end":{}}]},"13":{"loc":{"start":{"line":187,"column":17},"end":{"line":187,"column":82}},"type":"cond-expr","locations":[{"start":{"line":187,"column":66},"end":{"line":187,"column":73}},{"start":{"line":187,"column":76},"end":{"line":187,"column":82}}]},"14":{"loc":{"start":{"line":189,"column":6},"end":{"line":189,"column":44}},"type":"binary-expr","locations":[{"start":{"line":189,"column":6},"end":{"line":189,"column":28}},{"start":{"line":189,"column":32},"end":{"line":189,"column":44}}]},"15":{"loc":{"start":{"line":190,"column":19},"end":{"line":190,"column":53}},"type":"binary-expr","locations":[{"start":{"line":190,"column":19},"end":{"line":190,"column":45}},{"start":{"line":190,"column":49},"end":{"line":190,"column":53}}]},"16":{"loc":{"start":{"line":207,"column":4},"end":{"line":209,"column":5}},"type":"if","locations":[{"start":{"line":207,"column":4},"end":{"line":209,"column":5}},{"start":{},"end":{}}]},"17":{"loc":{"start":{"line":224,"column":4},"end":{"line":224,"column":105}},"type":"if","locations":[{"start":{"line":224,"column":4},"end":{"line":224,"column":105}},{"start":{},"end":{}}]},"18":{"loc":{"start":{"line":231,"column":23},"end":{"line":231,"column":74}},"type":"binary-expr","locations":[{"start":{"line":231,"column":23},"end":{"line":231,"column":47}},{"start":{"line":231,"column":51},"end":{"line":231,"column":74}}]},"19":{"loc":{"start":{"line":245,"column":4},"end":{"line":247,"column":5}},"type":"if","locations":[{"start":{"line":245,"column":4},"end":{"line":247,"column":5}},{"start":{},"end":{}}]},"20":{"loc":{"start":{"line":250,"column":4},"end":{"line":252,"column":5}},"type":"if","locations":[{"start":{"line":250,"column":4},"end":{"line":252,"column":5}},{"start":{},"end":{}}]},"21":{"loc":{"start":{"line":256,"column":4},"end":{"line":258,"column":5}},"type":"if","locations":[{"start":{"line":256,"column":4},"end":{"line":258,"column":5}},{"start":{},"end":{}}]},"22":{"loc":{"start":{"line":273,"column":4},"end":{"line":275,"column":5}},"type":"if","locations":[{"start":{"line":273,"column":4},"end":{"line":275,"column":5}},{"start":{},"end":{}}]},"23":{"loc":{"start":{"line":273,"column":8},"end":{"line":273,"column":95}},"type":"binary-expr","locations":[{"start":{"line":273,"column":8},"end":{"line":273,"column":13}},{"start":{"line":273,"column":17},"end":{"line":273,"column":43}},{"start":{"line":273,"column":47},"end":{"line":273,"column":95}}]},"24":{"loc":{"start":{"line":282,"column":4},"end":{"line":284,"column":5}},"type":"if","locations":[{"start":{"line":282,"column":4},"end":{"line":284,"column":5}},{"start":{},"end":{}}]},"25":{"loc":{"start":{"line":296,"column":4},"end":{"line":296,"column":86}},"type":"if","locations":[{"start":{"line":296,"column":4},"end":{"line":296,"column":86}},{"start":{},"end":{}}]},"26":{"loc":{"start":{"line":312,"column":4},"end":{"line":312,"column":86}},"type":"if","locations":[{"start":{"line":312,"column":4},"end":{"line":312,"column":86}},{"start":{},"end":{}}]},"27":{"loc":{"start":{"line":318,"column":4},"end":{"line":318,"column":78}},"type":"if","locations":[{"start":{"line":318,"column":4},"end":{"line":318,"column":78}},{"start":{},"end":{}}]},"28":{"loc":{"start":{"line":325,"column":4},"end":{"line":327,"column":5}},"type":"if","locations":[{"start":{"line":325,"column":4},"end":{"line":327,"column":5}},{"start":{},"end":{}}]}},"s":{"0":3,"1":3,"2":3,"3":3,"4":3,"5":3,"6":3,"7":3,"8":3,"9":3,"10":3,"11":8,"12":8,"13":8,"14":8,"15":8,"16":0,"17":8,"18":8,"19":2,"20":6,"21":2,"22":1,"23":1,"24":1,"25":0,"26":5,"27":5,"28":5,"29":0,"30":5,"31":5,"32":15,"33":5,"34":5,"35":5,"36":0,"37":0,"38":0,"39":0,"40":3,"41":4,"42":4,"43":3,"44":3,"45":3,"46":1,"47":2,"48":2,"49":0,"50":2,"51":2,"52":2,"53":2,"54":2,"55":6,"56":2,"57":2,"58":2,"59":1,"60":1,"61":0,"62":0,"63":3,"64":1,"65":1,"66":1,"67":1,"68":1,"69":0,"70":1,"71":1,"72":1,"73":1,"74":1,"75":1,"76":1,"77":1,"78":0,"79":1,"80":1,"81":1,"82":0,"83":0,"84":0,"85":0,"86":3,"87":2,"88":2,"89":2,"90":2,"91":2,"92":1,"93":1,"94":1,"95":1,"96":0,"97":0,"98":0,"99":0,"100":3,"101":1,"102":1,"103":1,"104":0,"105":1,"106":1,"107":0,"108":0,"109":3,"110":1,"111":1,"112":1,"113":0,"114":1,"115":1,"116":1,"117":0,"118":1,"119":1,"120":1,"121":0,"122":0,"123":0,"124":0,"125":3},"f":{"0":8,"1":15,"2":4,"3":6,"4":1,"5":2,"6":1,"7":1},"b":{"0":[0,8],"1":[2,6],"2":[2,4],"3":[1,1],"4":[1,0],"5":[0,1],"6":[0,5],"7":[0,5],"8":[5,0],"9":[5,0],"10":[0,0],"11":[1,2],"12":[0,2],"13":[0,2],"14":[2,0],"15":[2,0],"16":[1,0],"17":[0,1],"18":[1,1],"19":[0,1],"20":[1,0],"21":[0,0],"22":[1,1],"23":[2,1,
[...]
"column":1}},"143":{"start":{"line":279,"column":2},"end":{"line":281,"column":3}},"144":{"start":{"line":280,"column":4},"end":{"line":280,"column":63}},"145":{"start":{"line":283,"column":15},"end":{"line":283,"column":49}},"146":{"start":{"line":284,"column":24},"end":{"line":284,"column":87}},"147":{"start":{"line":284,"column":58},"end":{"line":284,"column":86}},"148":{"start":{"line":286,"column":2},"end":{"line":288,"column":3}},"149":{"start":{"line":287,"column":4},"end":{"line":287,"column":88}},"150":{"start":{"line":287,"column":57},"end":{"line":287,"column":85}},"151":{"start":{"line":290,"column":2},"end":{"line":290,"column":14}},"152":{"start":{"line":293,"column":26},"end":{"line":308,"column":1}},"153":{"start":{"line":298,"column":2},"end":{"line":300,"column":3}},"154":{"start":{"line":299,"column":4},"end":{"line":299,"column":21}},"155":{"start":{"line":302,"column":2},"end":{"line":305,"column":3}},"156":{"start":{"line":303,"column":4},"end":{"line":303,"column":72}},"157":{"start":{"line":304,"column":4},"end":{"line":304,"column":21}},"158":{"start":{"line":307,"column":2},"end":{"line":307,"column":22}},"159":{"start":{"line":310,"column":26},"end":{"line":326,"column":1}},"160":{"start":{"line":315,"column":2},"end":{"line":318,"column":3}},"161":{"start":{"line":316,"column":4},"end":{"line":316,"column":74}},"162":{"start":{"line":317,"column":4},"end":{"line":317,"column":16}},"163":{"start":{"line":320,"column":2},"end":{"line":323,"column":3}},"164":{"start":{"line":321,"column":4},"end":{"line":321,"column":64}},"165":{"start":{"line":322,"column":4},"end":{"line":322,"column":16}},"166":{"start":{"line":325,"column":2},"end":{"line":325,"column":15}}},"fnMap":{"0":{"name":"(anonymous_0)","decl":{"start":{"line":28,"column":2},"end":{"line":28,"column":30}},"loc":{"start":{"line":28,"column":47},"end":{"line":30,"column":3}}},"1":{"name":"(anonymous_1)","decl":{"start":{"line":33,"column":39},"end":{"line":33,"column":40}},"loc":{"start":{"line":33,"column":75},"end":{"line":57,"column":1}}},"2":{"name":"(anonymous_2)","decl":{"start":{"line":59,"column":38},"end":{"line":59,"column":39}},"loc":{"start":{"line":59,"column":73},"end":{"line":125,"column":1}}},"3":{"name":"(anonymous_3)","decl":{"start":{"line":127,"column":36},"end":{"line":127,"column":37}},"loc":{"start":{"line":127,"column":112},"end":{"line":161,"column":1}}},"4":{"name":"(anonymous_4)","decl":{"start":{"line":163,"column":39},"end":{"line":163,"column":null}},"loc":{"start":{"line":165,"column":59},"end":{"line":194,"column":1}}},"5":{"name":"(anonymous_5)","decl":{"start":{"line":196,"column":45},"end":{"line":196,"column":46}},"loc":{"start":{"line":196,"column":85},"end":{"line":210,"column":1}}},"6":{"name":"(anonymous_6)","decl":{"start":{"line":212,"column":44},"end":{"line":212,"column":null}},"loc":{"start":{"line":214,"column":44},"end":{"line":233,"column":1}}},"7":{"name":"(anonymous_7)","decl":{"start":{"line":235,"column":40},"end":{"line":235,"column":41}},"loc":{"start":{"line":235,"column":96},"end":{"line":254,"column":1}}},"8":{"name":"(anonymous_8)","decl":{"start":{"line":256,"column":26},"end":{"line":256,"column":null}},"loc":{"start":{"line":260,"column":19},"end":{"line":273,"column":1}}},"9":{"name":"(anonymous_9)","decl":{"start":{"line":275,"column":26},"end":{"line":275,"column":null}},"loc":{"start":{"line":278,"column":29},"end":{"line":291,"column":1}}},"10":{"name":"(anonymous_10)","decl":{"start":{"line":284,"column":49},"end":{"line":284,"column":50}},"loc":{"start":{"line":284,"column":58},"end":{"line":284,"column":86}}},"11":{"name":"(anonymous_11)","decl":{"start":{"line":287,"column":48},"end":{"line":287,"column":49}},"loc":{"start":{"line":287,"column":57},"end":{"line":287,"column":85}}},"12":{"name":"(anonymous_12)","decl":{"start":{"line":293,"column":26},"end":{"line":293,"column":null}},"loc":{"start":{"line":297,"column":24},"end":{"line":308,"column":1}}},"13":{"name":"(anonymous_13)","decl":{"start":{"line":310,"column":26},"end":{"line":310,"column":null}},"loc":{"start":{"line":314,"column":19},"end":{"line":326,"column":1}}}},"branchMap":{"0":{"loc":{"start":{"line":34,"column":18},"end":{"line":34,"column":29}},"type":"binary-expr","locations":[{"start":{"line":34,"column":18},"end":{"line":34,"column":23}},{"start":{"line":34,"column":27},"end":{"line":34,"column":29}}]},"1":{"loc":{"start":{"line":36,"column":18},"end":{"line":36,"column":36}},"type":"binary-expr","locations":[{"start":{"line":36,"column":18},"end":{"line":36,"column":29}},{"start":{"line":36,"column":33},"end":{"line":36,"column":36}}]},"2":{"loc":{"start":{"line":37,"column":19},"end":{"line":37,"column":39}},"type":"binary-expr","locations":[{"start":{"line":37,"column":19},"end":{"line":37,"column":31}},{"start":{"line":37,"column":35},"end":{"line":37,"column":39}}]},"3":{"loc":{"start":{"line":44,"column":2},"end":{"line":46,"column":3}},"type":"if","locations":[{"start":{"line":44,"column":2},"end":{"line":46,"column":3}},{"start":{},"end":{}}]},"4":{"loc":{"start":{"line":44,"column":6},"end":{"line":44,"column":41}},"type":"binary-expr","locations":[{"start":{"line":44,"column":6},"end":{"line":44,"column":29}},{"start":{"line":44,"column":33},"end":{"line":44,"column":41}}]},"5":{"loc":{"start":{"line":48,"column":2},"end":{"line":50,"column":3}},"type":"if","locations":[{"start":{"line":48,"column":2},"end":{"line":50,"column":3}},{"start":{},"end":{}}]},"6":{"loc":{"start":{"line":48,"column":6},"end":{"line":48,"column":58}},"type":"binary-expr","locations":[{"start":{"line":48,"column":6},"end":{"line":48,"column":30}},{"start":{"line":48,"column":34},"end":{"line":48,"column":43}},{"start":{"line":48,"column":47},"end":{"line":48,"column":58}}]},"7":{"loc":{"start":{"line":52,"column":2},"end":{"line":54,"column":3}},"type":"if","locations":[{"start":{"line":52,"column":2},"end":{"line":54,"column":3}},{"start":{},"end":{}}]},"8":{"loc":{"start":{"line":60,"column":2},"end":{"line":62,"column":3}},"type":"if","locations":[{"start":{"line":60,"column":2},"end":{"line":62,"column":3}},{"start":{},"end":{}}]},"9":{"loc":{"start":{"line":60,"column":6},"end":{"line":60,"column":71}},"type":"binary-expr","locations":[{"start":{"line":60,"column":6},"end":{"line":60,"column":14}},{"start":{"line":60,"column":18},"end":{"line":60,"column":45}},{"start":{"line":60,"column":49},"end":{"line":60,"column":71}}]},"10":{"loc":{"start":{"line":68,"column":4},"end":{"line":70,"column":5}},"type":"if","locations":[{"start":{"line":68,"column":4},"end":{"line":70,"column":5}},{"start":{},"end":{}}]},"11":{"loc":{"start":{"line":81,"column":2},"end":{"line":83,"column":3}},"type":"if","locations":[{"start":{"line":81,"column":2},"end":{"line":83,"column":3}},{"start":{},"end":{}}]},"12":{"loc":{"start":{"line":81,"column":6},"end":{"line":81,"column":95}},"type":"binary-expr","locations":[{"start":{"line":81,"column":6},"end":{"line":81,"column":14}},{"start":{"line":81,"column":18},"end":{"line":81,"column":95}}]},"13":{"loc":{"start":{"line":85,"column":2},"end":{"line":90,"column":3}},"type":"if","locations":[{"start":{"line":85,"column":2},"end":{"line":90,"column":3}},{"start":{},"end":{}}]},"14":{"loc":{"start":{"line":86,"column":4},"end":{"line":87,"column":80}},"type":"binary-expr","locations":[{"start":{"line":86,"column":4},"end":{"line":86,"column":17}},{"start":{"line":87,"column":4},"end":{"line":87,"column":80}}]},"15":{"loc":{"start":{"line":92,"column":2},"end":{"line":94,"column":3}},"type":"if","locations":[{"start":{"line":92,"column":2},"end":{"line":94,"column":3}},{"start":{},"end":{}}]},"16":{"loc":{"start":{"line":92,"column":6},"end":{"line":92,"column":40}},"type":"binary-expr","locations":[{"start":{"line":92,"column":6},"end":{"line":92,"column":10}},{"start":{"line":92,"column":14},"end":{"line":92,"column":40}}]},"17":{"loc":{"start":{"line":96,"column":2},"end":{"line":98,"column":3}},"type":"if","locations":[{"start":{"line":96,"column":2},"end":{"line":98,"column":3}},{"start":{},"end":{}}]},"18":{"loc":{"start":{"line":96,"column":6},"end":{"line":96,"column":44}},"type":"binary-expr","locations":[{"start":{"line":96,"column":6},"end":{"line":96,"column":10}},{"start":{"line":96,"column":14},"end":{"line":96,"column":44}}]},"19":{"loc":{"start":{"line":100,"column":2},"end":{"line":102,"column":3}},"type":"if","locations":[{"start":{"line":100,"column":2},"end":{"line":102,"column":3}},{"start":{},"end":{}}]},"20":{"loc":{"start":{"line":100,"column":6},"end":{"line":100,"column":33}},"type":"binary-expr","locations":[{"start":{"line":100,"column":6},"end":{"line":100,"column":11}},{"start":{"line":100,"column":15},"end":{"line":100,"column":33}}]},"21":{"loc":{"start":{"line":104,"column":2},"end":{"line":106,"column":3}},"type":"if","locations":[{"start":{"line":104,"column":2},"end":{"line":106,"column":3}},{"start":{},"end":{}}]},"22":{"loc":{"start":{"line":104,"column":6},"end":{"line":104,"column":47}},"type":"binary-expr","locations":[{"start":{"line":104,"column":6},"end":{"line":104,"column":25}},{"start":{"line":104,"column":29},"end":{"line":104,"column":47}}]},"23":{"loc":{"start":{"line":108,"column":2},"end":{"line":110,"column":3}},"type":"if","locations":[{"start":{"line":108,"column":2},"end":{"line":110,"column":3}},{"start":{},"end":{}}]},"24":{"loc":{"start":{"line":120,"column":2},"end":{"line":122,"column":3}},"type":"if","locations":[{"start":{"line":120,"column":2},"end":{"line":122,"column":3}},{"start":{},"end":{}}]},"25":{"loc":{"start":{"line":135,"column":2},"end":{"line":137,"column":3}},"type":"if","locations":[{"start":{"line":135,"column":2},"end":{"line":137,"column":3}},{"start":{},"end":{}}]},"26":{"loc":{"start":{"line":135,"column":6},"end":{"line":135,"column":38}},"type":"binary-expr","locations":[{"start":{"line":135,"column":6},"end":{"line":135,"column":14}},{"start":{"line":135,"column":18},"end":{"line":135,"column":38}}]},"27":{"loc":{"start":{"line":139,"column":2},"end":{"line":141,"column":3}},"type":"if","locations":[{"start":{"line":139,"column":2},"end":{"line":141,"column":3}},{"start":{},"end":{}}]},"28":{"loc":{"start":{"line":139,"column":6},"end":{"line":139,"column":64}},"type":"binary-expr","locations":[{"start":{"line":139,"column":6},"end":{"line":139,"column":14}},{"start":{"line":139,"column":19},"end":{"line":139,"column":38}},{"start":{"line":139,"column":42},"end":{"line":139,"column":63}}]},"29":{"loc":{"start":{"line":143,"column":2},"end":{"line":145,"column":3}},"type":"if","locations":[{"start":{"line":143,"column":2},"end":{"line":145,"column":3}},{"start":{},"end":{}}]},"30":{"loc":{"start":{"line":143,"column":6},"end":{"line":143,"column":50}},"type":"binary-expr","locations":[{"start":{"line":143,"column":6},"end":{"line":143,"column":24}},{"start":{"line":143,"column":28},"end":{"line":143,"column":50}}]},"31":{"loc":{"start":{"line":147,"column":2},"end":{"line":149,"column":3}},"type":"if","locations":[{"start":{"line":147,"column":2},"end":{"line":149,"column":3}},{"start":{},"end":{}}]},"32":{"loc":{"start":{"line":156,"column":2},"end":{"line":158,"column":3}},"type":"if","locations":[{"start":{"line":156,"column":2},"end":{"line":158,"column":3}},{"start":{},"end":{}}]},"33":{"loc":{"start":{"line":173,"column":2},"end":{"line":175,"column":3}},"type":"if","locations":[{"start":{"line":173,"column":2},"end":{"line":175,"column":3}},{"start":{},"end":{}}]},"34":{"loc":{"start":{"line":173,"column":6},"end":{"line":173,"column":63}},"type":"binary-expr","locations":[{"start":{"line":173,"column":6},"end":{"line":173,"column":14}},{"start":{"line":173,"column":19},"end":{"line":173,"column":38}},{"start":{"line":173,"column":42},"end":{"line":173,"column":62}}]},"35":{"loc":{"start":{"line":177,"column":2},"end":{"line":179,"column":3}},"type":"if","locations":[{"start":{"line":177,"column":2},"end":{"line":179,"column":3}},{"start":{},"end":{}}]},"36":{"loc":{"start":{"line":177,"column":6},"end":{"line":177,"column":63}},"type":"binary-expr","locations":[{"start":{"line":177,"column":6},"end":{"line":177,"column":11}},{"start":{"line":177,"column":16},"end":{"line":177,"column":34}},{"start":{"line":177,"column":38},"end":{"line":177,"column":62}}]},"37":{"loc":{"start":{"line":181,"column":2},"end":{"line":183,"column":3}},"type":"if","locations":[{"start":{"line":181,"column":2},"end":{"line":183,"column":3}},{"start":{},"end":{}}]},"38":{"loc":{"start":{"line":181,"column":6},"end":{"line":181,"column":64}},"type":"binary-expr","locations":[{"start":{"line":181,"column":6},"end":{"line":181,"column":14}},{"start":{"line":181,"column":19},"end":{"line":181,"column":38}},{"start":{"line":181,"column":42},"end":{"line":181,"column":63}}]},"39":{"loc":{"start":{"line":185,"column":2},"end":{"line":187,"column":3}},"type":"if","locations":[{"start":{"line":185,"column":2},"end":{"line":187,"column":3}},{"start":{},"end":{}}]},"40":{"loc":{"start":{"line":201,"column":2},"end":{"line":203,"column":3}},"type":"if","locations":[{"start":{"line":201,"column":2},"end":{"line":203,"column":3}},{"start":{},"end":{}}]},"41":{"loc":{"start":{"line":201,"column":6},"end":{"line":201,"column":63}},"type":"binary-expr","locations":[{"start":{"line":201,"column":6},"end":{"line":201,"column":11}},{"start":{"line":201,"column":16},"end":{"line":201,"column":34}},{"start":{"line":201,"column":38},"end":{"line":201,"column":62}}]},"42":{"loc":{"start":{"line":205,"column":2},"end":{"line":207,"column":3}},"type":"if","locations":[{"start":{"line":205,"column":2},"end":{"line":207,"column":3}},{"start":{},"end":{}}]},"43":{"loc":{"start":{"line":220,"column":2},"end":{"line":222,"column":3}},"type":"if","locations":[{"start":{"line":220,"column":2},"end":{"line":222,"column":3}},{"start":{},"end":{}}]},"44":{"loc":{"start":{"line":220,"column":6},"end":{"line":220,"column":33}},"type":"binary-expr","locations":[{"start":{"line":220,"column":6},"end":{"line":220,"column":11}},{"start":{"line":220,"column":15},"end":{"line":220,"column":33}}]},"45":{"loc":{"start":{"line":224,"column":2},"end":{"line":226,"column":3}},"type":"if","locations":[{"start":{"line":224,"column":2},"end":{"line":226,"column":3}},{"start":{},"end":{}}]},"46":{"loc":{"start":{"line":224,"column":6},"end":{"line":224,"column":73}},"type":"binary-expr","locations":[{"start":{"line":224,"column":6},"end":{"line":224,"column":17}},{"start":{"line":224,"column":22},"end":{"line":224,"column":44}},{"start":{"line":224,"column":48},"end":{"line":224,"column":72}}]},"47":{"loc":{"start":{"line":228,"column":2},"end":{"line":230,"column":3}},"type":"if","locations":[{"start":{"line":228,"column":2},"end":{"line":230,"column":3}},{"start":{},"end":{}}]},"48":{"loc":{"start":{"line":241,"column":2},"end":{"line":243,"column":3}},"type":"if","locations":[{"start":{"line":241,"column":2},"end":{"line":243,"column":3}},{"start":{},"end":{}}]},"49":{"loc":{"start":{"line":241,"column":6},"end":{"line":241,"column":35}},"type":"binary-expr","locations":[{"start":{"line":241,"column":6},"end":{"line":241,"column":12}},{"start":{"line":241,"column":16},"end":{"line":241,"column":35}}]},"50":{"loc":{"start":{"line":245,"column":2},"end":{"line":247,"column":3}},"type":"if","locations":[{"start":{"line":245,"column":2},"end":{"line":247,"column":3}},{"start":{},"end":{}}]},"51":{"loc":{"start":{"line":245,"column":6},"end":{"line":245,"column":38}},"type":"binary-expr","locations":[{"start":{"line":245,"column":6},"end":{"line":245,"column":11}},{"start":{"line":245,"column":15},"end":{"line":245,"column":38}}]},"52":{"loc":{"start":{"line":249,"column":2},"end":{"line":251,"column":3}},"type":"if","locations":[{"start":{"line":249,"column":2},"end":{"line":251,"column":3}},{"start":{},"end":{}}]},"53":{"loc":{"start":{"line":261,"column":2},"end":{"line":264,"column":3}},"type":"if","locations":[{"start":{"line":261,"column":2},"end":{"line":264,"column":3}},{"start":{},"end":{}}]},"54":{"loc":{"start":{"line":267,"column":2},"end":{"line":270,"column":3}},"type":"if","locations":[{"start":{"line":267,"column":2},"end":{"line":270,"column":3}},{"start":{},"end":{}}]},"55":{"loc":{"start":{"line":279,"column":2},"end":{"line":281,"column":3}},"type":"if","locations":[{"start":{"line":279,"column":2},"end":{"line":281,"column":3}},{"start":{},"end":{}}]},"56":{"loc":{"start":{"line":279,"column":6},"end":{"line":279,"column":71}},"type":"binary-expr","locations":[{"start":{"line":279,"column":6},"end":{"line":279,"column":14}},{"start":{"line":279,"column":18},"end":{"line":279,"column":45}},{"start":{"line":279,"column":49},"end":{"line":279,"column":71}}]},"57":{"loc":{"start":{"line":286,"column":2},"end":{"line":288,"column":3}},"type":"if","locations":[{"start":{"line":286,"column":2},"end":{"line":288,"column":3}},{"start":{},"end":{}}]},"58":{"loc":{"start":{"line":298,"column":2},"end":{"line":300,"column":3}},"type":"if","locations":[{"start":{"line":298,"column":2},"end":{"line":300,"column":3}},{"start":{},"end":{}}]},"59":{"loc":{"start":{"line":302,"column":2},"end":{"line":305,"column":3}},"type":"if","locations":[{"start":{"line":302,"column":2},"end":{"line":305,"column":3}},{"start":{},"end":{}}]},"60":{"loc":{"start":{"line":315,"column":2},"end":{"line":318,"column":3}},"type":"if","locations":[{"start":{"line":315,"column":2},"end":{"line":318,"column":3}},{"start":{},"end":{}}]},"61":{"loc":{"start":{"line":315,"column":6},"end":{"line":315,"column":54}},"type":"binary-expr","locations":[{"start":{"line":315,"column":6},"end":{"line":315,"column":31}},{"start":{"line":315,"column":35},"end":{"line":315,"column":54}}]},"62":{"loc":{"start":{"line":320,"column":2},"end":{"line":323,"column":3}},"type":"if","locations":[{"start":{"line":320,"column":2},"end":{"line":323,"column":3}},{"start":{},"end":{}}]}},"s":{"0":3,"1":3,"2":3,"3":3,"4":3,"5":3,"6":3,"7":3,"8":3,"9":3,"10":2,"11":2,"12":2,"13":3,"14":3,"15":0,"16":0,"17":0,"18":0,"19":0,"20":0,"21":0,"22":0,"23":0,"24":0,"25":0,"26":0,"27":0,"28":3,"29":3,"30":1,"31":0,"32":1,"33":1,"34":1,"35":7,"36":1,"37":1,"38":1,"39":1,"40":1,"41":1,"42":1,"43":1,"44":0,"45":1,"46":0,"47":1,"48":0,"49":1,"50":0,"51":1,"52":0,"53":1,"54":0,"55":1,"56":1,"57":0,"58":0,"59":0,"60":0,"61":3,"62":3,"63":8,"64":8,"65":8,"66":8,"67":8,"68":8,"69":0,"70":8,"71":0,"72":8,"73":0,"74":8,"75":0,"76":8,"77":8,"78":1,"79":8,"80":3,"81":3,"82":4,"83":3,"84":3,"85":3,"86":3,"87":3,"88":0,"89":3,"90":0,"91":3,"92":0,"93":3,"94":0,"95":3,"96":3,"97":3,"98":1,"99":1,"100":1,"101":1,"102":0,"103":1,"104":0,"105":1,"106":3,"107":3,"108":2,"109":2,"110":2,"111":2,"112":2,"113":0,"114":2,"115":0,"116":2,"117":0,"118":2,"119":3,"120":3,"121":1,"122":1,"123":1,"124":1,"125":1,"126":0,"127":1,"128":0,"129":1,"130":0,"131":1,"132":3,"133":3,"134":36,"135":0,"136":0,"137":36,"138":36,"139":0,"140":0,"141":36,"142":3,"143":16,"144":0,"145":16,"146":16,"147":37,"148":16,"149":1,"150":1,"151":15,"152":3,"153":9,"154":7,"155":2,"156":0,"157":0,"158":2,"159":3,"160":1,"161":0,"162":0,"163":1,"164":0,"165":0,"166":1},"f":{"0":2,"1":0,"2":1,"3":8,"4":4,"5":1,"6":2,"7":1,"8":36,"9":16,"10":37,"11":1,"12":9,"13":1},"b":{"0":[0,0],"1":[0,0],"2":[0,0],"3":[0,0],"4":[0,0],"5":[0,0],"6":[0,0,0],"7":[0,0],"8":[0,1],"9":[1,1,1],"10":[1,6],"11":[0,1],"12":[1,1],"13":[0,1],"14":[1,1],"15":[0,1],"16":[1,1],"17":[0,1],"18":[1,1],"19":[0,1],"20":[1,1],"21":[0,1],"22":[1,1],"23":[1,0],"24":[0,0],"25":[0,8],"26":[8,8],"27":[0,8],"28":[8,8,8],"29":[0,8],"30":[8,1],"31":[0,8],"32":[1,7],"33":[0,3],"34":[3,3,3],"35":[0,3],"36":[3,3,3],"37":[0,3],"38":[3,3,3],"39":[0,3],"40":[0,1],"41":[1,1,1],"42":[0,1],"43":[0,2],"44":[2,2],"45":[0,2],"46":[2,2,2],"47":[0,2],"48":[0,1],"49":[1,1],"50":[0,1],"51":[1,1],"52":[0,1],"53":[0,36],"54":[0,36],"55":[0,16],"56":[16,16,16],"57":[1,15],"58":[7,2],"59":[0,2],"60":[0,1],"61":[1,1],"62":[0,1]}}
}
