TN:
SF:src\server.ts
FN:25,(anonymous_1)
FN:30,(anonymous_2)
FN:37,(anonymous_3)
FN:65,(anonymous_4)
FN:101,(anonymous_5)
FN:114,(anonymous_6)
FN:150,(anonymous_7)
FN:160,(anonymous_8)
FN:165,(anonymous_9)
FN:186,(anonymous_10)
FN:205,(anonymous_11)
FN:209,(anonymous_12)
FN:276,(anonymous_13)
FN:283,(anonymous_14)
FN:289,(anonymous_15)
FN:294,(anonymous_16)
FNF:16
FNH:2
FNDA:3,(anonymous_1)
FNDA:0,(anonymous_2)
FNDA:0,(anonymous_3)
FNDA:0,(anonymous_4)
FNDA:0,(anonymous_5)
FNDA:0,(anonymous_6)
FNDA:1,(anonymous_7)
FNDA:0,(anonymous_8)
FNDA:0,(anonymous_9)
FNDA:0,(anonymous_10)
FNDA:0,(anonymous_11)
FNDA:0,(anonymous_12)
FNDA:0,(anonymous_13)
FNDA:0,(anonymous_14)
FNDA:0,(anonymous_15)
FNDA:0,(anonymous_16)
DA:1,3
DA:2,3
DA:3,3
DA:4,3
DA:5,3
DA:6,3
DA:7,3
DA:8,3
DA:9,3
DA:10,3
DA:11,3
DA:12,3
DA:13,3
DA:14,3
DA:15,3
DA:16,3
DA:18,3
DA:19,3
DA:20,3
DA:22,3
DA:23,3
DA:25,3
DA:26,3
DA:27,3
DA:30,3
DA:31,0
DA:37,0
DA:39,0
DA:40,0
DA:41,0
DA:42,0
DA:45,0
DA:46,0
DA:48,0
DA:49,0
DA:52,0
DA:54,0
DA:55,0
DA:57,0
DA:62,0
DA:65,3
DA:69,0
DA:70,0
DA:76,0
DA:78,0
DA:92,0
DA:93,0
DA:95,0
DA:101,3
DA:102,0
DA:104,0
DA:105,0
DA:106,0
DA:107,0
DA:110,0
DA:114,3
DA:115,0
DA:124,0
DA:125,0
DA:126,0
DA:127,0
DA:130,0
DA:134,3
DA:136,3
DA:138,3
DA:140,3
DA:141,3
DA:142,3
DA:145,3
DA:148,3
DA:150,3
DA:151,1
DA:154,3
DA:155,3
DA:156,3
DA:157,3
DA:158,3
DA:160,3
DA:161,0
DA:164,3
DA:165,0
DA:166,0
DA:168,0
DA:169,0
DA:170,0
DA:175,0
DA:176,0
DA:178,0
DA:181,0
DA:183,0
DA:184,0
DA:188,0
DA:189,0
DA:190,0
DA:194,0
DA:195,0
DA:196,0
DA:197,0
DA:200,0
DA:201,0
DA:205,0
DA:206,0
DA:207,0
DA:209,0
DA:210,0
DA:211,0
DA:212,0
DA:214,0
DA:221,0
DA:223,0
DA:224,0
DA:225,0
DA:228,0
DA:229,0
DA:234,0
DA:237,0
DA:238,0
DA:239,0
DA:246,0
DA:247,0
DA:248,0
DA:251,0
DA:254,0
DA:255,0
DA:256,0
DA:258,0
DA:268,0
DA:276,0
DA:277,0
DA:283,0
DA:284,0
DA:285,0
DA:289,0
DA:290,0
DA:294,0
DA:295,0
DA:296,0
DA:300,3
LF:138
LH:46
BRDA:27,0,0,0
BRDA:27,0,1,3
BRDA:27,1,0,3
BRDA:27,1,1,0
BRDA:37,2,0,0
BRDA:37,2,1,0
BRDA:40,3,0,0
BRDA:40,3,1,0
BRDA:41,4,0,0
BRDA:41,4,1,0
BRDA:45,5,0,0
BRDA:45,5,1,0
BRDA:46,6,0,0
BRDA:46,6,1,0
BRDA:48,7,0,0
BRDA:48,7,1,0
BRDA:54,8,0,0
BRDA:54,8,1,0
BRDA:69,9,0,0
BRDA:69,9,1,0
BRDA:69,10,0,0
BRDA:69,10,1,0
BRDA:105,11,0,0
BRDA:105,11,1,0
BRDA:117,12,0,0
BRDA:117,12,1,0
BRDA:125,13,0,0
BRDA:125,13,1,0
BRDA:164,14,0,0
BRDA:164,14,1,3
BRDA:166,15,0,0
BRDA:166,15,1,0
BRDA:168,16,0,0
BRDA:168,16,1,0
BRDA:169,17,0,0
BRDA:169,17,1,0
BRDA:175,18,0,0
BRDA:175,18,1,0
BRDA:188,19,0,0
BRDA:188,19,1,0
BRDA:195,20,0,0
BRDA:195,20,1,0
BRDA:223,21,0,0
BRDA:223,21,1,0
BRDA:228,22,0,0
BRDA:228,22,1,0
BRDA:228,23,0,0
BRDA:228,23,1,0
BRDA:228,23,2,0
BRDA:246,24,0,0
BRDA:246,24,1,0
BRDA:259,25,0,0
BRDA:259,25,1,0
BRDA:260,26,0,0
BRDA:260,26,1,0
BRDA:269,27,0,0
BRDA:269,27,1,0
BRDA:270,28,0,0
BRDA:270,28,1,0
BRDA:278,29,0,0
BRDA:278,29,1,0
BRDA:279,30,0,0
BRDA:279,30,1,0
BRF:63
BRH:3
end_of_record
TN:
SF:src\types.ts
FNF:0
FNH:0
DA:1,3
DA:12,3
LF:2
LH:2
BRF:0
BRH:0
end_of_record
TN:
SF:src\config\mongo.ts
FN:5,(anonymous_1)
FN:19,(anonymous_2)
FNF:2
FNH:2
FNDA:1,(anonymous_1)
FNDA:1,(anonymous_2)
DA:1,4
DA:3,4
DA:5,4
DA:6,1
DA:7,0
DA:10,1
DA:11,1
DA:12,1
DA:14,0
DA:15,0
DA:19,4
DA:20,1
DA:21,1
DA:22,1
DA:24,0
DA:25,0
LF:16
LH:11
BRDA:3,0,0,4
BRDA:3,0,1,1
BRDA:6,1,0,0
BRDA:6,1,1,1
BRF:4
BRH:3
end_of_record
TN:
SF:src\config\security.ts
FN:6,(anonymous_1)
FN:19,(anonymous_2)
FN:30,(anonymous_3)
FN:35,(anonymous_4)
FN:45,(anonymous_5)
FN:54,(anonymous_6)
FN:59,(anonymous_7)
FN:80,(anonymous_8)
FN:82,(anonymous_9)
FN:86,(anonymous_10)
FN:92,(anonymous_11)
FN:96,(anonymous_12)
FN:121,(anonymous_13)
FN:136,(anonymous_14)
FN:161,(anonymous_15)
FN:171,(anonymous_16)
FNF:16
FNH:16
FNDA:31,(anonymous_1)
FNDA:7,(anonymous_2)
FNDA:6,(anonymous_3)
FNDA:26,(anonymous_4)
FNDA:6,(anonymous_5)
FNDA:26,(anonymous_6)
FNDA:130,(anonymous_7)
FNDA:12,(anonymous_8)
FNDA:6,(anonymous_9)
FNDA:12,(anonymous_10)
FNDA:6,(anonymous_11)
FNDA:25,(anonymous_12)
FNDA:6,(anonymous_13)
FNDA:27,(anonymous_14)
FNDA:25,(anonymous_15)
FNDA:7,(anonymous_16)
DA:2,3
DA:3,3
DA:4,3
DA:6,3
DA:7,31
DA:8,31
DA:11,3
DA:19,3
DA:20,7
DA:30,3
DA:31,6
DA:32,6
DA:35,3
DA:36,26
DA:38,26
DA:39,0
DA:42,26
DA:45,3
DA:49,6
DA:50,6
DA:51,6
DA:52,6
DA:54,6
DA:55,26
DA:56,26
DA:57,26
DA:58,26
DA:59,130
DA:62,26
DA:64,1
DA:65,0
DA:68,1
DA:69,1
DA:72,25
DA:73,25
DA:74,25
DA:78,3
DA:80,12
DA:82,3
DA:83,6
DA:84,6
DA:86,12
DA:89,6
DA:92,3
DA:93,6
DA:95,6
DA:98,25
DA:99,25
DA:100,25
DA:103,0
DA:104,0
DA:105,0
DA:106,0
DA:109,0
DA:121,3
DA:122,6
DA:124,6
DA:135,6
DA:136,6
DA:137,27
DA:138,27
DA:139,27
DA:142,27
DA:143,1
DA:145,1
DA:146,1
DA:147,1
DA:151,26
DA:154,6
DA:156,6
DA:157,6
DA:161,6
DA:162,25
DA:163,0
DA:166,25
DA:168,6
DA:171,7
LF:77
LH:69
BRDA:8,0,0,4
BRDA:8,0,1,27
BRDA:8,1,0,31
BRDA:8,1,1,4
BRDA:21,2,0,7
BRDA:21,2,1,6
BRDA:22,3,0,7
BRDA:22,3,1,6
BRDA:32,4,0,1
BRDA:32,4,1,5
BRDA:32,5,0,6
BRDA:32,5,1,1
BRDA:38,6,0,0
BRDA:38,6,1,26
BRDA:38,7,0,26
BRDA:38,7,1,0
BRDA:42,8,0,26
BRDA:42,8,1,0
BRDA:42,8,2,0
BRDA:49,9,0,6
BRDA:49,9,1,6
BRDA:50,10,0,6
BRDA:50,10,1,6
BRDA:58,11,0,26
BRDA:58,11,1,5
BRDA:62,12,0,1
BRDA:62,12,1,25
BRDA:64,13,0,0
BRDA:64,13,1,1
BRDA:83,14,0,6
BRDA:83,14,1,0
BRDA:83,14,2,0
BRDA:89,15,0,6
BRDA:89,15,1,0
BRDA:98,16,0,25
BRDA:98,16,1,0
BRDA:104,17,0,0
BRDA:104,17,1,0
BRDA:138,18,0,27
BRDA:138,18,1,26
BRDA:139,19,0,27
BRDA:139,19,1,26
BRDA:142,20,0,1
BRDA:142,20,1,26
BRDA:142,21,0,27
BRDA:142,21,1,1
BRDA:145,22,0,1
BRDA:145,22,1,0
BRDA:162,23,0,0
BRDA:162,23,1,25
BRF:50
BRH:37
end_of_record
TN:
SF:src\controllers\adminController.ts
FN:4,(anonymous_0)
FN:30,(anonymous_1)
FN:51,(anonymous_2)
FN:64,(anonymous_3)
FN:73,(anonymous_4)
FN:86,(anonymous_5)
FNF:6
FNH:0
FNDA:0,(anonymous_0)
FNDA:0,(anonymous_1)
FNDA:0,(anonymous_2)
FNDA:0,(anonymous_3)
FNDA:0,(anonymous_4)
FNDA:0,(anonymous_5)
DA:2,3
DA:4,3
DA:5,0
DA:6,0
DA:19,0
DA:21,0
DA:25,0
DA:26,0
DA:30,3
DA:31,0
DA:32,0
DA:33,0
DA:34,0
DA:35,0
DA:38,0
DA:39,0
DA:40,0
DA:41,0
DA:44,0
DA:46,0
DA:47,0
DA:51,3
DA:52,0
DA:53,0
DA:56,0
DA:57,0
DA:58,0
DA:61,0
DA:64,3
DA:65,0
DA:66,0
DA:69,0
DA:70,0
DA:73,3
DA:74,0
DA:75,0
DA:78,0
DA:79,0
DA:80,0
DA:83,0
DA:86,3
DA:87,0
DA:88,0
DA:91,0
DA:92,0
LF:45
LH:7
BRDA:10,0,0,0
BRDA:10,0,1,0
BRDA:11,1,0,0
BRDA:11,1,1,0
BRDA:14,2,0,0
BRDA:14,2,1,0
BRDA:33,3,0,0
BRDA:33,3,1,0
BRDA:39,4,0,0
BRDA:39,4,1,0
BRDA:52,5,0,0
BRDA:52,5,1,0
BRDA:56,6,0,0
BRDA:56,6,1,0
BRDA:56,7,0,0
BRDA:56,7,1,0
BRDA:57,8,0,0
BRDA:57,8,1,0
BRDA:57,9,0,0
BRDA:57,9,1,0
BRDA:65,10,0,0
BRDA:65,10,1,0
BRDA:65,11,0,0
BRDA:65,11,1,0
BRDA:65,11,2,0
BRDA:69,12,0,0
BRDA:69,12,1,0
BRDA:69,13,0,0
BRDA:69,13,1,0
BRDA:70,14,0,0
BRDA:70,14,1,0
BRDA:74,15,0,0
BRDA:74,15,1,0
BRDA:79,16,0,0
BRDA:79,16,1,0
BRDA:79,17,0,0
BRDA:79,17,1,0
BRDA:79,17,2,0
BRDA:87,18,0,0
BRDA:87,18,1,0
BRDA:92,19,0,0
BRDA:92,19,1,0
BRF:42
BRH:0
end_of_record
TN:
SF:src\controllers\expenseController.ts
FN:9,(anonymous_0)
FN:26,(anonymous_1)
FN:50,(anonymous_2)
FN:67,(anonymous_3)
FN:96,(anonymous_4)
FN:120,(anonymous_5)
FN:132,(anonymous_6)
FN:141,(anonymous_7)
FNF:8
FNH:0
FNDA:0,(anonymous_0)
FNDA:0,(anonymous_1)
FNDA:0,(anonymous_2)
FNDA:0,(anonymous_3)
FNDA:0,(anonymous_4)
FNDA:0,(anonymous_5)
FNDA:0,(anonymous_6)
FNDA:0,(anonymous_7)
DA:2,3
DA:3,3
DA:9,3
DA:10,0
DA:12,0
DA:13,0
DA:14,0
DA:15,0
DA:18,0
DA:19,0
DA:20,0
DA:22,0
DA:26,3
DA:28,0
DA:29,0
DA:30,0
DA:31,0
DA:34,0
DA:35,0
DA:36,0
DA:37,0
DA:40,0
DA:42,0
DA:43,0
DA:44,0
DA:47,0
DA:50,3
DA:51,0
DA:53,0
DA:54,0
DA:55,0
DA:56,0
DA:59,0
DA:60,0
DA:61,0
DA:63,0
DA:67,3
DA:68,0
DA:70,0
DA:71,0
DA:72,0
DA:73,0
DA:76,0
DA:77,0
DA:78,0
DA:79,0
DA:82,0
DA:83,0
DA:85,0
DA:86,0
DA:87,0
DA:90,0
DA:92,0
DA:96,3
DA:98,0
DA:99,0
DA:100,0
DA:101,0
DA:104,0
DA:105,0
DA:106,0
DA:107,0
DA:110,0
DA:112,0
DA:113,0
DA:114,0
DA:117,0
DA:120,3
DA:122,0
DA:123,0
DA:124,0
DA:125,0
DA:128,0
DA:129,0
DA:132,3
DA:133,0
DA:134,0
DA:135,0
DA:138,0
DA:141,3
DA:142,0
DA:143,0
DA:146,0
DA:147,0
LF:84
LH:10
BRDA:13,0,0,0
BRDA:13,0,1,0
BRDA:29,1,0,0
BRDA:29,1,1,0
BRDA:35,2,0,0
BRDA:35,2,1,0
BRDA:42,3,0,0
BRDA:42,3,1,0
BRDA:54,4,0,0
BRDA:54,4,1,0
BRDA:71,5,0,0
BRDA:71,5,1,0
BRDA:77,6,0,0
BRDA:77,6,1,0
BRDA:85,7,0,0
BRDA:85,7,1,0
BRDA:99,8,0,0
BRDA:99,8,1,0
BRDA:105,9,0,0
BRDA:105,9,1,0
BRDA:112,10,0,0
BRDA:112,10,1,0
BRDA:123,11,0,0
BRDA:123,11,1,0
BRDA:133,12,0,0
BRDA:133,12,1,0
BRDA:142,13,0,0
BRDA:142,13,1,0
BRDA:147,14,0,0
BRDA:147,14,1,0
BRF:30
BRH:0
end_of_record
TN:
SF:src\controllers\fakerController.ts
FN:4,(anonymous_0)
FN:9,(anonymous_1)
FNF:2
FNH:2
FNDA:2,(anonymous_0)
FNDA:2,(anonymous_1)
DA:2,3
DA:4,3
DA:5,2
DA:6,2
DA:9,3
DA:10,2
DA:11,2
LF:7
LH:7
BRF:0
BRH:0
end_of_record
TN:
SF:src\models\ChatMessage.ts
FNF:0
FNH:0
DA:1,4
DA:10,4
DA:32,4
DA:34,4
LF:4
LH:4
BRDA:34,0,0,4
BRDA:34,0,1,4
BRF:2
BRH:2
end_of_record
TN:
SF:src\routes\adminRoutes.ts
FNF:0
FNH:0
DA:1,3
DA:2,3
DA:3,3
DA:5,3
DA:7,3
DA:8,3
DA:10,3
LF:7
LH:7
BRF:0
BRH:0
end_of_record
TN:
SF:src\routes\authRoutes.ts
FN:20,(anonymous_10)
FN:76,(anonymous_11)
FN:116,(anonymous_12)
FN:177,(anonymous_13)
FN:217,(anonymous_14)
FN:266,(anonymous_15)
FN:292,(anonymous_16)
FN:309,(anonymous_17)
FNF:8
FNH:8
FNDA:8,(anonymous_10)
FNDA:15,(anonymous_11)
FNDA:4,(anonymous_12)
FNDA:6,(anonymous_13)
FNDA:1,(anonymous_14)
FNDA:2,(anonymous_15)
FNDA:1,(anonymous_16)
FNDA:1,(anonymous_17)
DA:1,3
DA:2,3
DA:3,3
DA:4,3
DA:5,3
DA:6,3
DA:7,3
DA:8,3
DA:9,3
DA:18,3
DA:20,3
DA:21,8
DA:23,8
DA:25,8
DA:26,8
DA:28,8
DA:29,0
DA:32,8
DA:33,8
DA:34,2
DA:38,6
DA:39,2
DA:40,1
DA:43,1
DA:50,1
DA:51,0
DA:55,5
DA:64,5
DA:70,5
DA:71,0
DA:75,5
DA:76,5
DA:77,15
DA:81,5
DA:94,5
DA:96,5
DA:107,0
DA:108,0
DA:111,0
DA:112,0
DA:116,3
DA:117,4
DA:119,4
DA:121,3
DA:124,3
DA:130,3
DA:131,1
DA:137,2
DA:144,2
DA:145,0
DA:154,2
DA:156,2
DA:166,2
DA:176,2
DA:177,2
DA:178,6
DA:181,2
DA:194,2
DA:196,2
DA:207,1
DA:208,1
DA:211,0
DA:212,0
DA:217,3
DA:218,1
DA:220,1
DA:222,1
DA:223,1
DA:224,1
DA:226,1
DA:227,1
DA:229,1
DA:231,1
DA:232,1
DA:233,1
DA:240,1
DA:245,1
DA:246,0
DA:250,1
DA:251,1
DA:254,1
DA:256,0
DA:257,0
DA:260,0
DA:261,0
DA:266,3
DA:267,2
DA:269,2
DA:271,2
DA:272,2
DA:273,2
DA:274,1
DA:277,1
DA:278,1
DA:280,1
DA:282,0
DA:283,0
DA:286,0
DA:287,0
DA:292,3
DA:293,1
DA:295,1
DA:296,1
DA:298,1
DA:301,1
DA:303,0
DA:304,0
DA:309,3
DA:310,1
DA:311,1
DA:312,1
DA:315,1
DA:317,1
DA:318,1
DA:320,1
DA:321,1
DA:323,1
DA:325,0
DA:326,0
DA:329,0
DA:330,0
DA:334,3
LF:122
LH:97
BRDA:28,0,0,0
BRDA:28,0,1,8
BRDA:33,1,0,2
BRDA:33,1,1,6
BRDA:38,2,0,2
BRDA:38,2,1,4
BRDA:39,3,0,1
BRDA:39,3,1,1
BRDA:44,4,0,1
BRDA:44,4,1,0
BRDA:50,5,0,0
BRDA:50,5,1,1
BRDA:70,6,0,0
BRDA:70,6,1,5
BRDA:87,7,0,0
BRDA:87,7,1,5
BRDA:89,8,0,5
BRDA:89,8,1,0
BRDA:90,9,0,5
BRDA:90,9,1,0
BRDA:107,10,0,0
BRDA:107,10,1,0
BRDA:130,11,0,1
BRDA:130,11,1,2
BRDA:144,12,0,0
BRDA:144,12,1,2
BRDA:187,13,0,0
BRDA:187,13,1,2
BRDA:189,14,0,2
BRDA:189,14,1,0
BRDA:190,15,0,2
BRDA:190,15,1,0
BRDA:207,16,0,1
BRDA:207,16,1,0
BRDA:224,17,0,0
BRDA:224,17,1,1
BRDA:231,18,0,1
BRDA:231,18,1,1
BRDA:245,19,0,0
BRDA:245,19,1,1
BRDA:250,20,0,1
BRDA:250,20,1,0
BRDA:256,21,0,0
BRDA:256,21,1,0
BRDA:273,22,0,1
BRDA:273,22,1,1
BRDA:273,23,0,2
BRDA:273,23,1,1
BRDA:273,23,2,1
BRDA:282,24,0,0
BRDA:282,24,1,0
BRDA:296,25,0,0
BRDA:296,25,1,1
BRDA:312,26,0,0
BRDA:312,26,1,1
BRDA:318,27,0,0
BRDA:318,27,1,1
BRDA:325,28,0,0
BRDA:325,28,1,0
BRF:59
BRH:33
end_of_record
TN:
SF:src\routes\chatRoutes.ts
FN:6,(anonymous_0)
FN:17,(anonymous_1)
FNF:2
FNH:0
FNDA:0,(anonymous_0)
FNDA:0,(anonymous_1)
DA:1,3
DA:2,3
DA:4,3
DA:6,3
DA:7,0
DA:8,0
DA:9,0
DA:15,0
DA:17,0
DA:25,0
DA:27,0
DA:28,0
DA:32,3
LF:13
LH:5
BRDA:8,0,0,0
BRDA:8,0,1,0
BRDA:18,1,0,0
BRDA:18,1,1,0
BRF:4
BRH:0
end_of_record
TN:
SF:src\routes\expenseRoutes.ts
FNF:0
FNH:0
DA:1,3
DA:2,3
DA:10,3
DA:12,3
DA:14,3
DA:15,3
DA:16,3
DA:17,3
DA:18,3
DA:19,3
DA:21,3
LF:11
LH:11
BRF:0
BRH:0
end_of_record
TN:
SF:src\routes\fakerRoutes.ts
FNF:0
FNH:0
DA:1,3
DA:2,3
DA:4,3
DA:6,3
DA:7,3
DA:9,3
LF:6
LH:6
BRF:0
BRH:0
end_of_record
TN:
SF:src\services\auditService.ts
FN:7,(anonymous_0)
FN:93,(anonymous_1)
FN:98,(anonymous_2)
FN:101,(anonymous_3)
FN:123,(anonymous_4)
FN:149,(anonymous_5)
FN:161,(anonymous_6)
FN:164,(anonymous_7)
FN:172,(anonymous_8)
FN:227,(anonymous_9)
FN:235,(anonymous_10)
FN:181,(anonymous_11)
FN:190,(anonymous_12)
FN:198,(anonymous_13)
FN:208,(anonymous_14)
FN:275,(anonymous_15)
FN:324,(anonymous_16)
FN:349,(anonymous_17)
FN:388,(anonymous_18)
FN:395,(anonymous_19)
FN:402,(anonymous_20)
FN:417,(anonymous_21)
FN:427,(anonymous_22)
FN:442,(anonymous_23)
FN:443,(anonymous_24)
FN:446,(anonymous_25)
FN:463,(anonymous_26)
FN:464,(anonymous_27)
FN:470,(anonymous_28)
FN:490,(anonymous_29)
FN:491,(anonymous_30)
FN:500,(anonymous_31)
FN:537,(anonymous_32)
FN:538,(anonymous_33)
FN:540,(anonymous_34)
FN:551,(anonymous_35)
FN:586,(anonymous_36)
FN:595,(anonymous_37)
FN:610,(anonymous_38)
FN:614,(anonymous_39)
FN:618,(anonymous_40)
FN:621,(anonymous_41)
FNF:42
FNH:3
FNDA:18,(anonymous_0)
FNDA:0,(anonymous_1)
FNDA:0,(anonymous_2)
FNDA:0,(anonymous_3)
FNDA:0,(anonymous_4)
FNDA:0,(anonymous_5)
FNDA:0,(anonymous_6)
FNDA:0,(anonymous_7)
FNDA:3,(anonymous_8)
FNDA:22,(anonymous_9)
FNDA:0,(anonymous_10)
FNDA:0,(anonymous_11)
FNDA:0,(anonymous_12)
FNDA:0,(anonymous_13)
FNDA:0,(anonymous_14)
FNDA:0,(anonymous_15)
FNDA:0,(anonymous_16)
FNDA:0,(anonymous_17)
FNDA:0,(anonymous_18)
FNDA:0,(anonymous_19)
FNDA:0,(anonymous_20)
FNDA:0,(anonymous_21)
FNDA:0,(anonymous_22)
FNDA:0,(anonymous_23)
FNDA:0,(anonymous_24)
FNDA:0,(anonymous_25)
FNDA:0,(anonymous_26)
FNDA:0,(anonymous_27)
FNDA:0,(anonymous_28)
FNDA:0,(anonymous_29)
FNDA:0,(anonymous_30)
FNDA:0,(anonymous_31)
FNDA:0,(anonymous_32)
FNDA:0,(anonymous_33)
FNDA:0,(anonymous_34)
FNDA:0,(anonymous_35)
FNDA:0,(anonymous_36)
FNDA:0,(anonymous_37)
FNDA:0,(anonymous_38)
FNDA:0,(anonymous_39)
FNDA:0,(anonymous_40)
FNDA:0,(anonymous_41)
DA:1,3
DA:7,3
DA:8,18
DA:9,18
DA:70,3
DA:83,3
DA:84,3
DA:85,3
DA:86,3
DA:87,3
DA:88,3
DA:89,3
DA:90,3
DA:91,3
DA:93,3
DA:94,0
DA:95,0
DA:98,3
DA:99,0
DA:101,3
DA:102,0
DA:103,0
DA:106,0
DA:107,0
DA:110,0
DA:111,0
DA:114,0
DA:115,0
DA:118,0
DA:119,0
DA:120,0
DA:123,0
DA:126,0
DA:127,0
DA:128,0
DA:131,0
DA:132,0
DA:134,0
DA:135,0
DA:136,0
DA:137,0
DA:140,0
DA:143,0
DA:146,0
DA:149,3
DA:150,0
DA:151,0
DA:154,0
DA:155,0
DA:158,0
DA:161,3
DA:162,0
DA:164,3
DA:165,0
DA:166,0
DA:169,0
DA:173,3
DA:174,3
DA:175,3
DA:176,3
DA:177,3
DA:178,3
DA:179,3
DA:182,0
DA:183,0
DA:186,0
DA:188,0
DA:190,0
DA:191,0
DA:193,0
DA:199,0
DA:200,0
DA:202,0
DA:203,0
DA:204,0
DA:205,0
DA:207,0
DA:208,0
DA:209,0
DA:211,0
DA:214,0
DA:215,0
DA:217,0
DA:218,0
DA:222,0
DA:223,0
DA:227,3
DA:228,22
DA:229,22
DA:230,22
DA:233,0
DA:235,0
DA:236,0
DA:237,0
DA:238,0
DA:241,0
DA:242,0
DA:243,0
DA:244,0
DA:260,0
DA:261,0
DA:264,0
DA:272,0
DA:278,0
DA:279,0
DA:280,0
DA:281,0
DA:282,0
DA:283,0
DA:285,0
DA:287,0
DA:288,0
DA:291,0
DA:292,0
DA:298,0
DA:299,0
DA:305,0
DA:306,0
DA:323,0
DA:324,0
DA:336,0
DA:344,0
DA:345,0
DA:350,0
DA:351,0
DA:352,0
DA:369,0
DA:380,0
DA:384,0
DA:389,0
DA:391,0
DA:392,0
DA:395,0
DA:396,0
DA:399,0
DA:403,0
DA:404,0
DA:405,0
DA:407,0
DA:408,0
DA:412,0
DA:414,0
DA:416,0
DA:417,0
DA:418,0
DA:420,0
DA:422,0
DA:425,0
DA:426,0
DA:427,0
DA:436,0
DA:438,0
DA:439,0
DA:442,0
DA:443,0
DA:447,0
DA:448,0
DA:449,0
DA:451,0
DA:452,0
DA:463,0
DA:464,0
DA:466,0
DA:471,0
DA:472,0
DA:473,0
DA:484,0
DA:485,0
DA:488,0
DA:489,0
DA:490,0
DA:491,0
DA:492,0
DA:493,0
DA:500,0
DA:501,0
DA:502,0
DA:509,0
DA:511,0
DA:512,0
DA:518,0
DA:519,0
DA:525,0
DA:526,0
DA:532,0
DA:533,0
DA:536,0
DA:537,0
DA:538,0
DA:540,0
DA:542,0
DA:544,0
DA:552,0
DA:553,0
DA:554,0
DA:558,0
DA:559,0
DA:562,0
DA:579,0
DA:587,0
DA:588,0
DA:589,0
DA:595,0
DA:597,0
DA:601,0
DA:606,3
DA:608,3
DA:610,3
DA:611,0
DA:614,3
DA:616,0
DA:618,3
DA:619,0
DA:621,3
LF:214
LH:37
BRDA:9,0,0,0
BRDA:9,0,1,18
BRDA:9,1,0,18
BRDA:9,1,1,0
BRDA:94,2,0,0
BRDA:94,2,1,0
BRDA:95,3,0,0
BRDA:95,3,1,0
BRDA:99,4,0,0
BRDA:99,4,1,0
BRDA:101,5,0,0
BRDA:102,6,0,0
BRDA:102,6,1,0
BRDA:102,7,0,0
BRDA:102,7,1,0
BRDA:106,8,0,0
BRDA:106,8,1,0
BRDA:110,9,0,0
BRDA:110,9,1,0
BRDA:110,10,0,0
BRDA:110,10,1,0
BRDA:114,11,0,0
BRDA:114,11,1,0
BRDA:118,12,0,0
BRDA:118,12,1,0
BRDA:119,13,0,0
BRDA:119,13,1,0
BRDA:126,14,0,0
BRDA:126,14,1,0
BRDA:127,15,0,0
BRDA:127,15,1,0
BRDA:135,16,0,0
BRDA:135,16,1,0
BRDA:150,17,0,0
BRDA:150,17,1,0
BRDA:154,18,0,0
BRDA:154,18,1,0
BRDA:162,19,0,0
BRDA:162,19,1,0
BRDA:165,20,0,0
BRDA:165,20,1,0
BRDA:165,21,0,0
BRDA:165,21,1,0
BRDA:228,22,0,22
BRDA:228,22,1,0
BRDA:237,23,0,0
BRDA:237,23,1,0
BRDA:242,24,0,0
BRDA:242,24,1,0
BRDA:242,24,2,0
BRDA:242,24,3,0
BRDA:243,25,0,0
BRDA:243,25,1,0
BRDA:243,25,2,0
BRDA:247,26,0,0
BRDA:247,26,1,0
BRDA:250,27,0,0
BRDA:250,27,1,0
BRDA:251,28,0,0
BRDA:251,28,1,0
BRDA:252,29,0,0
BRDA:252,29,1,0
BRDA:252,29,2,0
BRDA:260,30,0,0
BRDA:260,30,1,0
BRDA:182,31,0,0
BRDA:182,31,1,0
BRDA:203,32,0,0
BRDA:203,32,1,0
BRDA:203,32,2,0
BRDA:204,33,0,0
BRDA:204,33,1,0
BRDA:204,34,0,0
BRDA:204,34,1,0
BRDA:207,35,0,0
BRDA:207,35,1,0
BRDA:214,36,0,0
BRDA:214,36,1,0
BRDA:217,37,0,0
BRDA:217,37,1,0
BRDA:223,38,0,0
BRDA:223,38,1,0
BRDA:276,39,0,0
BRDA:280,40,0,0
BRDA:280,40,1,0
BRDA:281,41,0,0
BRDA:281,41,1,0
BRDA:282,42,0,0
BRDA:282,42,1,0
BRDA:287,43,0,0
BRDA:287,43,1,0
BRDA:291,44,0,0
BRDA:291,44,1,0
BRDA:298,45,0,0
BRDA:298,45,1,0
BRDA:344,46,0,0
BRDA:344,46,1,0
BRDA:382,47,0,0
BRDA:382,47,1,0
BRDA:391,48,0,0
BRDA:391,48,1,0
BRDA:407,49,0,0
BRDA:407,49,1,0
BRDA:412,50,0,0
BRDA:412,50,1,0
BRDA:416,51,0,0
BRDA:416,51,1,0
BRDA:436,52,0,0
BRDA:436,52,1,0
BRDA:448,53,0,0
BRDA:448,53,1,0
BRDA:466,54,0,0
BRDA:466,54,1,0
BRDA:484,55,0,0
BRDA:484,55,1,0
BRDA:494,56,0,0
BRDA:494,56,1,0
BRDA:494,56,2,0
BRDA:494,56,3,0
BRDA:503,57,0,0
BRDA:503,57,1,0
BRDA:503,57,2,0
BRDA:503,57,3,0
BRDA:511,58,0,0
BRDA:511,58,1,0
BRDA:518,59,0,0
BRDA:518,59,1,0
BRDA:525,60,0,0
BRDA:525,60,1,0
BRDA:532,61,0,0
BRDA:532,61,1,0
BRDA:546,62,0,0
BRDA:546,62,1,0
BRDA:558,63,0,0
BRDA:558,63,1,0
BRDA:558,64,0,0
BRDA:558,64,1,0
BRDA:558,64,2,0
BRDA:558,64,3,0
BRDA:581,65,0,0
BRDA:581,65,1,0
BRDA:599,66,0,0
BRDA:599,66,1,0
BRDA:615,67,0,0
BRDA:623,68,0,0
BRDA:623,68,1,0
BRDA:623,68,2,0
BRDA:623,68,3,0
BRDA:624,69,0,0
BRDA:624,69,1,0
BRDA:624,70,0,0
BRDA:624,70,1,0
BRDA:624,70,2,0
BRDA:626,71,0,0
BRDA:626,71,1,0
BRDA:626,71,2,0
BRDA:628,72,0,0
BRDA:628,72,1,0
BRDA:629,73,0,0
BRDA:629,73,1,0
BRDA:629,73,2,0
BRF:161
BRH:3
end_of_record
TN:
SF:src\services\emailService.ts
FN:13,(anonymous_0)
FN:48,(anonymous_1)
FNF:2
FNH:2
FNDA:1,(anonymous_0)
FNDA:1,(anonymous_1)
DA:1,3
DA:13,3
DA:14,1
DA:15,1
DA:16,1
DA:17,1
DA:19,1
DA:20,0
DA:28,1
DA:29,0
DA:30,0
DA:31,0
DA:45,1
DA:48,3
DA:49,1
DA:50,1
DA:58,1
DA:60,1
LF:18
LH:14
BRDA:19,0,0,0
BRDA:19,0,1,1
BRDA:19,1,0,1
BRDA:19,1,1,0
BRDA:19,1,2,0
BRDA:19,1,3,0
BRDA:28,2,0,0
BRDA:28,2,1,1
BRDA:28,3,0,1
BRDA:28,3,1,0
BRDA:51,4,0,1
BRDA:51,4,1,1
BRDA:58,5,0,1
BRDA:58,5,1,0
BRF:14
BRH:7
end_of_record
TN:
SF:src\services\expenseService.ts
FN:37,(anonymous_0)
FN:39,(anonymous_1)
FN:47,(anonymous_2)
FN:64,(anonymous_3)
FN:72,(anonymous_4)
FN:84,(anonymous_5)
FN:88,(anonymous_6)
FN:93,(anonymous_7)
FN:96,(anonymous_8)
FN:108,(anonymous_9)
FN:121,(anonymous_10)
FN:155,(anonymous_11)
FN:156,(anonymous_12)
FN:160,(anonymous_13)
FN:166,(anonymous_14)
FN:219,(anonymous_15)
FN:236,(anonymous_16)
FN:240,(anonymous_17)
FN:251,(anonymous_18)
FN:255,(anonymous_19)
FNF:20
FNH:20
FNDA:10,(anonymous_0)
FNDA:3,(anonymous_1)
FNDA:1,(anonymous_2)
FNDA:2,(anonymous_3)
FNDA:2,(anonymous_4)
FNDA:1,(anonymous_5)
FNDA:1,(anonymous_6)
FNDA:2,(anonymous_7)
FNDA:2,(anonymous_8)
FNDA:2,(anonymous_9)
FNDA:1,(anonymous_10)
FNDA:3,(anonymous_11)
FNDA:3,(anonymous_12)
FNDA:1,(anonymous_13)
FNDA:4,(anonymous_14)
FNDA:7,(anonymous_15)
FNDA:2,(anonymous_16)
FNDA:6,(anonymous_17)
FNDA:4,(anonymous_18)
FNDA:7,(anonymous_19)
DA:1,3
DA:2,3
DA:37,10
DA:40,3
DA:41,3
DA:44,3
DA:48,1
DA:49,1
DA:63,1
DA:64,2
DA:73,2
DA:81,2
DA:85,1
DA:89,1
DA:90,0
DA:93,2
DA:97,2
DA:101,2
DA:102,1
DA:105,1
DA:109,2
DA:113,2
DA:114,1
DA:117,1
DA:118,1
DA:122,1
DA:123,1
DA:149,1
DA:151,1
DA:155,3
DA:156,3
DA:161,1
DA:162,1
DA:163,1
DA:167,4
DA:180,4
DA:189,4
DA:194,4
DA:199,4
DA:216,4
DA:220,7
DA:229,7
DA:230,6
DA:233,7
DA:240,2
DA:241,6
DA:242,6
DA:244,6
DA:245,6
DA:246,6
DA:247,6
DA:252,4
DA:256,7
DA:260,3
DA:262,3
LF:55
LH:54
BRDA:40,0,0,3
BRDA:40,0,1,0
BRDA:68,1,0,0
BRDA:68,1,1,1
BRDA:81,2,0,1
BRDA:81,2,1,1
BRDA:89,3,0,0
BRDA:89,3,1,1
BRDA:101,4,0,1
BRDA:101,4,1,1
BRDA:113,5,0,1
BRDA:113,5,1,1
BRDA:149,6,0,1
BRDA:149,6,1,0
BRDA:154,7,0,0
BRDA:154,7,1,1
BRDA:184,8,0,4
BRDA:184,8,1,2
BRDA:191,9,0,2
BRDA:191,9,1,2
BRDA:196,10,0,2
BRDA:196,10,1,2
BRDA:199,11,0,1
BRDA:199,11,1,3
BRDA:229,12,0,6
BRDA:229,12,1,1
BRDA:242,13,0,6
BRDA:242,13,1,4
BRF:28
BRH:23
end_of_record
TN:
SF:src\services\fakerService.ts
FN:12,(anonymous_0)
FN:30,(anonymous_1)
FN:26,(anonymous_2)
FN:32,(anonymous_3)
FN:40,(anonymous_4)
FN:44,(anonymous_5)
FN:49,(anonymous_6)
FN:50,(anonymous_7)
FN:60,(anonymous_8)
FN:70,(anonymous_9)
FN:74,(anonymous_10)
FN:76,(anonymous_11)
FN:79,(anonymous_12)
FNF:13
FNH:12
FNDA:6,(anonymous_0)
FNDA:3,(anonymous_1)
FNDA:0,(anonymous_2)
FNDA:3,(anonymous_3)
FNDA:11,(anonymous_4)
FNDA:6,(anonymous_5)
FNDA:2,(anonymous_6)
FNDA:2,(anonymous_7)
FNDA:23,(anonymous_8)
FNDA:2,(anonymous_9)
FNDA:5,(anonymous_10)
FNDA:13,(anonymous_11)
FNDA:13,(anonymous_12)
DA:1,3
DA:2,3
DA:3,3
DA:5,3
DA:9,3
DA:10,3
DA:12,3
DA:13,6
DA:14,6
DA:20,3
DA:22,3
DA:24,3
DA:26,3
DA:33,3
DA:34,3
DA:37,3
DA:41,11
DA:45,6
DA:46,1
DA:49,5
DA:50,2
DA:51,2
DA:52,2
DA:53,2
DA:57,5
DA:61,23
DA:62,18
DA:65,5
DA:66,5
DA:67,5
DA:71,2
DA:75,5
DA:76,13
DA:80,13
DA:81,13
DA:83,13
DA:92,13
DA:93,1
DA:96,13
DA:100,3
LF:40
LH:40
BRDA:14,0,0,0
BRDA:14,0,1,6
BRDA:14,1,0,6
BRDA:14,1,1,0
BRDA:33,2,0,3
BRDA:33,2,1,0
BRDA:45,3,0,1
BRDA:45,3,1,5
BRDA:61,4,0,18
BRDA:61,4,1,5
BRDA:75,5,0,4
BRDA:75,5,1,1
BRDA:75,6,0,5
BRDA:75,6,1,5
BRDA:92,7,0,1
BRDA:92,7,1,12
BRF:16
BRH:13
end_of_record
TN:
SF:src\utils\permissions.ts
FN:26,(anonymous_9)
FN:31,(anonymous_10)
FN:38,(anonymous_11)
FN:39,(anonymous_12)
FN:52,(anonymous_13)
FN:97,(anonymous_14)
FN:124,(anonymous_15)
FN:125,(anonymous_16)
FN:147,(anonymous_17)
FN:148,(anonymous_18)
FN:169,(anonymous_19)
FN:170,(anonymous_20)
FNF:12
FNH:5
FNDA:3,(anonymous_9)
FNDA:24,(anonymous_10)
FNDA:0,(anonymous_11)
FNDA:0,(anonymous_12)
FNDA:24,(anonymous_13)
FNDA:0,(anonymous_14)
FNDA:18,(anonymous_15)
FNDA:0,(anonymous_16)
FNDA:0,(anonymous_17)
FNDA:0,(anonymous_18)
FNDA:6,(anonymous_19)
FNDA:0,(anonymous_20)
DA:2,3
DA:3,3
DA:8,3
DA:26,3
DA:27,3
DA:28,3
DA:31,3
DA:32,24
DA:33,24
DA:36,0
DA:38,0
DA:39,0
DA:41,0
DA:42,0
DA:45,0
DA:52,3
DA:53,24
DA:55,24
DA:58,24
DA:59,24
DA:61,24
DA:62,4
DA:63,4
DA:64,4
DA:65,0
DA:67,4
DA:69,3
DA:70,3
DA:71,3
DA:80,3
DA:81,0
DA:86,0
DA:87,0
DA:88,0
DA:89,0
DA:92,0
DA:97,0
DA:104,1
DA:105,1
DA:106,0
DA:112,24
DA:114,0
DA:115,0
DA:124,3
DA:125,18
DA:127,0
DA:128,0
DA:134,0
DA:135,0
DA:140,0
DA:147,3
DA:148,0
DA:149,0
DA:150,0
DA:153,0
DA:156,0
DA:157,0
DA:161,0
DA:162,0
DA:165,0
DA:169,3
DA:170,6
DA:171,0
DA:172,0
DA:175,0
DA:176,0
DA:179,0
DA:183,3
LF:68
LH:32
BRDA:8,0,0,3
BRDA:8,0,1,0
BRDA:27,1,0,3
BRDA:27,1,1,0
BRDA:28,2,0,0
BRDA:28,2,1,3
BRDA:32,3,0,24
BRDA:32,3,1,0
BRDA:41,4,0,0
BRDA:41,4,1,0
BRDA:55,5,0,24
BRDA:55,5,1,20
BRDA:59,6,0,4
BRDA:59,6,1,20
BRDA:59,7,0,24
BRDA:59,7,1,4
BRDA:61,8,0,4
BRDA:61,8,1,20
BRDA:64,9,0,0
BRDA:64,9,1,4
BRDA:69,10,0,3
BRDA:69,10,1,0
BRDA:69,11,0,3
BRDA:69,11,1,3
BRDA:70,12,0,3
BRDA:70,12,1,0
BRDA:70,12,2,0
BRDA:73,13,0,3
BRDA:73,13,1,0
BRDA:74,14,0,3
BRDA:74,14,1,0
BRDA:74,14,2,0
BRDA:75,15,0,3
BRDA:75,15,1,0
BRDA:80,16,0,0
BRDA:80,16,1,3
BRDA:86,17,0,0
BRDA:86,17,1,0
BRDA:88,18,0,0
BRDA:88,18,1,0
BRDA:89,19,0,0
BRDA:89,19,1,0
BRDA:104,20,0,1
BRDA:104,20,1,0
BRDA:105,21,0,0
BRDA:105,21,1,1
BRDA:127,22,0,0
BRDA:127,22,1,0
BRDA:134,23,0,0
BRDA:134,23,1,0
BRDA:134,24,0,0
BRDA:134,24,1,0
BRDA:149,25,0,0
BRDA:149,25,1,0
BRDA:156,26,0,0
BRDA:156,26,1,0
BRDA:156,27,0,0
BRDA:156,27,1,0
BRDA:156,27,2,0
BRDA:161,28,0,0
BRDA:161,28,1,0
BRDA:161,29,0,0
BRDA:161,29,1,0
BRDA:161,29,2,0
BRDA:171,30,0,0
BRDA:171,30,1,0
BRDA:175,31,0,0
BRDA:175,31,1,0
BRF:68
BRH:23
end_of_record
TN:
SF:src\utils\prismaClient.ts
FN:6,getPrismaClient
FNF:1
FNH:1
FNDA:21,getPrismaClient
DA:1,4
DA:2,4
DA:4,4
DA:6,4
DA:7,21
DA:9,4
DA:12,17
DA:14,2
DA:17,2
DA:20,17
LF:10
LH:10
BRDA:7,0,0,4
BRDA:7,0,1,17
BRDA:12,1,0,2
BRDA:12,1,1,15
BRDA:14,2,0,2
BRDA:14,2,1,0
BRF:6
BRH:5
end_of_record
TN:
SF:src\utils\validation.ts
FN:28,(anonymous_0)
FN:33,(anonymous_1)
FN:59,(anonymous_2)
FN:127,(anonymous_3)
FN:163,(anonymous_4)
FN:196,(anonymous_5)
FN:212,(anonymous_6)
FN:235,(anonymous_7)
FN:256,(anonymous_8)
FN:275,(anonymous_9)
FN:284,(anonymous_10)
FN:287,(anonymous_11)
FN:293,(anonymous_12)
FN:310,(anonymous_13)
FNF:14
FNH:13
FNDA:2,(anonymous_0)
FNDA:0,(anonymous_1)
FNDA:1,(anonymous_2)
FNDA:8,(anonymous_3)
FNDA:4,(anonymous_4)
FNDA:1,(anonymous_5)
FNDA:2,(anonymous_6)
FNDA:1,(anonymous_7)
FNDA:36,(anonymous_8)
FNDA:16,(anonymous_9)
FNDA:37,(anonymous_10)
FNDA:1,(anonymous_11)
FNDA:9,(anonymous_12)
FNDA:1,(anonymous_13)
DA:1,3
DA:8,3
DA:9,3
DA:10,3
DA:11,3
DA:19,3
DA:20,3
DA:21,3
DA:22,3
DA:23,3
DA:25,3
DA:26,2
DA:28,2
DA:29,2
DA:33,3
DA:34,0
DA:36,0
DA:37,0
DA:39,0
DA:40,0
DA:42,0
DA:44,0
DA:45,0
DA:48,0
DA:49,0
DA:52,0
DA:53,0
DA:56,0
DA:59,3
DA:60,1
DA:61,0
DA:64,1
DA:65,1
DA:67,1
DA:68,7
DA:69,1
DA:73,1
DA:74,1
DA:75,1
DA:76,1
DA:78,1
DA:79,1
DA:81,1
DA:82,0
DA:85,1
DA:89,0
DA:92,1
DA:93,0
DA:96,1
DA:97,0
DA:100,1
DA:101,0
DA:104,1
DA:105,0
DA:108,1
DA:109,1
DA:112,0
DA:120,0
DA:121,0
DA:124,0
DA:127,3
DA:128,8
DA:129,8
DA:131,8
DA:132,8
DA:133,8
DA:135,8
DA:136,0
DA:139,8
DA:140,0
DA:143,8
DA:144,0
DA:147,8
DA:148,0
DA:151,8
DA:156,8
DA:157,1
DA:160,8
DA:163,3
DA:166,4
DA:167,3
DA:169,3
DA:170,3
DA:171,3
DA:173,3
DA:174,0
DA:177,3
DA:178,0
DA:181,3
DA:182,0
DA:185,3
DA:186,0
DA:189,3
DA:196,3
DA:197,1
DA:198,1
DA:199,1
DA:201,1
DA:202,0
DA:205,1
DA:206,0
DA:209,1
DA:212,3
DA:215,2
DA:216,2
DA:217,2
DA:218,2
DA:220,2
DA:221,0
DA:224,2
DA:225,0
DA:228,2
DA:229,0
DA:232,2
DA:235,3
DA:236,1
DA:237,1
DA:238,1
DA:239,1
DA:241,1
DA:242,0
DA:245,1
DA:246,0
DA:249,1
DA:250,0
DA:253,1
DA:256,3
DA:261,36
DA:262,0
DA:263,0
DA:266,36
DA:267,36
DA:268,0
DA:269,0
DA:272,36
DA:275,3
DA:279,16
DA:280,0
DA:283,16
DA:284,37
DA:286,16
DA:287,1
DA:290,15
DA:293,3
DA:298,9
DA:299,7
DA:302,2
DA:303,0
DA:304,0
DA:307,2
DA:310,3
DA:315,1
DA:316,0
DA:317,0
DA:320,1
DA:321,0
DA:322,0
DA:325,1
LF:158
LH:107
BRDA:34,0,0,0
BRDA:34,0,1,0
BRDA:36,1,0,0
BRDA:36,1,1,0
BRDA:37,2,0,0
BRDA:37,2,1,0
BRDA:44,3,0,0
BRDA:44,3,1,0
BRDA:44,4,0,0
BRDA:44,4,1,0
BRDA:48,5,0,0
BRDA:48,5,1,0
BRDA:48,6,0,0
BRDA:48,6,1,0
BRDA:48,6,2,0
BRDA:52,7,0,0
BRDA:52,7,1,0
BRDA:60,8,0,0
BRDA:60,8,1,1
BRDA:60,9,0,1
BRDA:60,9,1,1
BRDA:60,9,2,1
BRDA:68,10,0,1
BRDA:68,10,1,6
BRDA:81,11,0,0
BRDA:81,11,1,1
BRDA:81,12,0,1
BRDA:81,12,1,1
BRDA:85,13,0,0
BRDA:85,13,1,1
BRDA:86,14,0,1
BRDA:86,14,1,1
BRDA:92,15,0,0
BRDA:92,15,1,1
BRDA:92,16,0,1
BRDA:92,16,1,1
BRDA:96,17,0,0
BRDA:96,17,1,1
BRDA:96,18,0,1
BRDA:96,18,1,1
BRDA:100,19,0,0
BRDA:100,19,1,1
BRDA:100,20,0,1
BRDA:100,20,1,1
BRDA:104,21,0,0
BRDA:104,21,1,1
BRDA:104,22,0,1
BRDA:104,22,1,1
BRDA:108,23,0,1
BRDA:108,23,1,0
BRDA:120,24,0,0
BRDA:120,24,1,0
BRDA:135,25,0,0
BRDA:135,25,1,8
BRDA:135,26,0,8
BRDA:135,26,1,8
BRDA:139,27,0,0
BRDA:139,27,1,8
BRDA:139,28,0,8
BRDA:139,28,1,8
BRDA:139,28,2,8
BRDA:143,29,0,0
BRDA:143,29,1,8
BRDA:143,30,0,8
BRDA:143,30,1,1
BRDA:147,31,0,0
BRDA:147,31,1,8
BRDA:156,32,0,1
BRDA:156,32,1,7
BRDA:173,33,0,0
BRDA:173,33,1,3
BRDA:173,34,0,3
BRDA:173,34,1,3
BRDA:173,34,2,3
BRDA:177,35,0,0
BRDA:177,35,1,3
BRDA:177,36,0,3
BRDA:177,36,1,3
BRDA:177,36,2,3
BRDA:181,37,0,0
BRDA:181,37,1,3
BRDA:181,38,0,3
BRDA:181,38,1,3
BRDA:181,38,2,3
BRDA:185,39,0,0
BRDA:185,39,1,3
BRDA:201,40,0,0
BRDA:201,40,1,1
BRDA:201,41,0,1
BRDA:201,41,1,1
BRDA:201,41,2,1
BRDA:205,42,0,0
BRDA:205,42,1,1
BRDA:220,43,0,0
BRDA:220,43,1,2
BRDA:220,44,0,2
BRDA:220,44,1,2
BRDA:224,45,0,0
BRDA:224,45,1,2
BRDA:224,46,0,2
BRDA:224,46,1,2
BRDA:224,46,2,2
BRDA:228,47,0,0
BRDA:228,47,1,2
BRDA:241,48,0,0
BRDA:241,48,1,1
BRDA:241,49,0,1
BRDA:241,49,1,1
BRDA:245,50,0,0
BRDA:245,50,1,1
BRDA:245,51,0,1
BRDA:245,51,1,1
BRDA:249,52,0,0
BRDA:249,52,1,1
BRDA:261,53,0,0
BRDA:261,53,1,36
BRDA:267,54,0,0
BRDA:267,54,1,36
BRDA:279,55,0,0
BRDA:279,55,1,16
BRDA:279,56,0,16
BRDA:279,56,1,16
BRDA:279,56,2,16
BRDA:286,57,0,1
BRDA:286,57,1,15
BRDA:298,58,0,7
BRDA:298,58,1,2
BRDA:302,59,0,0
BRDA:302,59,1,2
BRDA:315,60,0,0
BRDA:315,60,1,1
BRDA:315,61,0,1
BRDA:315,61,1,1
BRDA:320,62,0,0
BRDA:320,62,1,1
BRF:135
BRH:86
end_of_record
