<?xml version="1.0" encoding="UTF-8"?>
<coverage generated="1775135282056" clover="3.2.0">
  <project timestamp="1775135282056" name="All files">
    <metrics statements="221" coveredstatements="201" conditionals="104" coveredconditionals="81" methods="94" coveredmethods="83" elements="419" coveredelements="365" complexity="0" loc="221" ncloc="221" packages="3" files="15" classes="15"/>
    <package name="src">
      <metrics statements="67" coveredstatements="65" conditionals="30" coveredconditionals="24" methods="25" coveredmethods="24"/>
      <file name="App.tsx" path="E:\mpp\spendy-app\src\App.tsx">
        <metrics statements="1" coveredstatements="1" conditionals="0" coveredconditionals="0" methods="1" coveredmethods="1"/>
        <line num="14" count="2" type="stmt"/>
      </file>
      <file name="tracker.ts" path="E:\mpp\spendy-app\src\tracker.ts">
        <metrics statements="16" coveredstatements="14" conditionals="8" coveredconditionals="4" methods="6" coveredmethods="5"/>
        <line num="8" count="1" type="stmt"/>
        <line num="9" count="1" type="stmt"/>
        <line num="16" count="6" type="stmt"/>
        <line num="20" count="6" type="stmt"/>
        <line num="22" count="6" type="cond" truecount="2" falsecount="0"/>
        <line num="23" count="1" type="stmt"/>
        <line num="26" count="5" type="stmt"/>
        <line num="27" count="5" type="stmt"/>
        <line num="28" count="5" type="stmt"/>
        <line num="30" count="0" type="stmt"/>
        <line num="35" count="6" type="stmt"/>
        <line num="37" count="6" type="stmt"/>
        <line num="43" count="6" type="stmt"/>
        <line num="47" count="3" type="stmt"/>
        <line num="54" count="3" type="stmt"/>
        <line num="61" count="0" type="stmt"/>
      </file>
      <file name="types.ts" path="E:\mpp\spendy-app\src\types.ts">
        <metrics statements="2" coveredstatements="2" conditionals="0" coveredconditionals="0" methods="0" coveredmethods="0"/>
        <line num="1" count="3" type="stmt"/>
        <line num="11" count="3" type="stmt"/>
      </file>
      <file name="useExpenses.ts" path="E:\mpp\spendy-app\src\useExpenses.ts">
        <metrics statements="40" coveredstatements="40" conditionals="16" coveredconditionals="14" methods="17" coveredmethods="17"/>
        <line num="23" count="2" type="stmt"/>
        <line num="25" count="2" type="stmt"/>
        <line num="26" count="17" type="cond" truecount="3" falsecount="1"/>
        <line num="31" count="30" type="stmt"/>
        <line num="33" count="30" type="stmt"/>
        <line num="34" count="18" type="stmt"/>
        <line num="36" count="18" type="cond" truecount="2" falsecount="0"/>
        <line num="37" count="1" type="stmt"/>
        <line num="40" count="17" type="stmt"/>
        <line num="45" count="17" type="stmt"/>
        <line num="47" count="17" type="stmt"/>
        <line num="50" count="30" type="stmt"/>
        <line num="52" count="4" type="stmt"/>
        <line num="54" count="4" type="cond" truecount="2" falsecount="0"/>
        <line num="55" count="1" type="stmt"/>
        <line num="58" count="3" type="stmt"/>
        <line num="59" count="3" type="stmt"/>
        <line num="61" count="3" type="cond" truecount="2" falsecount="0"/>
        <line num="62" count="1" type="stmt"/>
        <line num="65" count="2" type="stmt"/>
        <line num="66" count="2" type="cond" truecount="1" falsecount="1"/>
        <line num="69" count="2" type="stmt"/>
        <line num="74" count="30" type="stmt"/>
        <line num="76" count="3" type="stmt"/>
        <line num="78" count="3" type="cond" truecount="2" falsecount="0"/>
        <line num="79" count="1" type="stmt"/>
        <line num="82" count="2" type="stmt"/>
        <line num="83" count="2" type="stmt"/>
        <line num="86" count="2" type="stmt"/>
        <line num="91" count="30" type="stmt"/>
        <line num="92" count="11" type="stmt"/>
        <line num="96" count="30" type="stmt"/>
        <line num="97" count="1" type="stmt"/>
        <line num="100" count="30" type="stmt"/>
        <line num="101" count="30" type="stmt"/>
        <line num="112" count="30" type="stmt"/>
        <line num="116" count="52" type="stmt"/>
        <line num="118" count="52" type="cond" truecount="2" falsecount="0"/>
        <line num="119" count="2" type="stmt"/>
        <line num="122" count="50" type="stmt"/>
      </file>
      <file name="validation.ts" path="E:\mpp\spendy-app\src\validation.ts">
        <metrics statements="8" coveredstatements="8" conditionals="6" coveredconditionals="6" methods="1" coveredmethods="1"/>
        <line num="11" count="28" type="stmt"/>
        <line num="13" count="28" type="cond" truecount="2" falsecount="0"/>
        <line num="14" count="4" type="stmt"/>
        <line num="17" count="28" type="cond" truecount="2" falsecount="0"/>
        <line num="18" count="4" type="stmt"/>
        <line num="21" count="28" type="cond" truecount="2" falsecount="0"/>
        <line num="22" count="2" type="stmt"/>
        <line num="25" count="28" type="stmt"/>
      </file>
    </package>
    <package name="src.components">
      <metrics statements="24" coveredstatements="19" conditionals="18" coveredconditionals="16" methods="18" coveredmethods="13"/>
      <file name="ExpenseForm.tsx" path="E:\mpp\spendy-app\src\components\ExpenseForm.tsx">
        <metrics statements="10" coveredstatements="7" conditionals="12" coveredconditionals="10" methods="9" coveredmethods="6"/>
        <line num="35" count="13" type="cond" truecount="2" falsecount="0"/>
        <line num="37" count="13" type="stmt"/>
        <line num="47" count="2" type="stmt"/>
        <line num="64" count="2" type="stmt"/>
        <line num="78" count="0" type="stmt"/>
        <line num="82" count="65" type="stmt"/>
        <line num="97" count="1" type="stmt"/>
        <line num="111" count="0" type="stmt"/>
        <line num="116" count="65" type="stmt"/>
        <line num="131" count="0" type="stmt"/>
      </file>
      <file name="ExpenseTable.tsx" path="E:\mpp\spendy-app\src\components\ExpenseTable.tsx">
        <metrics statements="9" coveredstatements="7" conditionals="6" coveredconditionals="6" methods="7" coveredmethods="5"/>
        <line num="28" count="15" type="stmt"/>
        <line num="50" count="18" type="stmt"/>
        <line num="59" count="0" type="stmt"/>
        <line num="67" count="2" type="stmt"/>
        <line num="75" count="2" type="stmt"/>
        <line num="102" count="20" type="stmt"/>
        <line num="103" count="20" type="stmt"/>
        <line num="105" count="20" type="stmt"/>
        <line num="109" count="0" type="stmt"/>
      </file>
      <file name="RouteActivityTracker.tsx" path="E:\mpp\spendy-app\src\components\RouteActivityTracker.tsx">
        <metrics statements="5" coveredstatements="5" conditionals="0" coveredconditionals="0" methods="2" coveredmethods="2"/>
        <line num="7" count="3" type="stmt"/>
        <line num="9" count="3" type="stmt"/>
        <line num="10" count="3" type="stmt"/>
        <line num="11" count="3" type="stmt"/>
        <line num="14" count="3" type="stmt"/>
      </file>
    </package>
    <package name="src.pages">
      <metrics statements="130" coveredstatements="117" conditionals="56" coveredconditionals="41" methods="51" coveredmethods="46"/>
      <file name="DashboardPage.tsx" path="E:\mpp\spendy-app\src\pages\DashboardPage.tsx">
        <metrics statements="35" coveredstatements="32" conditionals="10" coveredconditionals="8" methods="13" coveredmethods="12"/>
        <line num="8" count="2" type="stmt"/>
        <line num="11" count="13" type="stmt"/>
        <line num="13" count="13" type="cond" truecount="4" falsecount="0"/>
        <line num="14" count="11" type="stmt"/>
        <line num="17" count="2" type="stmt"/>
        <line num="21" count="13" type="stmt"/>
        <line num="22" count="13" type="stmt"/>
        <line num="23" count="13" type="stmt"/>
        <line num="25" count="13" type="stmt"/>
        <line num="26" count="13" type="stmt"/>
        <line num="27" count="13" type="stmt"/>
        <line num="29" count="13" type="stmt"/>
        <line num="30" count="13" type="stmt"/>
        <line num="31" count="13" type="stmt"/>
        <line num="32" count="13" type="stmt"/>
        <line num="35" count="13" type="stmt"/>
        <line num="36" count="2" type="stmt"/>
        <line num="37" count="2" type="stmt"/>
        <line num="38" count="2" type="stmt"/>
        <line num="39" count="2" type="stmt"/>
        <line num="43" count="13" type="stmt"/>
        <line num="44" count="1" type="stmt"/>
        <line num="46" count="1" type="cond" truecount="1" falsecount="1"/>
        <line num="47" count="0" type="stmt"/>
        <line num="50" count="1" type="stmt"/>
        <line num="51" count="1" type="cond" truecount="1" falsecount="1"/>
        <line num="52" count="0" type="stmt"/>
        <line num="56" count="13" type="stmt"/>
        <line num="73" count="1" type="stmt"/>
        <line num="100" count="23" type="stmt"/>
        <line num="108" count="23" type="cond" truecount="2" falsecount="0"/>
        <line num="118" count="0" type="stmt"/>
        <line num="119" count="2" type="stmt"/>
        <line num="121" count="1" type="stmt"/>
        <line num="122" count="1" type="stmt"/>
      </file>
      <file name="ExpenseDetailPage.tsx" path="E:\mpp\spendy-app\src\pages\ExpenseDetailPage.tsx">
        <metrics statements="6" coveredstatements="6" conditionals="5" coveredconditionals="4" methods="1" coveredmethods="1"/>
        <line num="7" count="2" type="cond" truecount="1" falsecount="0"/>
        <line num="8" count="2" type="stmt"/>
        <line num="9" count="2" type="stmt"/>
        <line num="11" count="2" type="cond" truecount="2" falsecount="0"/>
        <line num="12" count="1" type="stmt"/>
        <line num="28" count="1" type="stmt"/>
      </file>
      <file name="ExpenseFormPage.tsx" path="E:\mpp\spendy-app\src\pages\ExpenseFormPage.tsx">
        <metrics statements="44" coveredstatements="37" conditionals="27" coveredconditionals="21" methods="10" coveredmethods="9"/>
        <line num="17" count="1" type="stmt"/>
        <line num="28" count="2" type="stmt"/>
        <line num="30" count="2" type="stmt"/>
        <line num="31" count="5" type="cond" truecount="2" falsecount="0"/>
        <line num="32" count="2" type="stmt"/>
        <line num="35" count="5" type="cond" truecount="2" falsecount="0"/>
        <line num="36" count="2" type="stmt"/>
        <line num="39" count="5" type="cond" truecount="2" falsecount="0"/>
        <line num="40" count="1" type="stmt"/>
        <line num="44" count="2" type="stmt"/>
        <line num="48" count="11" type="stmt"/>
        <line num="49" count="11" type="stmt"/>
        <line num="50" count="11" type="cond" truecount="1" falsecount="0"/>
        <line num="51" count="11" type="stmt"/>
        <line num="52" count="11" type="cond" truecount="2" falsecount="0"/>
        <line num="54" count="11" type="stmt"/>
        <line num="55" count="3" type="cond" truecount="2" falsecount="0"/>
        <line num="66" count="11" type="stmt"/>
        <line num="68" count="11" type="stmt"/>
        <line num="69" count="3" type="cond" truecount="2" falsecount="0"/>
        <line num="73" count="11" type="cond" truecount="3" falsecount="1"/>
        <line num="74" count="0" type="stmt"/>
        <line num="90" count="11" type="stmt"/>
        <line num="91" count="5" type="stmt"/>
        <line num="92" count="5" type="stmt"/>
        <line num="95" count="11" type="stmt"/>
        <line num="96" count="3" type="stmt"/>
        <line num="97" count="3" type="stmt"/>
        <line num="99" count="3" type="stmt"/>
        <line num="100" count="3" type="cond" truecount="2" falsecount="0"/>
        <line num="101" count="2" type="stmt"/>
        <line num="102" count="2" type="stmt"/>
        <line num="105" count="1" type="stmt"/>
        <line num="106" count="1" type="cond" truecount="1" falsecount="1"/>
        <line num="107" count="0" type="stmt"/>
        <line num="109" count="1" type="stmt"/>
        <line num="111" count="1" type="cond" truecount="1" falsecount="1"/>
        <line num="112" count="0" type="stmt"/>
        <line num="113" count="0" type="stmt"/>
        <line num="117" count="1" type="stmt"/>
        <line num="119" count="0" type="cond" truecount="0" falsecount="2"/>
        <line num="120" count="0" type="stmt"/>
        <line num="124" count="11" type="stmt"/>
        <line num="150" count="0" type="stmt"/>
      </file>
      <file name="LandingPage.tsx" path="E:\mpp\spendy-app\src\pages\LandingPage.tsx">
        <metrics statements="1" coveredstatements="1" conditionals="0" coveredconditionals="0" methods="1" coveredmethods="1"/>
        <line num="5" count="3" type="stmt"/>
      </file>
      <file name="Login.tsx" path="E:\mpp\spendy-app\src\pages\Login.tsx">
        <metrics statements="6" coveredstatements="6" conditionals="0" coveredconditionals="0" methods="3" coveredmethods="3"/>
        <line num="6" count="3" type="stmt"/>
        <line num="8" count="3" type="stmt"/>
        <line num="9" count="1" type="stmt"/>
        <line num="10" count="1" type="stmt"/>
        <line num="13" count="3" type="stmt"/>
        <line num="22" count="1" type="stmt"/>
      </file>
      <file name="Register.tsx" path="E:\mpp\spendy-app\src\pages\Register.tsx">
        <metrics statements="6" coveredstatements="6" conditionals="0" coveredconditionals="0" methods="3" coveredmethods="3"/>
        <line num="6" count="3" type="stmt"/>
        <line num="8" count="3" type="stmt"/>
        <line num="9" count="1" type="stmt"/>
        <line num="10" count="1" type="stmt"/>
        <line num="13" count="3" type="stmt"/>
        <line num="22" count="1" type="stmt"/>
      </file>
      <file name="Statistics.tsx" path="E:\mpp\spendy-app\src\pages\Statistics.tsx">
        <metrics statements="32" coveredstatements="29" conditionals="14" coveredconditionals="8" methods="20" coveredmethods="17"/>
        <line num="19" count="2" type="stmt"/>
        <line num="22" count="8" type="stmt"/>
        <line num="26" count="3" type="stmt"/>
        <line num="27" count="3" type="stmt"/>
        <line num="29" count="3" type="stmt"/>
        <line num="30" count="3" type="stmt"/>
        <line num="31" count="3" type="cond" truecount="2" falsecount="0"/>
        <line num="33" count="3" type="stmt"/>
        <line num="34" count="15" type="stmt"/>
        <line num="35" count="10" type="stmt"/>
        <line num="36" count="2" type="stmt"/>
        <line num="38" count="15" type="stmt"/>
        <line num="44" count="3" type="stmt"/>
        <line num="45" count="15" type="stmt"/>
        <line num="46" count="10" type="stmt"/>
        <line num="47" count="2" type="stmt"/>
        <line num="49" count="15" type="stmt"/>
        <line num="55" count="3" type="stmt"/>
        <line num="56" count="15" type="stmt"/>
        <line num="57" count="1" type="stmt"/>
        <line num="59" count="3" type="cond" truecount="2" falsecount="0"/>
        <line num="61" count="3" type="stmt"/>
        <line num="62" count="15" type="stmt"/>
        <line num="63" count="2" type="stmt"/>
        <line num="68" count="3" type="stmt"/>
        <line num="78" count="3" type="stmt"/>
        <line num="89" count="1" type="stmt"/>
        <line num="132" count="0" type="cond" truecount="0" falsecount="2"/>
        <line num="136" count="2" type="stmt"/>
        <line num="139" count="0" type="cond" truecount="0" falsecount="2"/>
        <line num="153" count="0" type="cond" truecount="0" falsecount="2"/>
        <line num="182" count="2" type="stmt"/>
      </file>
    </package>
  </project>
</coverage>
