{"E:\\mpp\\spendy-app\\src\\App.tsx": {"path":"E:\\mpp\\spendy-app\\src\\App.tsx","statementMap":{"0":{"start":{"line":14,"column":2},"end":{"line":30,"column":null}}},"fnMap":{"0":{"name":"App","decl":{"start":{"line":13,"column":9},"end":{"line":13,"column":15}},"loc":{"start":{"line":13,"column":15},"end":{"line":30,"column":null}},"line":13}},"branchMap":{},"s":{"0":2},"f":{"0":2},"b":{},"meta":{"lastBranch":0,"lastFunction":1,"lastStatement":1,"seen":{"f:13:9:13:15":0,"s:14:2:30:Infinity":0}}}
,"E:\\mpp\\spendy-app\\src\\tracker.ts": {"path":"E:\\mpp\\spendy-app\\src\\tracker.ts","statementMap":{"0":{"start":{"line":8,"column":28},"end":{"line":8,"column":null}},"1":{"start":{"line":9,"column":49},"end":{"line":13,"column":null}},"2":{"start":{"line":16,"column":2},"end":{"line":16,"column":null}},"3":{"start":{"line":20,"column":14},"end":{"line":20,"column":46}},"4":{"start":{"line":22,"column":2},"end":{"line":23,"column":null}},"5":{"start":{"line":23,"column":4},"end":{"line":23,"column":null}},"6":{"start":{"line":26,"column":2},"end":{"line":30,"column":null}},"7":{"start":{"line":27,"column":19},"end":{"line":27,"column":34}},"8":{"start":{"line":28,"column":4},"end":{"line":28,"column":null}},"9":{"start":{"line":30,"column":4},"end":{"line":30,"column":null}},"10":{"start":{"line":35,"column":19},"end":{"line":35,"column":39}},"11":{"start":{"line":37,"column":41},"end":{"line":41,"column":null}},"12":{"start":{"line":43,"column":2},"end":{"line":43,"column":null}},"13":{"start":{"line":47,"column":2},"end":{"line":50,"column":null}},"14":{"start":{"line":54,"column":2},"end":{"line":57,"column":null}},"15":{"start":{"line":61,"column":2},"end":{"line":61,"column":null}}},"fnMap":{"0":{"name":"nowIsoTimestamp","decl":{"start":{"line":15,"column":9},"end":{"line":15,"column":35}},"loc":{"start":{"line":15,"column":35},"end":{"line":16,"column":null}},"line":15},"1":{"name":"readActivityCookie","decl":{"start":{"line":19,"column":9},"end":{"line":19,"column":62}},"loc":{"start":{"line":19,"column":62},"end":{"line":30,"column":null}},"line":19},"2":{"name":"writeActivityCookie","decl":{"start":{"line":34,"column":9},"end":{"line":34,"column":29}},"loc":{"start":{"line":34,"column":73},"end":{"line":43,"column":null}},"line":34},"3":{"name":"trackVisitedView","decl":{"start":{"line":46,"column":16},"end":{"line":46,"column":33}},"loc":{"start":{"line":46,"column":57},"end":{"line":50,"column":null}},"line":46},"4":{"name":"trackActivity","decl":{"start":{"line":53,"column":16},"end":{"line":53,"column":30}},"loc":{"start":{"line":53,"column":55},"end":{"line":57,"column":null}},"line":53},"5":{"name":"getActivityCookieSnapshot","decl":{"start":{"line":60,"column":16},"end":{"line":60,"column":76}},"loc":{"start":{"line":60,"column":76},"end":{"line":61,"column":null}},"line":60}},"branchMap":{"0":{"loc":{"start":{"line":22,"column":2},"end":{"line":23,"column":null}},"type":"if","locations":[{"start":{"line":22,"column":2},"end":{"line":23,"column":null}},{"start":{},"end":{}}],"line":22},"1":{"loc":{"start":{"line":38,"column":23},"end":{"line":38,"column":null}},"type":"binary-expr","locations":[{"start":{"line":38,"column":23},"end":{"line":38,"column":49}},{"start":{"line":38,"column":49},"end":{"line":38,"column":79}},{"start":{"line":38,"column":79},"end":{"line":38,"column":null}}],"line":38},"2":{"loc":{"start":{"line":40,"column":6},"end":{"line":40,"column":null}},"type":"binary-expr","locations":[{"start":{"line":40,"column":6},"end":{"line":40,"column":38}},{"start":{"line":40,"column":38},"end":{"line":40,"column":74}},{"start":{"line":40,"column":74},"end":{"line":40,"column":null}}],"line":40}},"s":{"0":1,"1":1,"2":6,"3":6,"4":6,"5":1,"6":5,"7":5,"8":5,"9":0,"10":6,"11":6,"12":6,"13":3,"14":3,"15":0},"f":{"0":6,"1":6,"2":6,"3":3,"4":3,"5":0},"b":{"0":[1,5],"1":[6,0,0],"2":[6,0,0]},"meta":{"lastBranch":3,"lastFunction":6,"lastStatement":16,"seen":{"s:8:28:8:Infinity":0,"s:9:49:13:Infinity":1,"f:15:9:15:35":0,"s:16:2:16:Infinity":2,"f:19:9:19:62":1,"s:20:14:20:46":3,"b:22:2:23:Infinity:undefined:undefined:undefined:undefined":0,"s:22:2:23:Infinity":4,"s:23:4:23:Infinity":5,"s:26:2:30:Infinity":6,"s:27:19:27:34":7,"s:28:4:28:Infinity":8,"s:30:4:30:Infinity":9,"f:34:9:34:29":2,"s:35:19:35:39":10,"s:37:41:41:Infinity":11,"b:38:23:38:49:38:49:38:79:38:79:38:Infinity":1,"b:40:6:40:38:40:38:40:74:40:74:40:Infinity":2,"s:43:2:43:Infinity":12,"f:46:16:46:33":3,"s:47:2:50:Infinity":13,"f:53:16:53:30":4,"s:54:2:57:Infinity":14,"f:60:16:60:76":5,"s:61:2:61:Infinity":15}}}
,"E:\\mpp\\spendy-app\\src\\types.ts": {"path":"E:\\mpp\\spendy-app\\src\\types.ts","statementMap":{"0":{"start":{"line":1,"column":34},"end":{"line":7,"column":null}},"1":{"start":{"line":11,"column":31},"end":{"line":17,"column":null}}},"fnMap":{},"branchMap":{},"s":{"0":3,"1":3},"f":{},"b":{},"meta":{"lastBranch":0,"lastFunction":0,"lastStatement":2,"seen":{"s:1:34:7:Infinity":0,"s:11:31:17:Infinity":1}}}
,"E:\\mpp\\spendy-app\\src\\useExpenses.ts": {"path":"E:\\mpp\\spendy-app\\src\\useExpenses.ts","statementMap":{"0":{"start":{"line":23,"column":6},"end":{"line":23,"column":72}},"1":{"start":{"line":25,"column":6},"end":{"line":28,"column":null}},"2":{"start":{"line":26,"column":2},"end":{"line":28,"column":null}},"3":{"start":{"line":31,"column":19},"end":{"line":31,"column":57}},"4":{"start":{"line":33,"column":8},"end":{"line":48,"column":8}},"5":{"start":{"line":34,"column":10},"end":{"line":34,"column":52}},"6":{"start":{"line":36,"column":4},"end":{"line":37,"column":null}},"7":{"start":{"line":37,"column":6},"end":{"line":37,"column":null}},"8":{"start":{"line":40,"column":36},"end":{"line":43,"column":null}},"9":{"start":{"line":45,"column":4},"end":{"line":45,"column":null}},"10":{"start":{"line":45,"column":37},"end":{"line":45,"column":73}},"11":{"start":{"line":47,"column":4},"end":{"line":47,"column":null}},"12":{"start":{"line":50,"column":8},"end":{"line":71,"column":null}},"13":{"start":{"line":52,"column":29},"end":{"line":52,"column":74}},"14":{"start":{"line":52,"column":56},"end":{"line":52,"column":74}},"15":{"start":{"line":54,"column":6},"end":{"line":55,"column":null}},"16":{"start":{"line":55,"column":8},"end":{"line":55,"column":null}},"17":{"start":{"line":58,"column":35},"end":{"line":58,"column":null}},"18":{"start":{"line":59,"column":12},"end":{"line":59,"column":53}},"19":{"start":{"line":61,"column":6},"end":{"line":62,"column":null}},"20":{"start":{"line":62,"column":8},"end":{"line":62,"column":null}},"21":{"start":{"line":65,"column":6},"end":{"line":67,"column":null}},"22":{"start":{"line":66,"column":8},"end":{"line":66,"column":85}},"23":{"start":{"line":66,"column":42},"end":{"line":66,"column":85}},"24":{"start":{"line":69,"column":6},"end":{"line":69,"column":null}},"25":{"start":{"line":74,"column":8},"end":{"line":88,"column":null}},"26":{"start":{"line":76,"column":21},"end":{"line":76,"column":66}},"27":{"start":{"line":76,"column":48},"end":{"line":76,"column":66}},"28":{"start":{"line":78,"column":6},"end":{"line":79,"column":null}},"29":{"start":{"line":79,"column":8},"end":{"line":79,"column":null}},"30":{"start":{"line":82,"column":6},"end":{"line":84,"column":null}},"31":{"start":{"line":83,"column":8},"end":{"line":83,"column":62}},"32":{"start":{"line":83,"column":44},"end":{"line":83,"column":62}},"33":{"start":{"line":86,"column":6},"end":{"line":86,"column":null}},"34":{"start":{"line":91,"column":8},"end":{"line":93,"column":null}},"35":{"start":{"line":92,"column":41},"end":{"line":92,"column":86}},"36":{"start":{"line":92,"column":68},"end":{"line":92,"column":86}},"37":{"start":{"line":96,"column":8},"end":{"line":98,"column":8}},"38":{"start":{"line":97,"column":4},"end":{"line":97,"column":null}},"39":{"start":{"line":100,"column":8},"end":{"line":109,"column":null}},"40":{"start":{"line":101,"column":11},"end":{"line":108,"column":null}},"41":{"start":{"line":112,"column":2},"end":{"line":112,"column":null}},"42":{"start":{"line":116,"column":8},"end":{"line":116,"column":45}},"43":{"start":{"line":118,"column":2},"end":{"line":119,"column":null}},"44":{"start":{"line":119,"column":4},"end":{"line":119,"column":null}},"45":{"start":{"line":122,"column":2},"end":{"line":122,"column":null}}},"fnMap":{"0":{"name":"(anonymous_0)","decl":{"start":{"line":25,"column":6},"end":{"line":25,"column":null}},"loc":{"start":{"line":26,"column":2},"end":{"line":28,"column":null}},"line":26},"1":{"name":"ExpensesProvider","decl":{"start":{"line":30,"column":16},"end":{"line":30,"column":33}},"loc":{"start":{"line":30,"column":66},"end":{"line":112,"column":null}},"line":30},"2":{"name":"(anonymous_2)","decl":{"start":{"line":33,"column":21},"end":{"line":33,"column":34}},"loc":{"start":{"line":33,"column":74},"end":{"line":48,"column":7}},"line":33},"3":{"name":"(anonymous_3)","decl":{"start":{"line":45,"column":4},"end":{"line":45,"column":17}},"loc":{"start":{"line":45,"column":37},"end":{"line":45,"column":73}},"line":45},"4":{"name":"(anonymous_4)","decl":{"start":{"line":50,"column":24},"end":{"line":50,"column":null}},"loc":{"start":{"line":51,"column":65},"end":{"line":71,"column":5}},"line":51},"5":{"name":"(anonymous_5)","decl":{"start":{"line":52,"column":38},"end":{"line":52,"column":44}},"loc":{"start":{"line":52,"column":56},"end":{"line":52,"column":74}},"line":52},"6":{"name":"(anonymous_6)","decl":{"start":{"line":65,"column":6},"end":{"line":65,"column":19}},"loc":{"start":{"line":66,"column":8},"end":{"line":66,"column":85}},"line":66},"7":{"name":"(anonymous_7)","decl":{"start":{"line":66,"column":24},"end":{"line":66,"column":29}},"loc":{"start":{"line":66,"column":42},"end":{"line":66,"column":85}},"line":66},"8":{"name":"(anonymous_8)","decl":{"start":{"line":74,"column":24},"end":{"line":74,"column":null}},"loc":{"start":{"line":75,"column":29},"end":{"line":88,"column":5}},"line":75},"9":{"name":"(anonymous_9)","decl":{"start":{"line":76,"column":30},"end":{"line":76,"column":36}},"loc":{"start":{"line":76,"column":48},"end":{"line":76,"column":66}},"line":76},"10":{"name":"(anonymous_10)","decl":{"start":{"line":82,"column":6},"end":{"line":82,"column":19}},"loc":{"start":{"line":83,"column":8},"end":{"line":83,"column":62}},"line":83},"11":{"name":"(anonymous_11)","decl":{"start":{"line":83,"column":24},"end":{"line":83,"column":32}},"loc":{"start":{"line":83,"column":44},"end":{"line":83,"column":62}},"line":83},"12":{"name":"(anonymous_12)","decl":{"start":{"line":91,"column":25},"end":{"line":91,"column":null}},"loc":{"start":{"line":92,"column":41},"end":{"line":92,"column":86}},"line":92},"13":{"name":"(anonymous_13)","decl":{"start":{"line":92,"column":50},"end":{"line":92,"column":56}},"loc":{"start":{"line":92,"column":68},"end":{"line":92,"column":86}},"line":92},"14":{"name":"(anonymous_14)","decl":{"start":{"line":96,"column":24},"end":{"line":96,"column":42}},"loc":{"start":{"line":96,"column":42},"end":{"line":98,"column":7}},"line":96},"15":{"name":"(anonymous_15)","decl":{"start":{"line":100,"column":16},"end":{"line":100,"column":null}},"loc":{"start":{"line":101,"column":11},"end":{"line":108,"column":null}},"line":101},"16":{"name":"useExpenses","decl":{"start":{"line":115,"column":16},"end":{"line":115,"column":52}},"loc":{"start":{"line":115,"column":52},"end":{"line":122,"column":null}},"line":115}},"branchMap":{"0":{"loc":{"start":{"line":26,"column":2},"end":{"line":28,"column":null}},"type":"cond-expr","locations":[{"start":{"line":27,"column":6},"end":{"line":27,"column":25}},{"start":{"line":28,"column":6},"end":{"line":28,"column":null}}],"line":26},"1":{"loc":{"start":{"line":26,"column":2},"end":{"line":26,"column":null}},"type":"binary-expr","locations":[{"start":{"line":26,"column":2},"end":{"line":26,"column":35}},{"start":{"line":26,"column":35},"end":{"line":26,"column":null}}],"line":26},"2":{"loc":{"start":{"line":36,"column":4},"end":{"line":37,"column":null}},"type":"if","locations":[{"start":{"line":36,"column":4},"end":{"line":37,"column":null}},{"start":{},"end":{}}],"line":36},"3":{"loc":{"start":{"line":54,"column":6},"end":{"line":55,"column":null}},"type":"if","locations":[{"start":{"line":54,"column":6},"end":{"line":55,"column":null}},{"start":{},"end":{}}],"line":54},"4":{"loc":{"start":{"line":61,"column":6},"end":{"line":62,"column":null}},"type":"if","locations":[{"start":{"line":61,"column":6},"end":{"line":62,"column":null}},{"start":{},"end":{}}],"line":61},"5":{"loc":{"start":{"line":66,"column":42},"end":{"line":66,"column":85}},"type":"cond-expr","locations":[{"start":{"line":66,"column":62},"end":{"line":66,"column":76}},{"start":{"line":66,"column":76},"end":{"line":66,"column":85}}],"line":66},"6":{"loc":{"start":{"line":78,"column":6},"end":{"line":79,"column":null}},"type":"if","locations":[{"start":{"line":78,"column":6},"end":{"line":79,"column":null}},{"start":{},"end":{}}],"line":78},"7":{"loc":{"start":{"line":118,"column":2},"end":{"line":119,"column":null}},"type":"if","locations":[{"start":{"line":118,"column":2},"end":{"line":119,"column":null}},{"start":{},"end":{}}],"line":118}},"s":{"0":2,"1":2,"2":17,"3":30,"4":30,"5":18,"6":18,"7":1,"8":17,"9":17,"10":17,"11":17,"12":30,"13":4,"14":3,"15":4,"16":1,"17":3,"18":3,"19":3,"20":1,"21":2,"22":2,"23":2,"24":2,"25":30,"26":3,"27":2,"28":3,"29":1,"30":2,"31":2,"32":2,"33":2,"34":30,"35":11,"36":10,"37":30,"38":1,"39":30,"40":30,"41":30,"42":52,"43":52,"44":2,"45":50},"f":{"0":17,"1":30,"2":18,"3":17,"4":4,"5":3,"6":2,"7":2,"8":3,"9":2,"10":2,"11":2,"12":11,"13":10,"14":1,"15":30,"16":52},"b":{"0":[17,0],"1":[17,17],"2":[1,17],"3":[1,3],"4":[1,2],"5":[2,0],"6":[1,2],"7":[2,50]},"meta":{"lastBranch":8,"lastFunction":17,"lastStatement":46,"seen":{"s:23:6:23:72":0,"s:25:6:28:Infinity":1,"f:25:6:25:Infinity":0,"s:26:2:28:Infinity":2,"b:27:6:27:25:28:6:28:Infinity":0,"b:26:2:26:35:26:35:26:Infinity":1,"f:30:16:30:33":1,"s:31:19:31:57":3,"s:33:8:48:8":4,"f:33:21:33:34":2,"s:34:10:34:52":5,"b:36:4:37:Infinity:undefined:undefined:undefined:undefined":2,"s:36:4:37:Infinity":6,"s:37:6:37:Infinity":7,"s:40:36:43:Infinity":8,"s:45:4:45:Infinity":9,"f:45:4:45:17":3,"s:45:37:45:73":10,"s:47:4:47:Infinity":11,"s:50:8:71:Infinity":12,"f:50:24:50:Infinity":4,"s:52:29:52:74":13,"f:52:38:52:44":5,"s:52:56:52:74":14,"b:54:6:55:Infinity:undefined:undefined:undefined:undefined":3,"s:54:6:55:Infinity":15,"s:55:8:55:Infinity":16,"s:58:35:58:Infinity":17,"s:59:12:59:53":18,"b:61:6:62:Infinity:undefined:undefined:undefined:undefined":4,"s:61:6:62:Infinity":19,"s:62:8:62:Infinity":20,"s:65:6:67:Infinity":21,"f:65:6:65:19":6,"s:66:8:66:85":22,"f:66:24:66:29":7,"s:66:42:66:85":23,"b:66:62:66:76:66:76:66:85":5,"s:69:6:69:Infinity":24,"s:74:8:88:Infinity":25,"f:74:24:74:Infinity":8,"s:76:21:76:66":26,"f:76:30:76:36":9,"s:76:48:76:66":27,"b:78:6:79:Infinity:undefined:undefined:undefined:undefined":6,"s:78:6:79:Infinity":28,"s:79:8:79:Infinity":29,"s:82:6:84:Infinity":30,"f:82:6:82:19":10,"s:83:8:83:62":31,"f:83:24:83:32":11,"s:83:44:83:62":32,"s:86:6:86:Infinity":33,"s:91:8:93:Infinity":34,"f:91:25:91:Infinity":12,"s:92:41:92:86":35,"f:92:50:92:56":13,"s:92:68:92:86":36,"s:96:8:98:8":37,"f:96:24:96:42":14,"s:97:4:97:Infinity":38,"s:100:8:109:Infinity":39,"f:100:16:100:Infinity":15,"s:101:11:108:Infinity":40,"s:112:2:112:Infinity":41,"f:115:16:115:52":16,"s:116:8:116:45":42,"b:118:2:119:Infinity:undefined:undefined:undefined:undefined":7,"s:118:2:119:Infinity":43,"s:119:4:119:Infinity":44,"s:122:2:122:Infinity":45}}}
,"E:\\mpp\\spendy-app\\src\\validation.ts": {"path":"E:\\mpp\\spendy-app\\src\\validation.ts","statementMap":{"0":{"start":{"line":11,"column":27},"end":{"line":11,"column":29}},"1":{"start":{"line":13,"column":2},"end":{"line":14,"column":null}},"2":{"start":{"line":14,"column":4},"end":{"line":14,"column":null}},"3":{"start":{"line":17,"column":2},"end":{"line":18,"column":null}},"4":{"start":{"line":18,"column":4},"end":{"line":18,"column":null}},"5":{"start":{"line":21,"column":2},"end":{"line":22,"column":null}},"6":{"start":{"line":22,"column":4},"end":{"line":22,"column":null}},"7":{"start":{"line":25,"column":2},"end":{"line":28,"column":null}}},"fnMap":{"0":{"name":"validateExpense","decl":{"start":{"line":8,"column":16},"end":{"line":8,"column":null}},"loc":{"start":{"line":10,"column":27},"end":{"line":28,"column":null}},"line":10}},"branchMap":{"0":{"loc":{"start":{"line":13,"column":2},"end":{"line":14,"column":null}},"type":"if","locations":[{"start":{"line":13,"column":2},"end":{"line":14,"column":null}},{"start":{},"end":{}}],"line":13},"1":{"loc":{"start":{"line":17,"column":2},"end":{"line":18,"column":null}},"type":"if","locations":[{"start":{"line":17,"column":2},"end":{"line":18,"column":null}},{"start":{},"end":{}}],"line":17},"2":{"loc":{"start":{"line":21,"column":2},"end":{"line":22,"column":null}},"type":"if","locations":[{"start":{"line":21,"column":2},"end":{"line":22,"column":null}},{"start":{},"end":{}}],"line":21}},"s":{"0":28,"1":28,"2":4,"3":28,"4":4,"5":28,"6":2,"7":28},"f":{"0":28},"b":{"0":[4,24],"1":[4,24],"2":[2,26]},"meta":{"lastBranch":3,"lastFunction":1,"lastStatement":8,"seen":{"f:8:16:8:Infinity":0,"s:11:27:11:29":0,"b:13:2:14:Infinity:undefined:undefined:undefined:undefined":0,"s:13:2:14:Infinity":1,"s:14:4:14:Infinity":2,"b:17:2:18:Infinity:undefined:undefined:undefined:undefined":1,"s:17:2:18:Infinity":3,"s:18:4:18:Infinity":4,"b:21:2:22:Infinity:undefined:undefined:undefined:undefined":2,"s:21:2:22:Infinity":5,"s:22:4:22:Infinity":6,"s:25:2:28:Infinity":7}}}
,"E:\\mpp\\spendy-app\\src\\components\\ExpenseForm.tsx": {"path":"E:\\mpp\\spendy-app\\src\\components\\ExpenseForm.tsx","statementMap":{"0":{"start":{"line":35,"column":22},"end":{"line":35,"column":null}},"1":{"start":{"line":37,"column":2},"end":{"line":152,"column":null}},"2":{"start":{"line":47,"column":31},"end":{"line":47,"column":68}},"3":{"start":{"line":64,"column":31},"end":{"line":64,"column":77}},"4":{"start":{"line":78,"column":31},"end":{"line":78,"column":90}},"5":{"start":{"line":82,"column":12},"end":{"line":84,"column":null}},"6":{"start":{"line":97,"column":31},"end":{"line":97,"column":67}},"7":{"start":{"line":111,"column":12},"end":{"line":111,"column":74}},"8":{"start":{"line":116,"column":12},"end":{"line":118,"column":null}},"9":{"start":{"line":131,"column":31},"end":{"line":131,"column":68}}},"fnMap":{"0":{"name":"ExpenseForm","decl":{"start":{"line":27,"column":16},"end":{"line":27,"column":28}},"loc":{"start":{"line":34,"column":21},"end":{"line":152,"column":null}},"line":34},"1":{"name":"(anonymous_1)","decl":{"start":{"line":47,"column":10},"end":{"line":47,"column":21}},"loc":{"start":{"line":47,"column":31},"end":{"line":47,"column":68}},"line":47},"2":{"name":"(anonymous_2)","decl":{"start":{"line":64,"column":10},"end":{"line":64,"column":21}},"loc":{"start":{"line":64,"column":31},"end":{"line":64,"column":77}},"line":64},"3":{"name":"(anonymous_3)","decl":{"start":{"line":78,"column":10},"end":{"line":78,"column":21}},"loc":{"start":{"line":78,"column":31},"end":{"line":78,"column":90}},"line":78},"4":{"name":"(anonymous_4)","decl":{"start":{"line":81,"column":30},"end":{"line":81,"column":35}},"loc":{"start":{"line":82,"column":12},"end":{"line":84,"column":null}},"line":82},"5":{"name":"(anonymous_5)","decl":{"start":{"line":97,"column":10},"end":{"line":97,"column":21}},"loc":{"start":{"line":97,"column":31},"end":{"line":97,"column":67}},"line":97},"6":{"name":"(anonymous_6)","decl":{"start":{"line":110,"column":10},"end":{"line":110,"column":21}},"loc":{"start":{"line":111,"column":12},"end":{"line":111,"column":74}},"line":111},"7":{"name":"(anonymous_7)","decl":{"start":{"line":115,"column":27},"end":{"line":115,"column":32}},"loc":{"start":{"line":116,"column":12},"end":{"line":118,"column":null}},"line":116},"8":{"name":"(anonymous_8)","decl":{"start":{"line":131,"column":10},"end":{"line":131,"column":21}},"loc":{"start":{"line":131,"column":31},"end":{"line":131,"column":68}},"line":131}},"branchMap":{"0":{"loc":{"start":{"line":35,"column":22},"end":{"line":35,"column":null}},"type":"cond-expr","locations":[{"start":{"line":35,"column":42},"end":{"line":35,"column":58}},{"start":{"line":35,"column":58},"end":{"line":35,"column":null}}],"line":35},"1":{"loc":{"start":{"line":51,"column":9},"end":{"line":51,"column":null}},"type":"cond-expr","locations":[{"start":{"line":51,"column":24},"end":{"line":51,"column":null}},{"start":{"line":51,"column":96},"end":{"line":51,"column":null}}],"line":51},"2":{"loc":{"start":{"line":68,"column":9},"end":{"line":68,"column":null}},"type":"cond-expr","locations":[{"start":{"line":68,"column":25},"end":{"line":68,"column":null}},{"start":{"line":68,"column":98},"end":{"line":68,"column":null}}],"line":68},"3":{"loc":{"start":{"line":100,"column":9},"end":{"line":100,"column":null}},"type":"cond-expr","locations":[{"start":{"line":100,"column":23},"end":{"line":100,"column":null}},{"start":{"line":100,"column":94},"end":{"line":100,"column":null}}],"line":100},"4":{"loc":{"start":{"line":130,"column":17},"end":{"line":130,"column":null}},"type":"binary-expr","locations":[{"start":{"line":130,"column":17},"end":{"line":130,"column":33}},{"start":{"line":130,"column":33},"end":{"line":130,"column":null}}],"line":130},"5":{"loc":{"start":{"line":137,"column":7},"end":{"line":137,"column":null}},"type":"cond-expr","locations":[{"start":{"line":137,"column":21},"end":{"line":137,"column":null}},{"start":{"line":137,"column":87},"end":{"line":137,"column":null}}],"line":137}},"s":{"0":13,"1":13,"2":2,"3":2,"4":0,"5":65,"6":1,"7":0,"8":65,"9":0},"f":{"0":13,"1":2,"2":2,"3":0,"4":65,"5":1,"6":0,"7":65,"8":0},"b":{"0":[4,9],"1":[4,9],"2":[4,9],"3":[3,10],"4":[13,0],"5":[0,13]},"meta":{"lastBranch":6,"lastFunction":9,"lastStatement":10,"seen":{"f:27:16:27:28":0,"s:35:22:35:Infinity":0,"b:35:42:35:58:35:58:35:Infinity":0,"s:37:2:152:Infinity":1,"f:47:10:47:21":1,"s:47:31:47:68":2,"b:51:24:51:Infinity:51:96:51:Infinity":1,"f:64:10:64:21":2,"s:64:31:64:77":3,"b:68:25:68:Infinity:68:98:68:Infinity":2,"f:78:10:78:21":3,"s:78:31:78:90":4,"f:81:30:81:35":4,"s:82:12:84:Infinity":5,"f:97:10:97:21":5,"s:97:31:97:67":6,"b:100:23:100:Infinity:100:94:100:Infinity":3,"f:110:10:110:21":6,"s:111:12:111:74":7,"f:115:27:115:32":7,"s:116:12:118:Infinity":8,"b:130:17:130:33:130:33:130:Infinity":4,"f:131:10:131:21":8,"s:131:31:131:68":9,"b:137:21:137:Infinity:137:87:137:Infinity":5}}}
,"E:\\mpp\\spendy-app\\src\\components\\ExpenseTable.tsx": {"path":"E:\\mpp\\spendy-app\\src\\components\\ExpenseTable.tsx","statementMap":{"0":{"start":{"line":28,"column":2},"end":{"line":129,"column":null}},"1":{"start":{"line":50,"column":16},"end":{"line":83,"column":null}},"2":{"start":{"line":59,"column":39},"end":{"line":59,"column":57}},"3":{"start":{"line":67,"column":39},"end":{"line":67,"column":57}},"4":{"start":{"line":75,"column":39},"end":{"line":75,"column":59}},"5":{"start":{"line":102,"column":25},"end":{"line":102,"column":null}},"6":{"start":{"line":103,"column":29},"end":{"line":103,"column":null}},"7":{"start":{"line":105,"column":12},"end":{"line":118,"column":null}},"8":{"start":{"line":109,"column":31},"end":{"line":109,"column":49}}},"fnMap":{"0":{"name":"ExpenseTable","decl":{"start":{"line":17,"column":16},"end":{"line":17,"column":29}},"loc":{"start":{"line":27,"column":22},"end":{"line":129,"column":null}},"line":27},"1":{"name":"(anonymous_1)","decl":{"start":{"line":49,"column":23},"end":{"line":49,"column":28}},"loc":{"start":{"line":50,"column":16},"end":{"line":83,"column":null}},"line":50},"2":{"name":"(anonymous_2)","decl":{"start":{"line":59,"column":24},"end":{"line":59,"column":39}},"loc":{"start":{"line":59,"column":39},"end":{"line":59,"column":57}},"line":59},"3":{"name":"(anonymous_3)","decl":{"start":{"line":67,"column":24},"end":{"line":67,"column":39}},"loc":{"start":{"line":67,"column":39},"end":{"line":67,"column":57}},"line":67},"4":{"name":"(anonymous_4)","decl":{"start":{"line":75,"column":24},"end":{"line":75,"column":39}},"loc":{"start":{"line":75,"column":39},"end":{"line":75,"column":59}},"line":75},"5":{"name":"(anonymous_5)","decl":{"start":{"line":101,"column":44},"end":{"line":101,"column":47}},"loc":{"start":{"line":101,"column":60},"end":{"line":118,"column":null}},"line":101},"6":{"name":"(anonymous_6)","decl":{"start":{"line":109,"column":16},"end":{"line":109,"column":31}},"loc":{"start":{"line":109,"column":31},"end":{"line":109,"column":49}},"line":109}},"branchMap":{"0":{"loc":{"start":{"line":42,"column":13},"end":{"line":83,"column":null}},"type":"cond-expr","locations":[{"start":{"line":43,"column":14},"end":{"line":49,"column":23}},{"start":{"line":49,"column":14},"end":{"line":83,"column":null}}],"line":42},"1":{"loc":{"start":{"line":111,"column":18},"end":{"line":113,"column":null}},"type":"cond-expr","locations":[{"start":{"line":112,"column":22},"end":{"line":112,"column":null}},{"start":{"line":113,"column":22},"end":{"line":113,"column":null}}],"line":111},"2":{"loc":{"start":{"line":115,"column":30},"end":{"line":115,"column":null}},"type":"cond-expr","locations":[{"start":{"line":115,"column":41},"end":{"line":115,"column":50}},{"start":{"line":115,"column":50},"end":{"line":115,"column":null}}],"line":115}},"s":{"0":15,"1":18,"2":0,"3":2,"4":2,"5":20,"6":20,"7":20,"8":0},"f":{"0":15,"1":18,"2":0,"3":2,"4":2,"5":20,"6":0},"b":{"0":[5,10],"1":[15,5],"2":[15,5]},"meta":{"lastBranch":3,"lastFunction":7,"lastStatement":9,"seen":{"f:17:16:17:29":0,"s:28:2:129:Infinity":0,"b:43:14:49:23:49:14:83:Infinity":0,"f:49:23:49:28":1,"s:50:16:83:Infinity":1,"f:59:24:59:39":2,"s:59:39:59:57":2,"f:67:24:67:39":3,"s:67:39:67:57":3,"f:75:24:75:39":4,"s:75:39:75:59":4,"f:101:44:101:47":5,"s:102:25:102:Infinity":5,"s:103:29:103:Infinity":6,"s:105:12:118:Infinity":7,"f:109:16:109:31":6,"s:109:31:109:49":8,"b:112:22:112:Infinity:113:22:113:Infinity":1,"b:115:41:115:50:115:50:115:Infinity":2}}}
,"E:\\mpp\\spendy-app\\src\\components\\RouteActivityTracker.tsx": {"path":"E:\\mpp\\spendy-app\\src\\components\\RouteActivityTracker.tsx","statementMap":{"0":{"start":{"line":7,"column":8},"end":{"line":7,"column":32}},"1":{"start":{"line":9,"column":2},"end":{"line":12,"column":null}},"2":{"start":{"line":10,"column":21},"end":{"line":10,"column":null}},"3":{"start":{"line":11,"column":4},"end":{"line":11,"column":null}},"4":{"start":{"line":14,"column":2},"end":{"line":14,"column":null}}},"fnMap":{"0":{"name":"RouteActivityTracker","decl":{"start":{"line":6,"column":16},"end":{"line":6,"column":39}},"loc":{"start":{"line":6,"column":39},"end":{"line":14,"column":null}},"line":6},"1":{"name":"(anonymous_1)","decl":{"start":{"line":9,"column":2},"end":{"line":9,"column":18}},"loc":{"start":{"line":9,"column":18},"end":{"line":12,"column":6}},"line":9}},"branchMap":{},"s":{"0":3,"1":3,"2":3,"3":3,"4":3},"f":{"0":3,"1":3},"b":{},"meta":{"lastBranch":0,"lastFunction":2,"lastStatement":5,"seen":{"f:6:16:6:39":0,"s:7:8:7:32":0,"s:9:2:12:Infinity":1,"f:9:2:9:18":1,"s:10:21:10:Infinity":2,"s:11:4:11:Infinity":3,"s:14:2:14:Infinity":4}}}
,"E:\\mpp\\spendy-app\\src\\pages\\DashboardPage.tsx": {"path":"E:\\mpp\\spendy-app\\src\\pages\\DashboardPage.tsx","statementMap":{"0":{"start":{"line":8,"column":18},"end":{"line":8,"column":null}},"1":{"start":{"line":11,"column":15},"end":{"line":11,"column":30}},"2":{"start":{"line":13,"column":2},"end":{"line":14,"column":null}},"3":{"start":{"line":14,"column":4},"end":{"line":14,"column":null}},"4":{"start":{"line":17,"column":2},"end":{"line":17,"column":null}},"5":{"start":{"line":21,"column":20},"end":{"line":21,"column":51}},"6":{"start":{"line":22,"column":8},"end":{"line":22,"column":32}},"7":{"start":{"line":23,"column":23},"end":{"line":23,"column":59}},"8":{"start":{"line":25,"column":22},"end":{"line":25,"column":57}},"9":{"start":{"line":26,"column":21},"end":{"line":26,"column":72}},"10":{"start":{"line":27,"column":19},"end":{"line":27,"column":52}},"11":{"start":{"line":29,"column":8},"end":{"line":33,"column":26}},"12":{"start":{"line":30,"column":10},"end":{"line":30,"column":null}},"13":{"start":{"line":31,"column":16},"end":{"line":31,"column":null}},"14":{"start":{"line":32,"column":4},"end":{"line":32,"column":null}},"15":{"start":{"line":35,"column":8},"end":{"line":40,"column":null}},"16":{"start":{"line":36,"column":4},"end":{"line":40,"column":null}},"17":{"start":{"line":37,"column":19},"end":{"line":37,"column":47}},"18":{"start":{"line":38,"column":6},"end":{"line":38,"column":null}},"19":{"start":{"line":39,"column":6},"end":{"line":39,"column":null}},"20":{"start":{"line":43,"column":8},"end":{"line":52,"column":null}},"21":{"start":{"line":44,"column":20},"end":{"line":44,"column":37}},"22":{"start":{"line":46,"column":4},"end":{"line":47,"column":null}},"23":{"start":{"line":47,"column":6},"end":{"line":47,"column":null}},"24":{"start":{"line":50,"column":27},"end":{"line":50,"column":84}},"25":{"start":{"line":51,"column":4},"end":{"line":52,"column":null}},"26":{"start":{"line":52,"column":6},"end":{"line":52,"column":null}},"27":{"start":{"line":56,"column":2},"end":{"line":124,"column":null}},"28":{"start":{"line":73,"column":31},"end":{"line":73,"column":44}},"29":{"start":{"line":100,"column":101},"end":{"line":100,"column":117}},"30":{"start":{"line":108,"column":121},"end":{"line":108,"column":137}},"31":{"start":{"line":118,"column":26},"end":{"line":118,"column":53}},"32":{"start":{"line":119,"column":26},"end":{"line":119,"column":58}},"33":{"start":{"line":121,"column":32},"end":{"line":121,"column":66}},"34":{"start":{"line":122,"column":28},"end":{"line":122,"column":71}}},"fnMap":{"0":{"name":"parsePage","decl":{"start":{"line":10,"column":9},"end":{"line":10,"column":19}},"loc":{"start":{"line":10,"column":51},"end":{"line":17,"column":null}},"line":10},"1":{"name":"DashboardPage","decl":{"start":{"line":20,"column":16},"end":{"line":20,"column":32}},"loc":{"start":{"line":20,"column":32},"end":{"line":124,"column":null}},"line":20},"2":{"name":"(anonymous_2)","decl":{"start":{"line":29,"column":28},"end":{"line":29,"column":42}},"loc":{"start":{"line":29,"column":42},"end":{"line":33,"column":6}},"line":29},"3":{"name":"(anonymous_3)","decl":{"start":{"line":35,"column":8},"end":{"line":35,"column":19}},"loc":{"start":{"line":35,"column":36},"end":{"line":40,"column":null}},"line":35},"4":{"name":"(anonymous_4)","decl":{"start":{"line":36,"column":4},"end":{"line":36,"column":21}},"loc":{"start":{"line":36,"column":33},"end":{"line":40,"column":null}},"line":36},"5":{"name":"(anonymous_5)","decl":{"start":{"line":43,"column":8},"end":{"line":43,"column":24}},"loc":{"start":{"line":43,"column":39},"end":{"line":52,"column":null}},"line":43},"6":{"name":"(anonymous_6)","decl":{"start":{"line":73,"column":16},"end":{"line":73,"column":31}},"loc":{"start":{"line":73,"column":31},"end":{"line":73,"column":44}},"line":73},"7":{"name":"(anonymous_7)","decl":{"start":{"line":100,"column":82},"end":{"line":100,"column":90}},"loc":{"start":{"line":100,"column":101},"end":{"line":100,"column":117}},"line":100},"8":{"name":"(anonymous_8)","decl":{"start":{"line":108,"column":102},"end":{"line":108,"column":110}},"loc":{"start":{"line":108,"column":121},"end":{"line":108,"column":137}},"line":108},"9":{"name":"(anonymous_9)","decl":{"start":{"line":118,"column":10},"end":{"line":118,"column":19}},"loc":{"start":{"line":118,"column":26},"end":{"line":118,"column":53}},"line":118},"10":{"name":"(anonymous_10)","decl":{"start":{"line":119,"column":10},"end":{"line":119,"column":19}},"loc":{"start":{"line":119,"column":26},"end":{"line":119,"column":58}},"line":119},"11":{"name":"(anonymous_11)","decl":{"start":{"line":121,"column":10},"end":{"line":121,"column":32}},"loc":{"start":{"line":121,"column":32},"end":{"line":121,"column":66}},"line":121},"12":{"name":"(anonymous_12)","decl":{"start":{"line":122,"column":10},"end":{"line":122,"column":28}},"loc":{"start":{"line":122,"column":28},"end":{"line":122,"column":71}},"line":122}},"branchMap":{"0":{"loc":{"start":{"line":13,"column":2},"end":{"line":14,"column":null}},"type":"if","locations":[{"start":{"line":13,"column":2},"end":{"line":14,"column":null}},{"start":{},"end":{}}],"line":13},"1":{"loc":{"start":{"line":13,"column":6},"end":{"line":13,"column":43}},"type":"binary-expr","locations":[{"start":{"line":13,"column":6},"end":{"line":13,"column":29}},{"start":{"line":13,"column":33},"end":{"line":13,"column":43}}],"line":13},"2":{"loc":{"start":{"line":46,"column":4},"end":{"line":47,"column":null}},"type":"if","locations":[{"start":{"line":46,"column":4},"end":{"line":47,"column":null}},{"start":{},"end":{}}],"line":46},"3":{"loc":{"start":{"line":51,"column":4},"end":{"line":52,"column":null}},"type":"if","locations":[{"start":{"line":51,"column":4},"end":{"line":52,"column":null}},{"start":{},"end":{}}],"line":51},"4":{"loc":{"start":{"line":108,"column":70},"end":{"line":108,"column":null}},"type":"cond-expr","locations":[{"start":{"line":108,"column":88},"end":{"line":108,"column":169}},{"start":{"line":108,"column":172},"end":{"line":108,"column":null}}],"line":108}},"s":{"0":2,"1":13,"2":13,"3":11,"4":2,"5":13,"6":13,"7":13,"8":13,"9":13,"10":13,"11":13,"12":13,"13":13,"14":13,"15":13,"16":2,"17":2,"18":2,"19":2,"20":13,"21":1,"22":1,"23":0,"24":1,"25":1,"26":0,"27":13,"28":1,"29":23,"30":23,"31":0,"32":2,"33":1,"34":1},"f":{"0":13,"1":13,"2":13,"3":2,"4":2,"5":1,"6":1,"7":23,"8":23,"9":0,"10":2,"11":1,"12":1},"b":{"0":[11,2],"1":[13,13],"2":[0,1],"3":[0,1],"4":[8,5]},"meta":{"lastBranch":5,"lastFunction":13,"lastStatement":35,"seen":{"s:8:18:8:Infinity":0,"f:10:9:10:19":0,"s:11:15:11:30":1,"b:13:2:14:Infinity:undefined:undefined:undefined:undefined":0,"s:13:2:14:Infinity":2,"b:13:6:13:29:13:33:13:43":1,"s:14:4:14:Infinity":3,"s:17:2:17:Infinity":4,"f:20:16:20:32":1,"s:21:20:21:51":5,"s:22:8:22:32":6,"s:23:23:23:59":7,"s:25:22:25:57":8,"s:26:21:26:72":9,"s:27:19:27:52":10,"s:29:8:33:26":11,"f:29:28:29:42":2,"s:30:10:30:Infinity":12,"s:31:16:31:Infinity":13,"s:32:4:32:Infinity":14,"s:35:8:40:Infinity":15,"f:35:8:35:19":3,"s:36:4:40:Infinity":16,"f:36:4:36:21":4,"s:37:19:37:47":17,"s:38:6:38:Infinity":18,"s:39:6:39:Infinity":19,"s:43:8:52:Infinity":20,"f:43:8:43:24":5,"s:44:20:44:37":21,"b:46:4:47:Infinity:undefined:undefined:undefined:undefined":2,"s:46:4:47:Infinity":22,"s:47:6:47:Infinity":23,"s:50:27:50:84":24,"b:51:4:52:Infinity:undefined:undefined:undefined:undefined":3,"s:51:4:52:Infinity":25,"s:52:6:52:Infinity":26,"s:56:2:124:Infinity":27,"f:73:16:73:31":6,"s:73:31:73:44":28,"f:100:82:100:90":7,"s:100:101:100:117":29,"b:108:88:108:169:108:172:108:Infinity":4,"f:108:102:108:110":8,"s:108:121:108:137":30,"f:118:10:118:19":9,"s:118:26:118:53":31,"f:119:10:119:19":10,"s:119:26:119:58":32,"f:121:10:121:32":11,"s:121:32:121:66":33,"f:122:10:122:28":12,"s:122:28:122:71":34}}}
,"E:\\mpp\\spendy-app\\src\\pages\\ExpenseDetailPage.tsx": {"path":"E:\\mpp\\spendy-app\\src\\pages\\ExpenseDetailPage.tsx","statementMap":{"0":{"start":{"line":7,"column":22},"end":{"line":7,"column":40}},"1":{"start":{"line":8,"column":10},"end":{"line":8,"column":42}},"2":{"start":{"line":9,"column":18},"end":{"line":9,"column":43}},"3":{"start":{"line":11,"column":2},"end":{"line":24,"column":null}},"4":{"start":{"line":12,"column":4},"end":{"line":24,"column":null}},"5":{"start":{"line":28,"column":2},"end":{"line":78,"column":null}}},"fnMap":{"0":{"name":"ExpenseDetailPage","decl":{"start":{"line":6,"column":16},"end":{"line":6,"column":36}},"loc":{"start":{"line":6,"column":36},"end":{"line":78,"column":null}},"line":6}},"branchMap":{"0":{"loc":{"start":{"line":7,"column":10},"end":{"line":7,"column":29}},"type":"default-arg","locations":[{"start":{"line":7,"column":22},"end":{"line":7,"column":29}}],"line":7},"1":{"loc":{"start":{"line":11,"column":2},"end":{"line":24,"column":null}},"type":"if","locations":[{"start":{"line":11,"column":2},"end":{"line":24,"column":null}},{"start":{},"end":{}}],"line":11},"2":{"loc":{"start":{"line":78,"column":70},"end":{"line":78,"column":125}},"type":"cond-expr","locations":[{"start":{"line":78,"column":94},"end":{"line":78,"column":110}},{"start":{"line":78,"column":110},"end":{"line":78,"column":125}}],"line":78}},"s":{"0":2,"1":2,"2":2,"3":2,"4":1,"5":1},"f":{"0":2},"b":{"0":[2],"1":[1,1],"2":[1,0]},"meta":{"lastBranch":3,"lastFunction":1,"lastStatement":6,"seen":{"f:6:16:6:36":0,"s:7:22:7:40":0,"b:7:22:7:29":0,"s:8:10:8:42":1,"s:9:18:9:43":2,"b:11:2:24:Infinity:undefined:undefined:undefined:undefined":1,"s:11:2:24:Infinity":3,"s:12:4:24:Infinity":4,"s:28:2:78:Infinity":5,"b:78:94:78:110:78:110:78:125":2}}}
,"E:\\mpp\\spendy-app\\src\\pages\\ExpenseFormPage.tsx": {"path":"E:\\mpp\\spendy-app\\src\\pages\\ExpenseFormPage.tsx","statementMap":{"0":{"start":{"line":17,"column":2},"end":{"line":24,"column":null}},"1":{"start":{"line":28,"column":36},"end":{"line":28,"column":38}},"2":{"start":{"line":30,"column":2},"end":{"line":40,"column":null}},"3":{"start":{"line":31,"column":4},"end":{"line":32,"column":null}},"4":{"start":{"line":32,"column":6},"end":{"line":32,"column":null}},"5":{"start":{"line":35,"column":4},"end":{"line":36,"column":null}},"6":{"start":{"line":36,"column":6},"end":{"line":36,"column":null}},"7":{"start":{"line":39,"column":4},"end":{"line":40,"column":null}},"8":{"start":{"line":40,"column":6},"end":{"line":40,"column":null}},"9":{"start":{"line":44,"column":2},"end":{"line":44,"column":null}},"10":{"start":{"line":48,"column":8},"end":{"line":48,"column":32}},"11":{"start":{"line":49,"column":8},"end":{"line":49,"column":32}},"12":{"start":{"line":50,"column":22},"end":{"line":50,"column":40}},"13":{"start":{"line":51,"column":37},"end":{"line":51,"column":69}},"14":{"start":{"line":52,"column":26},"end":{"line":52,"column":null}},"15":{"start":{"line":54,"column":17},"end":{"line":64,"column":null}},"16":{"start":{"line":55,"column":4},"end":{"line":64,"column":34}},"17":{"start":{"line":66,"column":17},"end":{"line":66,"column":61}},"18":{"start":{"line":68,"column":8},"end":{"line":70,"column":null}},"19":{"start":{"line":69,"column":11},"end":{"line":69,"column":null}},"20":{"start":{"line":73,"column":2},"end":{"line":86,"column":null}},"21":{"start":{"line":74,"column":4},"end":{"line":86,"column":null}},"22":{"start":{"line":90,"column":8},"end":{"line":92,"column":null}},"23":{"start":{"line":91,"column":4},"end":{"line":91,"column":null}},"24":{"start":{"line":91,"column":34},"end":{"line":91,"column":72}},"25":{"start":{"line":92,"column":4},"end":{"line":92,"column":null}},"26":{"start":{"line":92,"column":34},"end":{"line":92,"column":93}},"27":{"start":{"line":95,"column":8},"end":{"line":120,"column":null}},"28":{"start":{"line":96,"column":4},"end":{"line":96,"column":null}},"29":{"start":{"line":97,"column":4},"end":{"line":97,"column":null}},"30":{"start":{"line":99,"column":10},"end":{"line":99,"column":46}},"31":{"start":{"line":100,"column":4},"end":{"line":102,"column":null}},"32":{"start":{"line":101,"column":6},"end":{"line":101,"column":null}},"33":{"start":{"line":102,"column":6},"end":{"line":102,"column":null}},"34":{"start":{"line":105,"column":4},"end":{"line":120,"column":null}},"35":{"start":{"line":106,"column":6},"end":{"line":113,"column":null}},"36":{"start":{"line":107,"column":8},"end":{"line":107,"column":null}},"37":{"start":{"line":109,"column":24},"end":{"line":109,"column":56}},"38":{"start":{"line":111,"column":8},"end":{"line":113,"column":null}},"39":{"start":{"line":112,"column":10},"end":{"line":112,"column":null}},"40":{"start":{"line":113,"column":10},"end":{"line":113,"column":null}},"41":{"start":{"line":117,"column":6},"end":{"line":117,"column":null}},"42":{"start":{"line":119,"column":22},"end":{"line":119,"column":null}},"43":{"start":{"line":120,"column":6},"end":{"line":120,"column":null}},"44":{"start":{"line":124,"column":2},"end":{"line":151,"column":null}},"45":{"start":{"line":150,"column":26},"end":{"line":150,"column":null}}},"fnMap":{"0":{"name":"buildDefaultExpenseInput","decl":{"start":{"line":16,"column":9},"end":{"line":16,"column":50}},"loc":{"start":{"line":16,"column":50},"end":{"line":24,"column":null}},"line":16},"1":{"name":"mapValidationErrors","decl":{"start":{"line":27,"column":9},"end":{"line":27,"column":29}},"loc":{"start":{"line":27,"column":68},"end":{"line":44,"column":null}},"line":27},"2":{"name":"ExpenseFormPage","decl":{"start":{"line":47,"column":16},"end":{"line":47,"column":32}},"loc":{"start":{"line":47,"column":64},"end":{"line":151,"column":null}},"line":47},"3":{"name":"(anonymous_3)","decl":{"start":{"line":54,"column":30},"end":{"line":54,"column":null}},"loc":{"start":{"line":55,"column":4},"end":{"line":64,"column":34}},"line":55},"4":{"name":"(anonymous_4)","decl":{"start":{"line":68,"column":16},"end":{"line":68,"column":null}},"loc":{"start":{"line":69,"column":11},"end":{"line":69,"column":null}},"line":69},"5":{"name":"(anonymous_5)","decl":{"start":{"line":90,"column":8},"end":{"line":90,"column":54}},"loc":{"start":{"line":90,"column":91},"end":{"line":92,"column":null}},"line":90},"6":{"name":"(anonymous_6)","decl":{"start":{"line":91,"column":4},"end":{"line":91,"column":15}},"loc":{"start":{"line":91,"column":34},"end":{"line":91,"column":72}},"line":91},"7":{"name":"(anonymous_7)","decl":{"start":{"line":92,"column":4},"end":{"line":92,"column":15}},"loc":{"start":{"line":92,"column":34},"end":{"line":92,"column":93}},"line":92},"8":{"name":"(anonymous_8)","decl":{"start":{"line":95,"column":8},"end":{"line":95,"column":24}},"loc":{"start":{"line":95,"column":62},"end":{"line":120,"column":null}},"line":95},"9":{"name":"(anonymous_9)","decl":{"start":{"line":150,"column":10},"end":{"line":150,"column":26}},"loc":{"start":{"line":150,"column":26},"end":{"line":150,"column":null}},"line":150}},"branchMap":{"0":{"loc":{"start":{"line":31,"column":4},"end":{"line":32,"column":null}},"type":"if","locations":[{"start":{"line":31,"column":4},"end":{"line":32,"column":null}},{"start":{},"end":{}}],"line":31},"1":{"loc":{"start":{"line":35,"column":4},"end":{"line":36,"column":null}},"type":"if","locations":[{"start":{"line":35,"column":4},"end":{"line":36,"column":null}},{"start":{},"end":{}}],"line":35},"2":{"loc":{"start":{"line":39,"column":4},"end":{"line":40,"column":null}},"type":"if","locations":[{"start":{"line":39,"column":4},"end":{"line":40,"column":null}},{"start":{},"end":{}}],"line":39},"3":{"loc":{"start":{"line":50,"column":10},"end":{"line":50,"column":29}},"type":"default-arg","locations":[{"start":{"line":50,"column":22},"end":{"line":50,"column":29}}],"line":50},"4":{"loc":{"start":{"line":52,"column":26},"end":{"line":52,"column":null}},"type":"cond-expr","locations":[{"start":{"line":52,"column":44},"end":{"line":52,"column":69}},{"start":{"line":52,"column":72},"end":{"line":52,"column":null}}],"line":52},"5":{"loc":{"start":{"line":55,"column":4},"end":{"line":64,"column":34}},"type":"cond-expr","locations":[{"start":{"line":56,"column":8},"end":{"line":63,"column":null}},{"start":{"line":64,"column":8},"end":{"line":64,"column":34}}],"line":55},"6":{"loc":{"start":{"line":62,"column":17},"end":{"line":62,"column":null}},"type":"binary-expr","locations":[{"start":{"line":62,"column":17},"end":{"line":62,"column":42}},{"start":{"line":62,"column":42},"end":{"line":62,"column":null}}],"line":62},"7":{"loc":{"start":{"line":69,"column":11},"end":{"line":69,"column":null}},"type":"cond-expr","locations":[{"start":{"line":69,"column":31},"end":{"line":69,"column":51}},{"start":{"line":69,"column":51},"end":{"line":69,"column":null}}],"line":69},"8":{"loc":{"start":{"line":73,"column":2},"end":{"line":86,"column":null}},"type":"if","locations":[{"start":{"line":73,"column":2},"end":{"line":86,"column":null}},{"start":{},"end":{}}],"line":73},"9":{"loc":{"start":{"line":73,"column":6},"end":{"line":73,"column":43}},"type":"binary-expr","locations":[{"start":{"line":73,"column":6},"end":{"line":73,"column":25}},{"start":{"line":73,"column":25},"end":{"line":73,"column":43}}],"line":73},"10":{"loc":{"start":{"line":100,"column":4},"end":{"line":102,"column":null}},"type":"if","locations":[{"start":{"line":100,"column":4},"end":{"line":102,"column":null}},{"start":{},"end":{}}],"line":100},"11":{"loc":{"start":{"line":106,"column":6},"end":{"line":113,"column":null}},"type":"if","locations":[{"start":{"line":106,"column":6},"end":{"line":113,"column":null}},{"start":{"line":108,"column":13},"end":{"line":113,"column":null}}],"line":106},"12":{"loc":{"start":{"line":111,"column":8},"end":{"line":113,"column":null}},"type":"if","locations":[{"start":{"line":111,"column":8},"end":{"line":113,"column":null}},{"start":{},"end":{}}],"line":111},"13":{"loc":{"start":{"line":119,"column":22},"end":{"line":119,"column":null}},"type":"cond-expr","locations":[{"start":{"line":119,"column":47},"end":{"line":119,"column":63}},{"start":{"line":119,"column":63},"end":{"line":119,"column":null}}],"line":119}},"s":{"0":1,"1":2,"2":2,"3":5,"4":2,"5":5,"6":2,"7":5,"8":1,"9":2,"10":11,"11":11,"12":11,"13":11,"14":11,"15":11,"16":3,"17":11,"18":11,"19":3,"20":11,"21":0,"22":11,"23":5,"24":5,"25":5,"26":5,"27":11,"28":3,"29":3,"30":3,"31":3,"32":2,"33":2,"34":1,"35":1,"36":0,"37":1,"38":1,"39":0,"40":0,"41":1,"42":0,"43":0,"44":11,"45":0},"f":{"0":1,"1":2,"2":11,"3":3,"4":3,"5":5,"6":5,"7":5,"8":3,"9":0},"b":{"0":[2,3],"1":[2,3],"2":[1,4],"3":[11],"4":[9,2],"5":[2,1],"6":[2,0],"7":[1,2],"8":[0,11],"9":[11,9],"10":[2,1],"11":[0,1],"12":[0,1],"13":[0,0]},"meta":{"lastBranch":14,"lastFunction":10,"lastStatement":46,"seen":{"f:16:9:16:50":0,"s:17:2:24:Infinity":0,"f:27:9:27:29":1,"s:28:36:28:38":1,"s:30:2:40:Infinity":2,"b:31:4:32:Infinity:undefined:undefined:undefined:undefined":0,"s:31:4:32:Infinity":3,"s:32:6:32:Infinity":4,"b:35:4:36:Infinity:undefined:undefined:undefined:undefined":1,"s:35:4:36:Infinity":5,"s:36:6:36:Infinity":6,"b:39:4:40:Infinity:undefined:undefined:undefined:undefined":2,"s:39:4:40:Infinity":7,"s:40:6:40:Infinity":8,"s:44:2:44:Infinity":9,"f:47:16:47:32":2,"s:48:8:48:32":10,"s:49:8:49:32":11,"s:50:22:50:40":12,"b:50:22:50:29":3,"s:51:37:51:69":13,"s:52:26:52:Infinity":14,"b:52:44:52:69:52:72:52:Infinity":4,"s:54:17:64:Infinity":15,"f:54:30:54:Infinity":3,"s:55:4:64:34":16,"b:56:8:63:Infinity:64:8:64:34":5,"b:62:17:62:42:62:42:62:Infinity":6,"s:66:17:66:61":17,"s:68:8:70:Infinity":18,"f:68:16:68:Infinity":4,"s:69:11:69:Infinity":19,"b:69:31:69:51:69:51:69:Infinity":7,"b:73:2:86:Infinity:undefined:undefined:undefined:undefined":8,"s:73:2:86:Infinity":20,"b:73:6:73:25:73:25:73:43":9,"s:74:4:86:Infinity":21,"s:90:8:92:Infinity":22,"f:90:8:90:54":5,"s:91:4:91:Infinity":23,"f:91:4:91:15":6,"s:91:34:91:72":24,"s:92:4:92:Infinity":25,"f:92:4:92:15":7,"s:92:34:92:93":26,"s:95:8:120:Infinity":27,"f:95:8:95:24":8,"s:96:4:96:Infinity":28,"s:97:4:97:Infinity":29,"s:99:10:99:46":30,"b:100:4:102:Infinity:undefined:undefined:undefined:undefined":10,"s:100:4:102:Infinity":31,"s:101:6:101:Infinity":32,"s:102:6:102:Infinity":33,"s:105:4:120:Infinity":34,"b:106:6:113:Infinity:108:13:113:Infinity":11,"s:106:6:113:Infinity":35,"s:107:8:107:Infinity":36,"s:109:24:109:56":37,"b:111:8:113:Infinity:undefined:undefined:undefined:undefined":12,"s:111:8:113:Infinity":38,"s:112:10:112:Infinity":39,"s:113:10:113:Infinity":40,"s:117:6:117:Infinity":41,"s:119:22:119:Infinity":42,"b:119:47:119:63:119:63:119:Infinity":13,"s:120:6:120:Infinity":43,"s:124:2:151:Infinity":44,"f:150:10:150:26":9,"s:150:26:150:Infinity":45}}}
,"E:\\mpp\\spendy-app\\src\\pages\\LandingPage.tsx": {"path":"E:\\mpp\\spendy-app\\src\\pages\\LandingPage.tsx","statementMap":{"0":{"start":{"line":5,"column":2},"end":{"line":111,"column":null}}},"fnMap":{"0":{"name":"LandingPage","decl":{"start":{"line":4,"column":16},"end":{"line":4,"column":30}},"loc":{"start":{"line":4,"column":30},"end":{"line":111,"column":null}},"line":4}},"branchMap":{},"s":{"0":3},"f":{"0":3},"b":{},"meta":{"lastBranch":0,"lastFunction":1,"lastStatement":1,"seen":{"f:4:16:4:30":0,"s:5:2:111:Infinity":0}}}
,"E:\\mpp\\spendy-app\\src\\pages\\Login.tsx": {"path":"E:\\mpp\\spendy-app\\src\\pages\\Login.tsx","statementMap":{"0":{"start":{"line":6,"column":8},"end":{"line":6,"column":32}},"1":{"start":{"line":8,"column":8},"end":{"line":10,"column":null}},"2":{"start":{"line":9,"column":4},"end":{"line":9,"column":null}},"3":{"start":{"line":10,"column":4},"end":{"line":10,"column":null}},"4":{"start":{"line":13,"column":2},"end":{"line":81,"column":null}},"5":{"start":{"line":22,"column":25},"end":{"line":22,"column":38}}},"fnMap":{"0":{"name":"Login","decl":{"start":{"line":5,"column":16},"end":{"line":5,"column":24}},"loc":{"start":{"line":5,"column":24},"end":{"line":81,"column":null}},"line":5},"1":{"name":"(anonymous_1)","decl":{"start":{"line":8,"column":8},"end":{"line":8,"column":24}},"loc":{"start":{"line":8,"column":62},"end":{"line":10,"column":null}},"line":8},"2":{"name":"(anonymous_2)","decl":{"start":{"line":22,"column":10},"end":{"line":22,"column":25}},"loc":{"start":{"line":22,"column":25},"end":{"line":22,"column":38}},"line":22}},"branchMap":{},"s":{"0":3,"1":3,"2":1,"3":1,"4":3,"5":1},"f":{"0":3,"1":1,"2":1},"b":{},"meta":{"lastBranch":0,"lastFunction":3,"lastStatement":6,"seen":{"f:5:16:5:24":0,"s:6:8:6:32":0,"s:8:8:10:Infinity":1,"f:8:8:8:24":1,"s:9:4:9:Infinity":2,"s:10:4:10:Infinity":3,"s:13:2:81:Infinity":4,"f:22:10:22:25":2,"s:22:25:22:38":5}}}
,"E:\\mpp\\spendy-app\\src\\pages\\Register.tsx": {"path":"E:\\mpp\\spendy-app\\src\\pages\\Register.tsx","statementMap":{"0":{"start":{"line":6,"column":8},"end":{"line":6,"column":32}},"1":{"start":{"line":8,"column":8},"end":{"line":10,"column":null}},"2":{"start":{"line":9,"column":4},"end":{"line":9,"column":null}},"3":{"start":{"line":10,"column":4},"end":{"line":10,"column":null}},"4":{"start":{"line":13,"column":2},"end":{"line":113,"column":null}},"5":{"start":{"line":22,"column":25},"end":{"line":22,"column":38}}},"fnMap":{"0":{"name":"Register","decl":{"start":{"line":5,"column":16},"end":{"line":5,"column":27}},"loc":{"start":{"line":5,"column":27},"end":{"line":113,"column":null}},"line":5},"1":{"name":"(anonymous_1)","decl":{"start":{"line":8,"column":8},"end":{"line":8,"column":24}},"loc":{"start":{"line":8,"column":62},"end":{"line":10,"column":null}},"line":8},"2":{"name":"(anonymous_2)","decl":{"start":{"line":22,"column":10},"end":{"line":22,"column":25}},"loc":{"start":{"line":22,"column":25},"end":{"line":22,"column":38}},"line":22}},"branchMap":{},"s":{"0":3,"1":3,"2":1,"3":1,"4":3,"5":1},"f":{"0":3,"1":1,"2":1},"b":{},"meta":{"lastBranch":0,"lastFunction":3,"lastStatement":6,"seen":{"f:5:16:5:27":0,"s:6:8:6:32":0,"s:8:8:10:Infinity":1,"f:8:8:8:24":1,"s:9:4:9:Infinity":2,"s:10:4:10:Infinity":3,"s:13:2:113:Infinity":4,"f:22:10:22:25":2,"s:22:25:22:38":5}}}
,"E:\\mpp\\spendy-app\\src\\pages\\Statistics.tsx": {"path":"E:\\mpp\\spendy-app\\src\\pages\\Statistics.tsx","statementMap":{"0":{"start":{"line":19,"column":21},"end":{"line":19,"column":null}},"1":{"start":{"line":22,"column":2},"end":{"line":22,"column":null}},"2":{"start":{"line":26,"column":8},"end":{"line":26,"column":32}},"3":{"start":{"line":27,"column":10},"end":{"line":27,"column":36}},"4":{"start":{"line":29,"column":8},"end":{"line":76,"column":16}},"5":{"start":{"line":30,"column":18},"end":{"line":30,"column":76}},"6":{"start":{"line":30,"column":52},"end":{"line":30,"column":74}},"7":{"start":{"line":31,"column":20},"end":{"line":31,"column":null}},"8":{"start":{"line":33,"column":27},"end":{"line":42,"column":null}},"9":{"start":{"line":34,"column":26},"end":{"line":36,"column":58}},"10":{"start":{"line":35,"column":29},"end":{"line":35,"column":59}},"11":{"start":{"line":36,"column":34},"end":{"line":36,"column":56}},"12":{"start":{"line":38,"column":6},"end":{"line":41,"column":null}},"13":{"start":{"line":44,"column":32},"end":{"line":53,"column":null}},"14":{"start":{"line":45,"column":26},"end":{"line":47,"column":58}},"15":{"start":{"line":46,"column":29},"end":{"line":46,"column":69}},"16":{"start":{"line":47,"column":34},"end":{"line":47,"column":56}},"17":{"start":{"line":49,"column":6},"end":{"line":52,"column":null}},"18":{"start":{"line":55,"column":29},"end":{"line":57,"column":66}},"19":{"start":{"line":56,"column":25},"end":{"line":56,"column":47}},"20":{"start":{"line":57,"column":29},"end":{"line":57,"column":66}},"21":{"start":{"line":59,"column":24},"end":{"line":59,"column":null}},"22":{"start":{"line":61,"column":20},"end":{"line":66,"column":9}},"23":{"start":{"line":62,"column":25},"end":{"line":62,"column":47}},"24":{"start":{"line":63,"column":23},"end":{"line":66,"column":9}},"25":{"start":{"line":68,"column":4},"end":{"line":75,"column":null}},"26":{"start":{"line":78,"column":2},"end":{"line":191,"column":null}},"27":{"start":{"line":89,"column":27},"end":{"line":89,"column":49}},"28":{"start":{"line":132,"column":24},"end":{"line":132,"column":null}},"29":{"start":{"line":136,"column":24},"end":{"line":136,"column":null}},"30":{"start":{"line":139,"column":51},"end":{"line":139,"column":85}},"31":{"start":{"line":153,"column":49},"end":{"line":153,"column":83}},"32":{"start":{"line":182,"column":20},"end":{"line":186,"column":null}}},"fnMap":{"0":{"name":"formatCurrency","decl":{"start":{"line":21,"column":9},"end":{"line":21,"column":24}},"loc":{"start":{"line":21,"column":47},"end":{"line":22,"column":null}},"line":21},"1":{"name":"Statistics","decl":{"start":{"line":25,"column":16},"end":{"line":25,"column":29}},"loc":{"start":{"line":25,"column":29},"end":{"line":191,"column":null}},"line":25},"2":{"name":"(anonymous_2)","decl":{"start":{"line":29,"column":19},"end":{"line":29,"column":33}},"loc":{"start":{"line":29,"column":33},"end":{"line":76,"column":6}},"line":29},"3":{"name":"(anonymous_3)","decl":{"start":{"line":30,"column":27},"end":{"line":30,"column":35}},"loc":{"start":{"line":30,"column":52},"end":{"line":30,"column":74}},"line":30},"4":{"name":"(anonymous_4)","decl":{"start":{"line":33,"column":46},"end":{"line":33,"column":51}},"loc":{"start":{"line":33,"column":64},"end":{"line":42,"column":null}},"line":33},"5":{"name":"(anonymous_5)","decl":{"start":{"line":35,"column":9},"end":{"line":35,"column":17}},"loc":{"start":{"line":35,"column":29},"end":{"line":35,"column":59}},"line":35},"6":{"name":"(anonymous_6)","decl":{"start":{"line":36,"column":9},"end":{"line":36,"column":17}},"loc":{"start":{"line":36,"column":34},"end":{"line":36,"column":56}},"line":36},"7":{"name":"(anonymous_7)","decl":{"start":{"line":44,"column":48},"end":{"line":44,"column":53}},"loc":{"start":{"line":44,"column":71},"end":{"line":53,"column":null}},"line":44},"8":{"name":"(anonymous_8)","decl":{"start":{"line":46,"column":9},"end":{"line":46,"column":17}},"loc":{"start":{"line":46,"column":29},"end":{"line":46,"column":69}},"line":46},"9":{"name":"(anonymous_9)","decl":{"start":{"line":47,"column":9},"end":{"line":47,"column":17}},"loc":{"start":{"line":47,"column":34},"end":{"line":47,"column":56}},"line":47},"10":{"name":"(anonymous_10)","decl":{"start":{"line":56,"column":7},"end":{"line":56,"column":15}},"loc":{"start":{"line":56,"column":25},"end":{"line":56,"column":47}},"line":56},"11":{"name":"(anonymous_11)","decl":{"start":{"line":57,"column":7},"end":{"line":57,"column":13}},"loc":{"start":{"line":57,"column":29},"end":{"line":57,"column":66}},"line":57},"12":{"name":"(anonymous_12)","decl":{"start":{"line":62,"column":7},"end":{"line":62,"column":15}},"loc":{"start":{"line":62,"column":25},"end":{"line":62,"column":47}},"line":62},"13":{"name":"(anonymous_13)","decl":{"start":{"line":63,"column":7},"end":{"line":63,"column":12}},"loc":{"start":{"line":63,"column":23},"end":{"line":66,"column":9}},"line":63},"14":{"name":"(anonymous_14)","decl":{"start":{"line":89,"column":12},"end":{"line":89,"column":27}},"loc":{"start":{"line":89,"column":27},"end":{"line":89,"column":49}},"line":89},"15":{"name":"(anonymous_15)","decl":{"start":{"line":131,"column":22},"end":{"line":131,"column":30}},"loc":{"start":{"line":132,"column":24},"end":{"line":132,"column":null}},"line":132},"16":{"name":"(anonymous_16)","decl":{"start":{"line":135,"column":40},"end":{"line":135,"column":45}},"loc":{"start":{"line":136,"column":24},"end":{"line":136,"column":null}},"line":136},"17":{"name":"(anonymous_17)","decl":{"start":{"line":139,"column":29},"end":{"line":139,"column":41}},"loc":{"start":{"line":139,"column":51},"end":{"line":139,"column":85}},"line":139},"18":{"name":"(anonymous_18)","decl":{"start":{"line":153,"column":27},"end":{"line":153,"column":39}},"loc":{"start":{"line":153,"column":49},"end":{"line":153,"column":83}},"line":153},"19":{"name":"(anonymous_19)","decl":{"start":{"line":181,"column":44},"end":{"line":181,"column":49}},"loc":{"start":{"line":182,"column":20},"end":{"line":186,"column":null}},"line":182}},"branchMap":{"0":{"loc":{"start":{"line":31,"column":20},"end":{"line":31,"column":null}},"type":"cond-expr","locations":[{"start":{"line":31,"column":42},"end":{"line":31,"column":68}},{"start":{"line":31,"column":68},"end":{"line":31,"column":null}}],"line":31},"1":{"loc":{"start":{"line":59,"column":24},"end":{"line":59,"column":null}},"type":"binary-expr","locations":[{"start":{"line":59,"column":24},"end":{"line":59,"column":57}},{"start":{"line":59,"column":57},"end":{"line":59,"column":null}}],"line":59},"2":{"loc":{"start":{"line":121,"column":15},"end":{"line":141,"column":null}},"type":"cond-expr","locations":[{"start":{"line":122,"column":16},"end":{"line":124,"column":17}},{"start":{"line":124,"column":16},"end":{"line":141,"column":null}}],"line":121},"3":{"loc":{"start":{"line":132,"column":37},"end":{"line":132,"column":53}},"type":"binary-expr","locations":[{"start":{"line":132,"column":37},"end":{"line":132,"column":48}},{"start":{"line":132,"column":48},"end":{"line":132,"column":53}}],"line":132},"4":{"loc":{"start":{"line":139,"column":73},"end":{"line":139,"column":84}},"type":"binary-expr","locations":[{"start":{"line":139,"column":73},"end":{"line":139,"column":82}},{"start":{"line":139,"column":82},"end":{"line":139,"column":84}}],"line":139},"5":{"loc":{"start":{"line":153,"column":71},"end":{"line":153,"column":82}},"type":"binary-expr","locations":[{"start":{"line":153,"column":71},"end":{"line":153,"column":80}},{"start":{"line":153,"column":80},"end":{"line":153,"column":82}}],"line":153},"6":{"loc":{"start":{"line":174,"column":17},"end":{"line":186,"column":null}},"type":"cond-expr","locations":[{"start":{"line":175,"column":18},"end":{"line":181,"column":27}},{"start":{"line":181,"column":18},"end":{"line":186,"column":null}}],"line":174}},"s":{"0":2,"1":8,"2":3,"3":3,"4":3,"5":3,"6":2,"7":3,"8":3,"9":15,"10":10,"11":2,"12":15,"13":3,"14":15,"15":10,"16":2,"17":15,"18":3,"19":15,"20":1,"21":3,"22":3,"23":15,"24":2,"25":3,"26":3,"27":1,"28":0,"29":2,"30":0,"31":0,"32":2},"f":{"0":8,"1":3,"2":3,"3":2,"4":15,"5":10,"6":2,"7":15,"8":10,"9":2,"10":15,"11":1,"12":15,"13":2,"14":1,"15":0,"16":2,"17":0,"18":0,"19":2},"b":{"0":[1,2],"1":[3,2],"2":[2,1],"3":[0,0],"4":[0,0],"5":[0,0],"6":[2,1]},"meta":{"lastBranch":7,"lastFunction":20,"lastStatement":33,"seen":{"s:19:21:19:Infinity":0,"f:21:9:21:24":0,"s:22:2:22:Infinity":1,"f:25:16:25:29":1,"s:26:8:26:32":2,"s:27:10:27:36":3,"s:29:8:76:16":4,"f:29:19:29:33":2,"s:30:18:30:76":5,"f:30:27:30:35":3,"s:30:52:30:74":6,"s:31:20:31:Infinity":7,"b:31:42:31:68:31:68:31:Infinity":0,"s:33:27:42:Infinity":8,"f:33:46:33:51":4,"s:34:26:36:58":9,"f:35:9:35:17":5,"s:35:29:35:59":10,"f:36:9:36:17":6,"s:36:34:36:56":11,"s:38:6:41:Infinity":12,"s:44:32:53:Infinity":13,"f:44:48:44:53":7,"s:45:26:47:58":14,"f:46:9:46:17":8,"s:46:29:46:69":15,"f:47:9:47:17":9,"s:47:34:47:56":16,"s:49:6:52:Infinity":17,"s:55:29:57:66":18,"f:56:7:56:15":10,"s:56:25:56:47":19,"f:57:7:57:13":11,"s:57:29:57:66":20,"s:59:24:59:Infinity":21,"b:59:24:59:57:59:57:59:Infinity":1,"s:61:20:66:9":22,"f:62:7:62:15":12,"s:62:25:62:47":23,"f:63:7:63:12":13,"s:63:23:66:9":24,"s:68:4:75:Infinity":25,"s:78:2:191:Infinity":26,"f:89:12:89:27":14,"s:89:27:89:49":27,"b:122:16:124:17:124:16:141:Infinity":2,"f:131:22:131:30":15,"s:132:24:132:Infinity":28,"b:132:37:132:48:132:48:132:53":3,"f:135:40:135:45":16,"s:136:24:136:Infinity":29,"f:139:29:139:41":17,"s:139:51:139:85":30,"b:139:73:139:82:139:82:139:84":4,"f:153:27:153:39":18,"s:153:49:153:83":31,"b:153:71:153:80:153:80:153:82":5,"b:175:18:181:27:181:18:186:Infinity":6,"f:181:44:181:49":19,"s:182:20:186:Infinity":32}}}
}
